[INFO ] 2019-10-22 12:24:13.421 [http-nio-8090-exec-3] AdminController - Inside admin/index
[INFO ] 2019-10-22 12:24:21.569 [http-nio-8090-exec-4] MainController - Inside index
[INFO ] 2019-10-22 12:24:35.291 [http-nio-8090-exec-3] MainController - Inside Faculty
[INFO ] 2019-10-22 12:24:39.464 [http-nio-8090-exec-10] MainController - Inside admin/StudentTableList
[INFO ] 2019-10-22 12:24:39.470 [http-nio-8090-exec-10] AdminServiceImpl - Inside getStudentDetails: 
[DEBUG] 2019-10-22 12:24:40.962 [http-nio-8090-exec-10] MainController - Inside admin/StudentTableList: {"iTotalRecords":5,"aaData":[{"gender":"M","dob":1997-12-05,"name":"test","mobile":"1236547890","id":29,"email":"test@gmail.com"},{"gender":"M","dob":1997-12-05,"name":"test","mobile":"1236547890","id":29,"email":"test@gmail.com"},{"gender":"M","dob":1997-11-11,"name":"Sreejith","mobile":"7896541320","id":25,"email":"sree@gamil.com"},{"gender":"M","dob":1996-11-11,"name":"Arun Kumar","mobile":"1478523690","id":26,"email":"adarsh@gmail.com"},{"gender":"M","dob":1997-12-12,"name":"Harichand","mobile":"123654789","id":27,"email":"harichand12cec@gmail.com"}],"iTotalDisplayRecords":5}
[INFO ] 2019-10-22 12:24:58.306 [http-nio-8090-exec-2] MainController - Inside admin/StudentTableList
[INFO ] 2019-10-22 12:24:58.328 [http-nio-8090-exec-2] AdminServiceImpl - Inside getStudentDetails: 
[DEBUG] 2019-10-22 12:24:58.367 [http-nio-8090-exec-2] MainController - Inside admin/StudentTableList: {"iTotalRecords":5,"aaData":[{"gender":"M","dob":1997-12-05,"name":"test","mobile":"1236547890","id":29,"email":"test@gmail.com"},{"gender":"M","dob":1997-12-05,"name":"test","mobile":"1236547890","id":29,"email":"test@gmail.com"},{"gender":"M","dob":1997-11-11,"name":"Sreejith","mobile":"7896541320","id":25,"email":"sree@gamil.com"},{"gender":"M","dob":1996-11-11,"name":"Arun Kumar","mobile":"1478523690","id":26,"email":"adarsh@gmail.com"},{"gender":"M","dob":1997-12-12,"name":"Harichand","mobile":"123654789","id":27,"email":"harichand12cec@gmail.com"}],"iTotalDisplayRecords":5}
[INFO ] 2019-10-22 12:24:59.364 [http-nio-8090-exec-3] MainController - Inside admin/StudentTableList
[INFO ] 2019-10-22 12:24:59.366 [http-nio-8090-exec-3] AdminServiceImpl - Inside getStudentDetails: 
[DEBUG] 2019-10-22 12:24:59.406 [http-nio-8090-exec-3] MainController - Inside admin/StudentTableList: {"iTotalRecords":5,"aaData":[{"gender":"M","dob":1997-12-05,"name":"test","mobile":"1236547890","id":29,"email":"test@gmail.com"},{"gender":"M","dob":1997-12-05,"name":"test","mobile":"1236547890","id":29,"email":"test@gmail.com"},{"gender":"M","dob":1997-11-11,"name":"Sreejith","mobile":"7896541320","id":25,"email":"sree@gamil.com"},{"gender":"M","dob":1996-11-11,"name":"Arun Kumar","mobile":"1478523690","id":26,"email":"adarsh@gmail.com"},{"gender":"M","dob":1997-12-12,"name":"Harichand","mobile":"123654789","id":27,"email":"harichand12cec@gmail.com"}],"iTotalDisplayRecords":5}
[INFO ] 2019-10-22 12:25:00.232 [http-nio-8090-exec-7] MainController - Inside admin/StudentTableList
[INFO ] 2019-10-22 12:25:00.235 [http-nio-8090-exec-7] AdminServiceImpl - Inside getStudentDetails: 
[DEBUG] 2019-10-22 12:25:00.283 [http-nio-8090-exec-7] MainController - Inside admin/StudentTableList: {"iTotalRecords":5,"aaData":[{"gender":"M","dob":1997-12-05,"name":"test","mobile":"1236547890","id":29,"email":"test@gmail.com"},{"gender":"M","dob":1997-12-05,"name":"test","mobile":"1236547890","id":29,"email":"test@gmail.com"},{"gender":"M","dob":1997-11-11,"name":"Sreejith","mobile":"7896541320","id":25,"email":"sree@gamil.com"},{"gender":"M","dob":1996-11-11,"name":"Arun Kumar","mobile":"1478523690","id":26,"email":"adarsh@gmail.com"},{"gender":"M","dob":1997-12-12,"name":"Harichand","mobile":"123654789","id":27,"email":"harichand12cec@gmail.com"}],"iTotalDisplayRecords":5}
[INFO ] 2019-10-22 12:25:01.141 [http-nio-8090-exec-4] MainController - Inside admin/StudentTableList
[INFO ] 2019-10-22 12:25:01.143 [http-nio-8090-exec-4] AdminServiceImpl - Inside getStudentDetails: 
[DEBUG] 2019-10-22 12:25:01.171 [http-nio-8090-exec-4] MainController - Inside admin/StudentTableList: {"iTotalRecords":5,"aaData":[{"gender":"M","dob":1997-12-05,"name":"test","mobile":"1236547890","id":29,"email":"test@gmail.com"},{"gender":"M","dob":1997-12-05,"name":"test","mobile":"1236547890","id":29,"email":"test@gmail.com"},{"gender":"M","dob":1997-11-11,"name":"Sreejith","mobile":"7896541320","id":25,"email":"sree@gamil.com"},{"gender":"M","dob":1996-11-11,"name":"Arun Kumar","mobile":"1478523690","id":26,"email":"adarsh@gmail.com"},{"gender":"M","dob":1997-12-12,"name":"Harichand","mobile":"123654789","id":27,"email":"harichand12cec@gmail.com"}],"iTotalDisplayRecords":5}
[INFO ] 2019-10-22 12:25:02.141 [http-nio-8090-exec-6] MainController - Inside admin/StudentTableList
[INFO ] 2019-10-22 12:25:02.145 [http-nio-8090-exec-6] AdminServiceImpl - Inside getStudentDetails: 
[DEBUG] 2019-10-22 12:25:02.181 [http-nio-8090-exec-6] MainController - Inside admin/StudentTableList: {"iTotalRecords":5,"aaData":[{"gender":"M","dob":1997-12-05,"name":"test","mobile":"1236547890","id":29,"email":"test@gmail.com"},{"gender":"M","dob":1997-12-05,"name":"test","mobile":"1236547890","id":29,"email":"test@gmail.com"},{"gender":"M","dob":1997-11-11,"name":"Sreejith","mobile":"7896541320","id":25,"email":"sree@gamil.com"},{"gender":"M","dob":1996-11-11,"name":"Arun Kumar","mobile":"1478523690","id":26,"email":"adarsh@gmail.com"},{"gender":"M","dob":1997-12-12,"name":"Harichand","mobile":"123654789","id":27,"email":"harichand12cec@gmail.com"}],"iTotalDisplayRecords":5}
[INFO ] 2019-10-22 12:26:14.521 [http-nio-8090-exec-8] MainController - Inside Faculty
[INFO ] 2019-10-22 12:26:15.359 [http-nio-8090-exec-1] MainController - Inside admin/StudentTableList
[INFO ] 2019-10-22 12:26:15.362 [http-nio-8090-exec-1] AdminServiceImpl - Inside getStudentDetails: 
[DEBUG] 2019-10-22 12:26:15.444 [http-nio-8090-exec-1] MainController - Inside admin/StudentTableList: {"iTotalRecords":5,"aaData":[{"gender":"M","dob":1997-12-05,"name":"test","mobile":"1236547890","id":29,"email":"test@gmail.com"},{"gender":"M","dob":1997-12-05,"name":"test","mobile":"1236547890","id":29,"email":"test@gmail.com"},{"gender":"M","dob":1997-11-11,"name":"Sreejith","mobile":"7896541320","id":25,"email":"sree@gamil.com"},{"gender":"M","dob":1996-11-11,"name":"Arun Kumar","mobile":"1478523690","id":26,"email":"adarsh@gmail.com"},{"gender":"M","dob":1997-12-12,"name":"Harichand","mobile":"123654789","id":27,"email":"harichand12cec@gmail.com"}],"iTotalDisplayRecords":5}
[INFO ] 2019-10-22 12:26:17.056 [http-nio-8090-exec-10] MainController - Inside admin/StudentTableList
[INFO ] 2019-10-22 12:26:17.057 [http-nio-8090-exec-10] AdminServiceImpl - Inside getStudentDetails: 
[DEBUG] 2019-10-22 12:26:17.123 [http-nio-8090-exec-10] MainController - Inside admin/StudentTableList: {"iTotalRecords":5,"aaData":[{"gender":"M","dob":1997-12-05,"name":"test","mobile":"1236547890","id":29,"email":"test@gmail.com"},{"gender":"M","dob":1997-12-05,"name":"test","mobile":"1236547890","id":29,"email":"test@gmail.com"},{"gender":"M","dob":1997-11-11,"name":"Sreejith","mobile":"7896541320","id":25,"email":"sree@gamil.com"},{"gender":"M","dob":1996-11-11,"name":"Arun Kumar","mobile":"1478523690","id":26,"email":"adarsh@gmail.com"},{"gender":"M","dob":1997-12-12,"name":"Harichand","mobile":"123654789","id":27,"email":"harichand12cec@gmail.com"}],"iTotalDisplayRecords":5}
[INFO ] 2019-10-22 12:26:18.205 [http-nio-8090-exec-2] MainController - Inside admin/StudentTableList
[INFO ] 2019-10-22 12:26:18.206 [http-nio-8090-exec-2] AdminServiceImpl - Inside getStudentDetails: 
[DEBUG] 2019-10-22 12:26:18.246 [http-nio-8090-exec-2] MainController - Inside admin/StudentTableList: {"iTotalRecords":5,"aaData":[{"gender":"M","dob":1997-12-05,"name":"test","mobile":"1236547890","id":29,"email":"test@gmail.com"},{"gender":"M","dob":1997-12-05,"name":"test","mobile":"1236547890","id":29,"email":"test@gmail.com"},{"gender":"M","dob":1997-11-11,"name":"Sreejith","mobile":"7896541320","id":25,"email":"sree@gamil.com"},{"gender":"M","dob":1996-11-11,"name":"Arun Kumar","mobile":"1478523690","id":26,"email":"adarsh@gmail.com"},{"gender":"M","dob":1997-12-12,"name":"Harichand","mobile":"123654789","id":27,"email":"harichand12cec@gmail.com"}],"iTotalDisplayRecords":5}
[INFO ] 2019-10-22 12:26:20.753 [http-nio-8090-exec-3] MainController - Inside admin/StudentTableList
[INFO ] 2019-10-22 12:26:20.754 [http-nio-8090-exec-3] AdminServiceImpl - Inside getStudentDetails: 
[DEBUG] 2019-10-22 12:26:20.797 [http-nio-8090-exec-3] MainController - Inside admin/StudentTableList: {"iTotalRecords":5,"aaData":[{"gender":"M","dob":1997-12-05,"name":"test","mobile":"1236547890","id":29,"email":"test@gmail.com"},{"gender":"M","dob":1997-12-05,"name":"test","mobile":"1236547890","id":29,"email":"test@gmail.com"},{"gender":"M","dob":1997-11-11,"name":"Sreejith","mobile":"7896541320","id":25,"email":"sree@gamil.com"},{"gender":"M","dob":1996-11-11,"name":"Arun Kumar","mobile":"1478523690","id":26,"email":"adarsh@gmail.com"},{"gender":"M","dob":1997-12-12,"name":"Harichand","mobile":"123654789","id":27,"email":"harichand12cec@gmail.com"}],"iTotalDisplayRecords":5}
[INFO ] 2019-10-22 12:26:21.776 [http-nio-8090-exec-7] MainController - Inside admin/StudentTableList
[INFO ] 2019-10-22 12:26:21.778 [http-nio-8090-exec-7] AdminServiceImpl - Inside getStudentDetails: 
[DEBUG] 2019-10-22 12:26:21.810 [http-nio-8090-exec-7] MainController - Inside admin/StudentTableList: {"iTotalRecords":5,"aaData":[{"gender":"M","dob":1997-12-05,"name":"test","mobile":"1236547890","id":29,"email":"test@gmail.com"},{"gender":"M","dob":1997-12-05,"name":"test","mobile":"1236547890","id":29,"email":"test@gmail.com"},{"gender":"M","dob":1997-11-11,"name":"Sreejith","mobile":"7896541320","id":25,"email":"sree@gamil.com"},{"gender":"M","dob":1996-11-11,"name":"Arun Kumar","mobile":"1478523690","id":26,"email":"adarsh@gmail.com"},{"gender":"M","dob":1997-12-12,"name":"Harichand","mobile":"123654789","id":27,"email":"harichand12cec@gmail.com"}],"iTotalDisplayRecords":5}
[INFO ] 2019-10-22 12:26:22.909 [http-nio-8090-exec-4] MainController - Inside admin/StudentTableList
[INFO ] 2019-10-22 12:26:22.911 [http-nio-8090-exec-4] AdminServiceImpl - Inside getStudentDetails: 
[DEBUG] 2019-10-22 12:26:22.941 [http-nio-8090-exec-4] MainController - Inside admin/StudentTableList: {"iTotalRecords":5,"aaData":[{"gender":"M","dob":1997-12-05,"name":"test","mobile":"1236547890","id":29,"email":"test@gmail.com"},{"gender":"M","dob":1997-12-05,"name":"test","mobile":"1236547890","id":29,"email":"test@gmail.com"},{"gender":"M","dob":1997-11-11,"name":"Sreejith","mobile":"7896541320","id":25,"email":"sree@gamil.com"},{"gender":"M","dob":1996-11-11,"name":"Arun Kumar","mobile":"1478523690","id":26,"email":"adarsh@gmail.com"},{"gender":"M","dob":1997-12-12,"name":"Harichand","mobile":"123654789","id":27,"email":"harichand12cec@gmail.com"}],"iTotalDisplayRecords":5}
[INFO ] 2019-10-22 12:26:24.051 [http-nio-8090-exec-6] MainController - Inside admin/StudentTableList
[INFO ] 2019-10-22 12:26:24.053 [http-nio-8090-exec-6] AdminServiceImpl - Inside getStudentDetails: 
[DEBUG] 2019-10-22 12:26:24.108 [http-nio-8090-exec-6] MainController - Inside admin/StudentTableList: {"iTotalRecords":5,"aaData":[{"gender":"M","dob":1997-12-05,"name":"test","mobile":"1236547890","id":29,"email":"test@gmail.com"},{"gender":"M","dob":1997-12-05,"name":"test","mobile":"1236547890","id":29,"email":"test@gmail.com"},{"gender":"M","dob":1997-11-11,"name":"Sreejith","mobile":"7896541320","id":25,"email":"sree@gamil.com"},{"gender":"M","dob":1996-11-11,"name":"Arun Kumar","mobile":"1478523690","id":26,"email":"adarsh@gmail.com"},{"gender":"M","dob":1997-12-12,"name":"Harichand","mobile":"123654789","id":27,"email":"harichand12cec@gmail.com"}],"iTotalDisplayRecords":5}
[INFO ] 2019-10-22 12:26:25.277 [http-nio-8090-exec-5] MainController - Inside admin/StudentTableList
[INFO ] 2019-10-22 12:26:25.282 [http-nio-8090-exec-5] AdminServiceImpl - Inside getStudentDetails: 
[DEBUG] 2019-10-22 12:26:25.307 [http-nio-8090-exec-5] MainController - Inside admin/StudentTableList: {"iTotalRecords":5,"aaData":[{"gender":"M","dob":1997-12-05,"name":"test","mobile":"1236547890","id":29,"email":"test@gmail.com"},{"gender":"M","dob":1997-12-05,"name":"test","mobile":"1236547890","id":29,"email":"test@gmail.com"},{"gender":"M","dob":1997-11-11,"name":"Sreejith","mobile":"7896541320","id":25,"email":"sree@gamil.com"},{"gender":"M","dob":1996-11-11,"name":"Arun Kumar","mobile":"1478523690","id":26,"email":"adarsh@gmail.com"},{"gender":"M","dob":1997-12-12,"name":"Harichand","mobile":"123654789","id":27,"email":"harichand12cec@gmail.com"}],"iTotalDisplayRecords":5}
[INFO ] 2019-10-22 12:26:28.485 [http-nio-8090-exec-9] MainController - Inside admin/StudentTableList
[INFO ] 2019-10-22 12:26:28.487 [http-nio-8090-exec-9] AdminServiceImpl - Inside getStudentDetails: 
[DEBUG] 2019-10-22 12:26:28.525 [http-nio-8090-exec-9] MainController - Inside admin/StudentTableList: {"iTotalRecords":5,"aaData":[{"gender":"M","dob":1997-12-05,"name":"test","mobile":"1236547890","id":29,"email":"test@gmail.com"},{"gender":"M","dob":1997-12-05,"name":"test","mobile":"1236547890","id":29,"email":"test@gmail.com"},{"gender":"M","dob":1997-11-11,"name":"Sreejith","mobile":"7896541320","id":25,"email":"sree@gamil.com"},{"gender":"M","dob":1996-11-11,"name":"Arun Kumar","mobile":"1478523690","id":26,"email":"adarsh@gmail.com"},{"gender":"M","dob":1997-12-12,"name":"Harichand","mobile":"123654789","id":27,"email":"harichand12cec@gmail.com"}],"iTotalDisplayRecords":5}
[INFO ] 2019-10-22 12:26:29.221 [http-nio-8090-exec-1] MainController - Inside admin/StudentTableList
[INFO ] 2019-10-22 12:26:29.223 [http-nio-8090-exec-1] AdminServiceImpl - Inside getStudentDetails: 
[DEBUG] 2019-10-22 12:26:29.262 [http-nio-8090-exec-1] MainController - Inside admin/StudentTableList: {"iTotalRecords":5,"aaData":[{"gender":"M","dob":1997-12-05,"name":"test","mobile":"1236547890","id":29,"email":"test@gmail.com"},{"gender":"M","dob":1997-12-05,"name":"test","mobile":"1236547890","id":29,"email":"test@gmail.com"},{"gender":"M","dob":1997-11-11,"name":"Sreejith","mobile":"7896541320","id":25,"email":"sree@gamil.com"},{"gender":"M","dob":1996-11-11,"name":"Arun Kumar","mobile":"1478523690","id":26,"email":"adarsh@gmail.com"},{"gender":"M","dob":1997-12-12,"name":"Harichand","mobile":"123654789","id":27,"email":"harichand12cec@gmail.com"}],"iTotalDisplayRecords":5}
[INFO ] 2019-10-22 12:26:29.858 [http-nio-8090-exec-10] MainController - Inside admin/StudentTableList
[INFO ] 2019-10-22 12:26:29.864 [http-nio-8090-exec-10] AdminServiceImpl - Inside getStudentDetails: 
[DEBUG] 2019-10-22 12:26:29.912 [http-nio-8090-exec-10] MainController - Inside admin/StudentTableList: {"iTotalRecords":5,"aaData":[{"gender":"M","dob":1997-12-05,"name":"test","mobile":"1236547890","id":29,"email":"test@gmail.com"},{"gender":"M","dob":1997-12-05,"name":"test","mobile":"1236547890","id":29,"email":"test@gmail.com"},{"gender":"M","dob":1997-11-11,"name":"Sreejith","mobile":"7896541320","id":25,"email":"sree@gamil.com"},{"gender":"M","dob":1996-11-11,"name":"Arun Kumar","mobile":"1478523690","id":26,"email":"adarsh@gmail.com"},{"gender":"M","dob":1997-12-12,"name":"Harichand","mobile":"123654789","id":27,"email":"harichand12cec@gmail.com"}],"iTotalDisplayRecords":5}
[INFO ] 2019-10-22 12:26:30.570 [http-nio-8090-exec-2] MainController - Inside admin/StudentTableList
[INFO ] 2019-10-22 12:26:30.572 [http-nio-8090-exec-2] AdminServiceImpl - Inside getStudentDetails: 
[DEBUG] 2019-10-22 12:26:30.606 [http-nio-8090-exec-2] MainController - Inside admin/StudentTableList: {"iTotalRecords":5,"aaData":[{"gender":"M","dob":1997-12-05,"name":"test","mobile":"1236547890","id":29,"email":"test@gmail.com"},{"gender":"M","dob":1997-12-05,"name":"test","mobile":"1236547890","id":29,"email":"test@gmail.com"},{"gender":"M","dob":1997-11-11,"name":"Sreejith","mobile":"7896541320","id":25,"email":"sree@gamil.com"},{"gender":"M","dob":1996-11-11,"name":"Arun Kumar","mobile":"1478523690","id":26,"email":"adarsh@gmail.com"},{"gender":"M","dob":1997-12-12,"name":"Harichand","mobile":"123654789","id":27,"email":"harichand12cec@gmail.com"}],"iTotalDisplayRecords":5}
[INFO ] 2019-10-22 12:26:33.638 [http-nio-8090-exec-3] MainController - Inside admin/StudentTableList
[INFO ] 2019-10-22 12:26:33.639 [http-nio-8090-exec-3] AdminServiceImpl - Inside getStudentDetails: 
[DEBUG] 2019-10-22 12:26:33.677 [http-nio-8090-exec-3] MainController - Inside admin/StudentTableList: {"iTotalRecords":5,"aaData":[{"gender":"M","dob":1997-12-05,"name":"test","mobile":"1236547890","id":29,"email":"test@gmail.com"},{"gender":"M","dob":1997-12-05,"name":"test","mobile":"1236547890","id":29,"email":"test@gmail.com"},{"gender":"M","dob":1997-11-11,"name":"Sreejith","mobile":"7896541320","id":25,"email":"sree@gamil.com"},{"gender":"M","dob":1996-11-11,"name":"Arun Kumar","mobile":"1478523690","id":26,"email":"adarsh@gmail.com"},{"gender":"M","dob":1997-12-12,"name":"Harichand","mobile":"123654789","id":27,"email":"harichand12cec@gmail.com"}],"iTotalDisplayRecords":5}
[INFO ] 2019-10-22 12:26:35.593 [http-nio-8090-exec-7] MainController - Inside admin/StudentTableList
[INFO ] 2019-10-22 12:26:35.597 [http-nio-8090-exec-7] AdminServiceImpl - Inside getStudentDetails: 
[DEBUG] 2019-10-22 12:26:35.628 [http-nio-8090-exec-7] MainController - Inside admin/StudentTableList: {"iTotalRecords":5,"aaData":[{"gender":"M","dob":1997-12-05,"name":"test","mobile":"1236547890","id":29,"email":"test@gmail.com"},{"gender":"M","dob":1997-12-05,"name":"test","mobile":"1236547890","id":29,"email":"test@gmail.com"},{"gender":"M","dob":1997-11-11,"name":"Sreejith","mobile":"7896541320","id":25,"email":"sree@gamil.com"},{"gender":"M","dob":1996-11-11,"name":"Arun Kumar","mobile":"1478523690","id":26,"email":"adarsh@gmail.com"},{"gender":"M","dob":1997-12-12,"name":"Harichand","mobile":"123654789","id":27,"email":"harichand12cec@gmail.com"}],"iTotalDisplayRecords":5}
[INFO ] 2019-10-22 12:26:37.631 [http-nio-8090-exec-4] MainController - Inside admin/StudentTableList
[INFO ] 2019-10-22 12:26:37.632 [http-nio-8090-exec-4] AdminServiceImpl - Inside getStudentDetails: 
[DEBUG] 2019-10-22 12:26:37.663 [http-nio-8090-exec-4] MainController - Inside admin/StudentTableList: {"iTotalRecords":5,"aaData":[{"gender":"M","dob":1997-12-05,"name":"test","mobile":"1236547890","id":29,"email":"test@gmail.com"},{"gender":"M","dob":1997-12-05,"name":"test","mobile":"1236547890","id":29,"email":"test@gmail.com"},{"gender":"M","dob":1997-11-11,"name":"Sreejith","mobile":"7896541320","id":25,"email":"sree@gamil.com"},{"gender":"M","dob":1996-11-11,"name":"Arun Kumar","mobile":"1478523690","id":26,"email":"adarsh@gmail.com"},{"gender":"M","dob":1997-12-12,"name":"Harichand","mobile":"123654789","id":27,"email":"harichand12cec@gmail.com"}],"iTotalDisplayRecords":5}
[INFO ] 2019-10-22 12:26:57.292 [http-nio-8090-exec-6] MainController - Inside Faculty
[INFO ] 2019-10-22 12:26:57.941 [http-nio-8090-exec-9] MainController - Inside admin/StudentTableList
[INFO ] 2019-10-22 12:27:40.172 [http-nio-8090-exec-1] MainController - Inside Faculty
[INFO ] 2019-10-22 12:27:40.624 [http-nio-8090-exec-3] MainController - Inside admin/StudentTableList
[INFO ] 2019-10-22 12:27:40.625 [http-nio-8090-exec-3] AdminServiceImpl - Inside getStudentDetails: 
[DEBUG] 2019-10-22 12:27:40.693 [http-nio-8090-exec-3] MainController - Inside admin/StudentTableList: {"iTotalRecords":5,"aaData":[{"gender":"M","dob":1997-12-05,"name":"test","mobile":"1236547890","id":29,"email":"test@gmail.com"},{"gender":"M","dob":1997-12-05,"name":"test","mobile":"1236547890","id":29,"email":"test@gmail.com"},{"gender":"M","dob":1997-11-11,"name":"Sreejith","mobile":"7896541320","id":25,"email":"sree@gamil.com"},{"gender":"M","dob":1996-11-11,"name":"Arun Kumar","mobile":"1478523690","id":26,"email":"adarsh@gmail.com"},{"gender":"M","dob":1997-12-12,"name":"Harichand","mobile":"123654789","id":27,"email":"harichand12cec@gmail.com"}],"iTotalDisplayRecords":5}
