[INFO ] 2019-10-01 14:33:42.601 [http-nio-8090-exec-10] MainController - Inside Faculty
[INFO ] 2019-10-01 14:36:52.453 [http-nio-8090-exec-11] MainController - Inside Faculty
[INFO ] 2019-10-01 14:36:53.536 [http-nio-8090-exec-10] MainController - Inside FacultyTableList
[INFO ] 2019-10-01 14:36:53.539 [http-nio-8090-exec-10] AdminServiceImpl - Inside getFacultyDetails: 
[DEBUG] 2019-10-01 14:36:55.700 [http-nio-8090-exec-10] MainController - Inside FacultyTableList: {"iTotalRecords":2,"aaData":[{"gender":"M","dob":1997-12-05,"name":"SUJITH K S","mobile":"9656008103","id":23,"email":"mesujithks3@gmail.com"},{"gender":"M","dob":1997-12-05,"name":"SUJITH K S","mobile":"9656008103","id":23,"email":"mesujithks3@gmail.com"},{"gender":"M","dob":1997-12-05,"name":"SUJITH K S","mobile":"9656008103","id":23,"email":"mesujithks3@gmail.com"},{"gender":"M","dob":1997-12-05,"name":"SUJITH K S","mobile":"9656008103","id":23,"email":"mesujithks3@gmail.com"},{"gender":"M","dob":1997-12-05,"name":"SUJITH K S","mobile":"9656008103","id":23,"email":"mesujithks3@gmail.com"}],"iTotalDisplayRecords":2}
[INFO ] 2019-10-01 14:43:58.105 [http-nio-8090-exec-14] MainController - Inside Faculty
[INFO ] 2019-10-01 14:43:59.025 [http-nio-8090-exec-15] MainController - Inside FacultyTableList
[INFO ] 2019-10-01 14:43:59.026 [http-nio-8090-exec-15] AdminServiceImpl - Inside getFacultyDetails: 
[DEBUG] 2019-10-01 14:43:59.292 [http-nio-8090-exec-15] MainController - Inside FacultyTableList: {"iTotalRecords":2,"aaData":[{"gender":"M","dob":1997-12-05,"name":"SUJITH K S","mobile":"9656008103","id":23,"email":"mesujithks3@gmail.com"},{"gender":"M","dob":1997-12-05,"name":"SUJITH K S","mobile":"9656008103","id":23,"email":"mesujithks3@gmail.com"},{"gender":"M","dob":1997-12-05,"name":"SUJITH K S","mobile":"9656008103","id":23,"email":"mesujithks3@gmail.com"},{"gender":"M","dob":1997-12-05,"name":"SUJITH K S","mobile":"9656008103","id":23,"email":"mesujithks3@gmail.com"},{"gender":"M","dob":1997-12-05,"name":"SUJITH K S","mobile":"9656008103","id":23,"email":"mesujithks3@gmail.com"}],"iTotalDisplayRecords":2}
[INFO ] 2019-10-01 14:47:17.524 [http-nio-8090-exec-16] MainController - Inside Faculty
[INFO ] 2019-10-01 14:47:18.223 [http-nio-8090-exec-18] MainController - Inside FacultyTableList
[INFO ] 2019-10-01 14:47:18.225 [http-nio-8090-exec-18] AdminServiceImpl - Inside getFacultyDetails: 
[DEBUG] 2019-10-01 14:47:18.267 [http-nio-8090-exec-18] MainController - Inside FacultyTableList: {"iTotalRecords":2,"aaData":[{"gender":"M","dob":1997-12-05,"name":"SUJITH K S","mobile":"9656008103","id":23,"email":"mesujithks3@gmail.com"},{"gender":"M","dob":1997-12-05,"name":"SUJITH K S","mobile":"9656008103","id":23,"email":"mesujithks3@gmail.com"},{"gender":"M","dob":1997-12-05,"name":"SUJITH K S","mobile":"9656008103","id":23,"email":"mesujithks3@gmail.com"},{"gender":"M","dob":1997-12-05,"name":"SUJITH K S","mobile":"9656008103","id":23,"email":"mesujithks3@gmail.com"},{"gender":"M","dob":1997-12-05,"name":"SUJITH K S","mobile":"9656008103","id":23,"email":"mesujithks3@gmail.com"}],"iTotalDisplayRecords":2}
[INFO ] 2019-10-01 14:47:41.653 [http-nio-8090-exec-19] MainController - Inside Faculty
[INFO ] 2019-10-01 14:47:42.054 [http-nio-8090-exec-21] MainController - Inside FacultyTableList
[INFO ] 2019-10-01 14:47:42.056 [http-nio-8090-exec-21] AdminServiceImpl - Inside getFacultyDetails: 
[DEBUG] 2019-10-01 14:47:42.118 [http-nio-8090-exec-21] MainController - Inside FacultyTableList: {"iTotalRecords":2,"aaData":[{"gender":"M","dob":1997-12-05,"name":"SUJITH K S","mobile":"9656008103","id":23,"email":"mesujithks3@gmail.com"},{"gender":"M","dob":1997-12-05,"name":"SUJITH K S","mobile":"9656008103","id":23,"email":"mesujithks3@gmail.com"},{"gender":"M","dob":1997-12-05,"name":"SUJITH K S","mobile":"9656008103","id":23,"email":"mesujithks3@gmail.com"},{"gender":"M","dob":1997-12-05,"name":"SUJITH K S","mobile":"9656008103","id":23,"email":"mesujithks3@gmail.com"},{"gender":"M","dob":1997-12-05,"name":"SUJITH K S","mobile":"9656008103","id":23,"email":"mesujithks3@gmail.com"}],"iTotalDisplayRecords":2}
[INFO ] 2019-10-01 14:50:59.713 [http-nio-8090-exec-22] MainController - Inside Faculty
[INFO ] 2019-10-01 14:51:00.871 [http-nio-8090-exec-14] MainController - Inside FacultyTableList
[INFO ] 2019-10-01 14:51:00.875 [http-nio-8090-exec-14] AdminServiceImpl - Inside getFacultyDetails: 
[DEBUG] 2019-10-01 14:51:00.983 [http-nio-8090-exec-14] MainController - Inside FacultyTableList: {"iTotalRecords":2,"aaData":[{"gender":"M","dob":1997-12-05,"name":"SUJITH K S","mobile":"9656008103","id":23,"email":"mesujithks3@gmail.com"},{"gender":"M","dob":1997-12-05,"name":"SUJITH K S","mobile":"9656008103","id":23,"email":"mesujithks3@gmail.com"},{"gender":"M","dob":1997-12-05,"name":"SUJITH K S","mobile":"9656008103","id":23,"email":"mesujithks3@gmail.com"},{"gender":"M","dob":1997-12-05,"name":"SUJITH K S","mobile":"9656008103","id":23,"email":"mesujithks3@gmail.com"},{"gender":"M","dob":1997-12-05,"name":"SUJITH K S","mobile":"9656008103","id":23,"email":"mesujithks3@gmail.com"}],"iTotalDisplayRecords":2}
[INFO ] 2019-10-01 14:51:08.460 [http-nio-8090-exec-15] MainController - Inside Faculty
[INFO ] 2019-10-01 14:51:08.900 [http-nio-8090-exec-22] MainController - Inside FacultyTableList
[INFO ] 2019-10-01 14:51:08.902 [http-nio-8090-exec-22] AdminServiceImpl - Inside getFacultyDetails: 
[DEBUG] 2019-10-01 14:51:08.974 [http-nio-8090-exec-22] MainController - Inside FacultyTableList: {"iTotalRecords":2,"aaData":[{"gender":"M","dob":1997-12-05,"name":"SUJITH K S","mobile":"9656008103","id":23,"email":"mesujithks3@gmail.com"},{"gender":"M","dob":1997-12-05,"name":"SUJITH K S","mobile":"9656008103","id":23,"email":"mesujithks3@gmail.com"},{"gender":"M","dob":1997-12-05,"name":"SUJITH K S","mobile":"9656008103","id":23,"email":"mesujithks3@gmail.com"},{"gender":"M","dob":1997-12-05,"name":"SUJITH K S","mobile":"9656008103","id":23,"email":"mesujithks3@gmail.com"},{"gender":"M","dob":1997-12-05,"name":"SUJITH K S","mobile":"9656008103","id":23,"email":"mesujithks3@gmail.com"}],"iTotalDisplayRecords":2}
[INFO ] 2019-10-01 14:54:43.373 [http-nio-8090-exec-14] MainController - Inside Faculty
[INFO ] 2019-10-01 14:54:46.995 [http-nio-8090-exec-19] MainController - Inside FacultyTableList
[INFO ] 2019-10-01 14:54:46.998 [http-nio-8090-exec-19] AdminServiceImpl - Inside getFacultyDetails: 
[DEBUG] 2019-10-01 14:54:47.039 [http-nio-8090-exec-19] MainController - Inside FacultyTableList: {"iTotalRecords":2,"aaData":[{"gender":"M","dob":1997-12-05,"name":"SUJITH K S","mobile":"9656008103","id":23,"email":"mesujithks3@gmail.com"},{"gender":"M","dob":1997-12-05,"name":"SUJITH K S","mobile":"9656008103","id":23,"email":"mesujithks3@gmail.com"},{"gender":"M","dob":1997-12-05,"name":"SUJITH K S","mobile":"9656008103","id":23,"email":"mesujithks3@gmail.com"},{"gender":"M","dob":1997-12-05,"name":"SUJITH K S","mobile":"9656008103","id":23,"email":"mesujithks3@gmail.com"},{"gender":"M","dob":1997-12-05,"name":"SUJITH K S","mobile":"9656008103","id":23,"email":"mesujithks3@gmail.com"}],"iTotalDisplayRecords":2}
[INFO ] 2019-10-01 14:58:35.798 [http-nio-8090-exec-23] MainController - Inside Faculty
[INFO ] 2019-10-01 14:58:38.364 [http-nio-8090-exec-18] MainController - Inside FacultyTableList
[INFO ] 2019-10-01 14:58:38.365 [http-nio-8090-exec-18] AdminServiceImpl - Inside getFacultyDetails: 
[DEBUG] 2019-10-01 14:58:38.400 [http-nio-8090-exec-18] MainController - Inside FacultyTableList: {"iTotalRecords":2,"aaData":[{"gender":"M","dob":1997-12-05,"name":"SUJITH K S","mobile":"9656008103","id":23,"email":"mesujithks3@gmail.com"},{"gender":"M","dob":1997-12-05,"name":"SUJITH K S","mobile":"9656008103","id":23,"email":"mesujithks3@gmail.com"},{"gender":"M","dob":1997-12-05,"name":"SUJITH K S","mobile":"9656008103","id":23,"email":"mesujithks3@gmail.com"},{"gender":"M","dob":1997-12-05,"name":"SUJITH K S","mobile":"9656008103","id":23,"email":"mesujithks3@gmail.com"},{"gender":"M","dob":1997-12-05,"name":"SUJITH K S","mobile":"9656008103","id":23,"email":"mesujithks3@gmail.com"}],"iTotalDisplayRecords":2}
[INFO ] 2019-10-01 15:02:12.216 [http-nio-8090-exec-19] MainController - Inside Faculty
[INFO ] 2019-10-01 15:02:12.711 [http-nio-8090-exec-16] MainController - Inside FacultyTableList
[INFO ] 2019-10-01 15:02:12.713 [http-nio-8090-exec-16] AdminServiceImpl - Inside getFacultyDetails: 
[DEBUG] 2019-10-01 15:02:12.780 [http-nio-8090-exec-16] MainController - Inside FacultyTableList: {"iTotalRecords":2,"aaData":[{"gender":"M","dob":1997-12-05,"name":"SUJITH K S","mobile":"9656008103","id":23,"email":"mesujithks3@gmail.com"},{"gender":"M","dob":1997-12-05,"name":"SUJITH K S","mobile":"9656008103","id":23,"email":"mesujithks3@gmail.com"},{"gender":"M","dob":1997-12-05,"name":"SUJITH K S","mobile":"9656008103","id":23,"email":"mesujithks3@gmail.com"},{"gender":"M","dob":1997-12-05,"name":"SUJITH K S","mobile":"9656008103","id":23,"email":"mesujithks3@gmail.com"},{"gender":"M","dob":1997-12-05,"name":"SUJITH K S","mobile":"9656008103","id":23,"email":"mesujithks3@gmail.com"}],"iTotalDisplayRecords":2}
[INFO ] 2019-10-01 15:10:19.056 [http-nio-8090-exec-19] MainController - Inside Faculty
[INFO ] 2019-10-01 15:10:22.790 [http-nio-8090-exec-20] MainController - Inside FacultyTableList
[INFO ] 2019-10-01 15:10:22.793 [http-nio-8090-exec-20] AdminServiceImpl - Inside getFacultyDetails: 
[DEBUG] 2019-10-01 15:10:22.972 [http-nio-8090-exec-20] MainController - Inside FacultyTableList: {"iTotalRecords":2,"aaData":[{"gender":"M","dob":1997-12-05,"name":"SUJITH K S","mobile":"9656008103","id":23,"email":"mesujithks3@gmail.com"},{"gender":"M","dob":1997-12-05,"name":"SUJITH K S","mobile":"9656008103","id":23,"email":"mesujithks3@gmail.com"},{"gender":"M","dob":1997-12-05,"name":"SUJITH K S","mobile":"9656008103","id":23,"email":"mesujithks3@gmail.com"},{"gender":"M","dob":1997-12-05,"name":"SUJITH K S","mobile":"9656008103","id":23,"email":"mesujithks3@gmail.com"},{"gender":"M","dob":1997-12-05,"name":"SUJITH K S","mobile":"9656008103","id":23,"email":"mesujithks3@gmail.com"}],"iTotalDisplayRecords":2}
[INFO ] 2019-10-01 15:22:43.905 [http-nio-8090-exec-23] MainController - Inside Faculty
[INFO ] 2019-10-01 15:22:45.428 [http-nio-8090-exec-14] MainController - Inside FacultyTableList
[INFO ] 2019-10-01 15:22:45.431 [http-nio-8090-exec-14] AdminServiceImpl - Inside getFacultyDetails: 
[DEBUG] 2019-10-01 15:22:45.501 [http-nio-8090-exec-14] MainController - Inside FacultyTableList: {"iTotalRecords":2,"aaData":[{"gender":"M","dob":1997-12-05,"name":"SUJITH K S","mobile":"9656008103","id":23,"email":"mesujithks3@gmail.com"},{"gender":"M","dob":1997-12-05,"name":"SUJITH K S","mobile":"9656008103","id":23,"email":"mesujithks3@gmail.com"},{"gender":"M","dob":1997-12-05,"name":"SUJITH K S","mobile":"9656008103","id":23,"email":"mesujithks3@gmail.com"},{"gender":"M","dob":1997-12-05,"name":"SUJITH K S","mobile":"9656008103","id":23,"email":"mesujithks3@gmail.com"},{"gender":"M","dob":1997-12-05,"name":"SUJITH K S","mobile":"9656008103","id":23,"email":"mesujithks3@gmail.com"}],"iTotalDisplayRecords":2}
[INFO ] 2019-10-01 15:23:09.745 [http-nio-8090-exec-18] MainController - Inside Faculty
[INFO ] 2019-10-01 15:23:10.950 [http-nio-8090-exec-23] MainController - Inside FacultyTableList
[INFO ] 2019-10-01 15:23:10.961 [http-nio-8090-exec-23] AdminServiceImpl - Inside getFacultyDetails: 
[DEBUG] 2019-10-01 15:23:11.077 [http-nio-8090-exec-23] MainController - Inside FacultyTableList: {"iTotalRecords":2,"aaData":[{"gender":"M","dob":1997-12-05,"name":"SUJITH K S","mobile":"9656008103","id":23,"email":"mesujithks3@gmail.com"},{"gender":"M","dob":1997-12-05,"name":"SUJITH K S","mobile":"9656008103","id":23,"email":"mesujithks3@gmail.com"},{"gender":"M","dob":1997-12-05,"name":"SUJITH K S","mobile":"9656008103","id":23,"email":"mesujithks3@gmail.com"},{"gender":"M","dob":1997-12-05,"name":"SUJITH K S","mobile":"9656008103","id":23,"email":"mesujithks3@gmail.com"},{"gender":"M","dob":1997-12-05,"name":"SUJITH K S","mobile":"9656008103","id":23,"email":"mesujithks3@gmail.com"}],"iTotalDisplayRecords":2}
[INFO ] 2019-10-01 15:25:33.254 [http-nio-8090-exec-16] MainController - Inside Faculty
[INFO ] 2019-10-01 15:25:34.743 [http-nio-8090-exec-15] MainController - Inside FacultyTableList
[INFO ] 2019-10-01 15:25:34.744 [http-nio-8090-exec-15] AdminServiceImpl - Inside getFacultyDetails: 
[DEBUG] 2019-10-01 15:25:34.777 [http-nio-8090-exec-15] MainController - Inside FacultyTableList: {"iTotalRecords":2,"aaData":[{"gender":"M","dob":1997-12-05,"name":"SUJITH K S","mobile":"9656008103","id":23,"email":"mesujithks3@gmail.com"},{"gender":"M","dob":1997-12-05,"name":"SUJITH K S","mobile":"9656008103","id":23,"email":"mesujithks3@gmail.com"},{"gender":"M","dob":1997-12-05,"name":"SUJITH K S","mobile":"9656008103","id":23,"email":"mesujithks3@gmail.com"},{"gender":"M","dob":1997-12-05,"name":"SUJITH K S","mobile":"9656008103","id":23,"email":"mesujithks3@gmail.com"},{"gender":"M","dob":1997-12-05,"name":"SUJITH K S","mobile":"9656008103","id":23,"email":"mesujithks3@gmail.com"}],"iTotalDisplayRecords":2}
[INFO ] 2019-10-01 15:26:12.374 [http-nio-8090-exec-23] MainController - Inside Faculty
[INFO ] 2019-10-01 15:26:13.137 [http-nio-8090-exec-18] MainController - Inside FacultyTableList
[INFO ] 2019-10-01 15:26:13.138 [http-nio-8090-exec-18] AdminServiceImpl - Inside getFacultyDetails: 
[DEBUG] 2019-10-01 15:26:13.232 [http-nio-8090-exec-18] MainController - Inside FacultyTableList: {"iTotalRecords":2,"aaData":[{"gender":"M","dob":1997-12-05,"name":"SUJITH K S","mobile":"9656008103","id":23,"email":"mesujithks3@gmail.com"},{"gender":"M","dob":1997-12-05,"name":"SUJITH K S","mobile":"9656008103","id":23,"email":"mesujithks3@gmail.com"},{"gender":"M","dob":1997-12-05,"name":"SUJITH K S","mobile":"9656008103","id":23,"email":"mesujithks3@gmail.com"},{"gender":"M","dob":1997-12-05,"name":"SUJITH K S","mobile":"9656008103","id":23,"email":"mesujithks3@gmail.com"},{"gender":"M","dob":1997-12-05,"name":"SUJITH K S","mobile":"9656008103","id":23,"email":"mesujithks3@gmail.com"}],"iTotalDisplayRecords":2}
[INFO ] 2019-10-01 15:28:06.223 [http-nio-8090-exec-15] MainController - Inside Faculty
[INFO ] 2019-10-01 15:28:06.965 [http-nio-8090-exec-22] MainController - Inside FacultyTableList
[INFO ] 2019-10-01 15:28:06.966 [http-nio-8090-exec-22] AdminServiceImpl - Inside getFacultyDetails: 
[DEBUG] 2019-10-01 15:28:07.092 [http-nio-8090-exec-22] MainController - Inside FacultyTableList: {"iTotalRecords":2,"aaData":[{"gender":"M","dob":1997-12-05,"name":"SUJITH K S","mobile":"9656008103","id":23,"email":"mesujithks3@gmail.com"},{"gender":"M","dob":1997-12-05,"name":"SUJITH K S","mobile":"9656008103","id":23,"email":"mesujithks3@gmail.com"},{"gender":"M","dob":1997-12-05,"name":"SUJITH K S","mobile":"9656008103","id":23,"email":"mesujithks3@gmail.com"},{"gender":"M","dob":1997-12-05,"name":"SUJITH K S","mobile":"9656008103","id":23,"email":"mesujithks3@gmail.com"},{"gender":"M","dob":1997-12-05,"name":"SUJITH K S","mobile":"9656008103","id":23,"email":"mesujithks3@gmail.com"}],"iTotalDisplayRecords":2}
[INFO ] 2019-10-01 15:29:43.360 [http-nio-8090-exec-21] MainController - Inside Faculty
[INFO ] 2019-10-01 15:29:43.921 [http-nio-8090-exec-23] MainController - Inside FacultyTableList
[INFO ] 2019-10-01 15:29:43.923 [http-nio-8090-exec-23] AdminServiceImpl - Inside getFacultyDetails: 
[DEBUG] 2019-10-01 15:29:44.079 [http-nio-8090-exec-23] MainController - Inside FacultyTableList: {"iTotalRecords":2,"aaData":[{"gender":"M","dob":1997-12-05,"name":"SUJITH K S","mobile":"9656008103","id":23,"email":"mesujithks3@gmail.com"},{"gender":"M","dob":1997-12-05,"name":"SUJITH K S","mobile":"9656008103","id":23,"email":"mesujithks3@gmail.com"},{"gender":"M","dob":1997-12-05,"name":"SUJITH K S","mobile":"9656008103","id":23,"email":"mesujithks3@gmail.com"},{"gender":"M","dob":1997-12-05,"name":"SUJITH K S","mobile":"9656008103","id":23,"email":"mesujithks3@gmail.com"},{"gender":"M","dob":1997-12-05,"name":"SUJITH K S","mobile":"9656008103","id":23,"email":"mesujithks3@gmail.com"}],"iTotalDisplayRecords":2}
[INFO ] 2019-10-01 15:30:23.149 [http-nio-8090-exec-19] MainController - Inside Faculty
[INFO ] 2019-10-01 15:30:23.753 [http-nio-8090-exec-18] MainController - Inside FacultyTableList
[INFO ] 2019-10-01 15:30:23.754 [http-nio-8090-exec-18] AdminServiceImpl - Inside getFacultyDetails: 
[DEBUG] 2019-10-01 15:30:23.793 [http-nio-8090-exec-18] MainController - Inside FacultyTableList: {"iTotalRecords":2,"aaData":[{"gender":"M","dob":1997-12-05,"name":"SUJITH K S","mobile":"9656008103","id":23,"email":"mesujithks3@gmail.com"},{"gender":"M","dob":1997-12-05,"name":"SUJITH K S","mobile":"9656008103","id":23,"email":"mesujithks3@gmail.com"},{"gender":"M","dob":1997-12-05,"name":"SUJITH K S","mobile":"9656008103","id":23,"email":"mesujithks3@gmail.com"},{"gender":"M","dob":1997-12-05,"name":"SUJITH K S","mobile":"9656008103","id":23,"email":"mesujithks3@gmail.com"},{"gender":"M","dob":1997-12-05,"name":"SUJITH K S","mobile":"9656008103","id":23,"email":"mesujithks3@gmail.com"}],"iTotalDisplayRecords":2}
[INFO ] 2019-10-01 15:31:23.537 [http-nio-8090-exec-23] MainController - Inside Faculty
[INFO ] 2019-10-01 15:31:24.117 [http-nio-8090-exec-14] MainController - Inside FacultyTableList
[INFO ] 2019-10-01 15:31:24.119 [http-nio-8090-exec-14] AdminServiceImpl - Inside getFacultyDetails: 
[DEBUG] 2019-10-01 15:31:24.189 [http-nio-8090-exec-14] MainController - Inside FacultyTableList: {"iTotalRecords":2,"aaData":[{"gender":"M","dob":1997-12-05,"name":"SUJITH K S","mobile":"9656008103","id":23,"email":"mesujithks3@gmail.com"},{"gender":"M","dob":1997-12-05,"name":"SUJITH K S","mobile":"9656008103","id":23,"email":"mesujithks3@gmail.com"},{"gender":"M","dob":1997-12-05,"name":"SUJITH K S","mobile":"9656008103","id":23,"email":"mesujithks3@gmail.com"},{"gender":"M","dob":1997-12-05,"name":"SUJITH K S","mobile":"9656008103","id":23,"email":"mesujithks3@gmail.com"},{"gender":"M","dob":1997-12-05,"name":"SUJITH K S","mobile":"9656008103","id":23,"email":"mesujithks3@gmail.com"}],"iTotalDisplayRecords":2}
[INFO ] 2019-10-01 15:32:07.133 [http-nio-8090-exec-18] MainController - Inside Faculty
[INFO ] 2019-10-01 15:32:07.663 [http-nio-8090-exec-17] MainController - Inside FacultyTableList
[INFO ] 2019-10-01 15:32:07.664 [http-nio-8090-exec-17] AdminServiceImpl - Inside getFacultyDetails: 
[DEBUG] 2019-10-01 15:32:07.746 [http-nio-8090-exec-17] MainController - Inside FacultyTableList: {"iTotalRecords":2,"aaData":[{"gender":"M","dob":1997-12-05,"name":"SUJITH K S","mobile":"9656008103","id":23,"email":"mesujithks3@gmail.com"},{"gender":"M","dob":1997-12-05,"name":"SUJITH K S","mobile":"9656008103","id":23,"email":"mesujithks3@gmail.com"},{"gender":"M","dob":1997-12-05,"name":"SUJITH K S","mobile":"9656008103","id":23,"email":"mesujithks3@gmail.com"},{"gender":"M","dob":1997-12-05,"name":"SUJITH K S","mobile":"9656008103","id":23,"email":"mesujithks3@gmail.com"},{"gender":"M","dob":1997-12-05,"name":"SUJITH K S","mobile":"9656008103","id":23,"email":"mesujithks3@gmail.com"}],"iTotalDisplayRecords":2}
[INFO ] 2019-10-01 15:36:26.727 [http-nio-8090-exec-22] MainController - Inside Faculty
[INFO ] 2019-10-01 15:36:27.394 [http-nio-8090-exec-18] MainController - Inside FacultyTableList
[INFO ] 2019-10-01 15:36:27.396 [http-nio-8090-exec-18] AdminServiceImpl - Inside getFacultyDetails: 
[DEBUG] 2019-10-01 15:36:27.509 [http-nio-8090-exec-18] MainController - Inside FacultyTableList: {"iTotalRecords":2,"aaData":[{"gender":"M","dob":1997-12-05,"name":"SUJITH K S","mobile":"9656008103","id":23,"email":"mesujithks3@gmail.com"},{"gender":"M","dob":1997-12-05,"name":"SUJITH K S","mobile":"9656008103","id":23,"email":"mesujithks3@gmail.com"},{"gender":"M","dob":1997-12-05,"name":"SUJITH K S","mobile":"9656008103","id":23,"email":"mesujithks3@gmail.com"},{"gender":"M","dob":1997-12-05,"name":"SUJITH K S","mobile":"9656008103","id":23,"email":"mesujithks3@gmail.com"},{"gender":"M","dob":1997-12-05,"name":"SUJITH K S","mobile":"9656008103","id":23,"email":"mesujithks3@gmail.com"}],"iTotalDisplayRecords":2}
[INFO ] 2019-10-01 15:41:33.941 [http-nio-8090-exec-17] MainController - Inside Faculty
[INFO ] 2019-10-01 15:41:34.607 [http-nio-8090-exec-20] MainController - Inside FacultyTableList
[INFO ] 2019-10-01 15:41:34.611 [http-nio-8090-exec-20] AdminServiceImpl - Inside getFacultyDetails: 
[DEBUG] 2019-10-01 15:41:34.675 [http-nio-8090-exec-20] MainController - Inside FacultyTableList: {"iTotalRecords":2,"aaData":[{"gender":"M","dob":1997-12-05,"name":"SUJITH K S","mobile":"9656008103","id":23,"email":"mesujithks3@gmail.com"},{"gender":"M","dob":1997-12-05,"name":"SUJITH K S","mobile":"9656008103","id":23,"email":"mesujithks3@gmail.com"},{"gender":"M","dob":1997-12-05,"name":"SUJITH K S","mobile":"9656008103","id":23,"email":"mesujithks3@gmail.com"},{"gender":"M","dob":1997-12-05,"name":"SUJITH K S","mobile":"9656008103","id":23,"email":"mesujithks3@gmail.com"},{"gender":"M","dob":1997-12-05,"name":"SUJITH K S","mobile":"9656008103","id":23,"email":"mesujithks3@gmail.com"}],"iTotalDisplayRecords":2}
[INFO ] 2019-10-01 15:42:33.114 [http-nio-8090-exec-16] MainController - Inside Faculty
[INFO ] 2019-10-01 15:42:33.578 [http-nio-8090-exec-21] MainController - Inside FacultyTableList
[INFO ] 2019-10-01 15:42:33.583 [http-nio-8090-exec-21] AdminServiceImpl - Inside getFacultyDetails: 
[DEBUG] 2019-10-01 15:42:33.649 [http-nio-8090-exec-21] MainController - Inside FacultyTableList: {"iTotalRecords":2,"aaData":[{"gender":"M","dob":1997-12-05,"name":"SUJITH K S","mobile":"9656008103","id":23,"email":"mesujithks3@gmail.com"},{"gender":"M","dob":1997-12-05,"name":"SUJITH K S","mobile":"9656008103","id":23,"email":"mesujithks3@gmail.com"},{"gender":"M","dob":1997-12-05,"name":"SUJITH K S","mobile":"9656008103","id":23,"email":"mesujithks3@gmail.com"},{"gender":"M","dob":1997-12-05,"name":"SUJITH K S","mobile":"9656008103","id":23,"email":"mesujithks3@gmail.com"},{"gender":"M","dob":1997-12-05,"name":"SUJITH K S","mobile":"9656008103","id":23,"email":"mesujithks3@gmail.com"}],"iTotalDisplayRecords":2}
[INFO ] 2019-10-01 15:54:30.091 [http-nio-8090-exec-23] MainController - Inside Faculty
[INFO ] 2019-10-01 15:56:51.113 [http-nio-8090-exec-24] MainController - Inside Faculty
[INFO ] 2019-10-01 15:57:35.685 [http-nio-8090-exec-28] MainController - Inside Faculty
[INFO ] 2019-10-01 15:57:37.620 [http-nio-8090-exec-27] MainController - Inside FacultyTableList
[INFO ] 2019-10-01 15:57:37.622 [http-nio-8090-exec-27] AdminServiceImpl - Inside getFacultyDetails: 
[DEBUG] 2019-10-01 15:57:39.805 [http-nio-8090-exec-27] MainController - Inside FacultyTableList: {"iTotalRecords":2,"aaData":[{"gender":"M","dob":1997-12-05,"name":"SUJITH K S","mobile":"9656008103","id":23,"email":"mesujithks3@gmail.com"},{"gender":"M","dob":1997-12-05,"name":"SUJITH K S","mobile":"9656008103","id":23,"email":"mesujithks3@gmail.com"},{"gender":"M","dob":1997-12-05,"name":"SUJITH K S","mobile":"9656008103","id":23,"email":"mesujithks3@gmail.com"},{"gender":"M","dob":1997-12-05,"name":"SUJITH K S","mobile":"9656008103","id":23,"email":"mesujithks3@gmail.com"},{"gender":"M","dob":1997-12-05,"name":"SUJITH K S","mobile":"9656008103","id":23,"email":"mesujithks3@gmail.com"}],"iTotalDisplayRecords":2}
[INFO ] 2019-10-01 16:08:48.921 [http-nio-8090-exec-25] MainController - Inside Faculty
[INFO ] 2019-10-01 16:08:50.066 [http-nio-8090-exec-27] MainController - Inside FacultyTableList
[INFO ] 2019-10-01 16:08:50.067 [http-nio-8090-exec-27] AdminServiceImpl - Inside getFacultyDetails: 
[DEBUG] 2019-10-01 16:08:50.166 [http-nio-8090-exec-27] MainController - Inside FacultyTableList: {"iTotalRecords":2,"aaData":[{"gender":"M","dob":1997-12-05,"name":"SUJITH K S","mobile":"9656008103","id":23,"email":"mesujithks3@gmail.com"},{"gender":"M","dob":1997-12-05,"name":"SUJITH K S","mobile":"9656008103","id":23,"email":"mesujithks3@gmail.com"},{"gender":"M","dob":1997-12-05,"name":"SUJITH K S","mobile":"9656008103","id":23,"email":"mesujithks3@gmail.com"},{"gender":"M","dob":1997-12-05,"name":"SUJITH K S","mobile":"9656008103","id":23,"email":"mesujithks3@gmail.com"},{"gender":"M","dob":1997-12-05,"name":"SUJITH K S","mobile":"9656008103","id":23,"email":"mesujithks3@gmail.com"}],"iTotalDisplayRecords":2}
[INFO ] 2019-10-01 16:09:30.608 [http-nio-8090-exec-32] MainController - Inside Faculty
[INFO ] 2019-10-01 16:09:31.663 [http-nio-8090-exec-26] MainController - Inside FacultyTableList
[INFO ] 2019-10-01 16:09:31.666 [http-nio-8090-exec-26] AdminServiceImpl - Inside getFacultyDetails: 
[DEBUG] 2019-10-01 16:09:31.802 [http-nio-8090-exec-26] MainController - Inside FacultyTableList: {"iTotalRecords":2,"aaData":[{"gender":"M","dob":1997-12-05,"name":"SUJITH K S","mobile":"9656008103","id":23,"email":"mesujithks3@gmail.com"},{"gender":"M","dob":1997-12-05,"name":"SUJITH K S","mobile":"9656008103","id":23,"email":"mesujithks3@gmail.com"},{"gender":"M","dob":1997-12-05,"name":"SUJITH K S","mobile":"9656008103","id":23,"email":"mesujithks3@gmail.com"},{"gender":"M","dob":1997-12-05,"name":"SUJITH K S","mobile":"9656008103","id":23,"email":"mesujithks3@gmail.com"},{"gender":"M","dob":1997-12-05,"name":"SUJITH K S","mobile":"9656008103","id":23,"email":"mesujithks3@gmail.com"}],"iTotalDisplayRecords":2}
[INFO ] 2019-10-01 16:10:44.614 [http-nio-8090-exec-30] MainController - Inside Faculty
[INFO ] 2019-10-01 16:10:45.397 [http-nio-8090-exec-25] MainController - Inside FacultyTableList
[INFO ] 2019-10-01 16:10:45.399 [http-nio-8090-exec-25] AdminServiceImpl - Inside getFacultyDetails: 
[DEBUG] 2019-10-01 16:10:45.473 [http-nio-8090-exec-25] MainController - Inside FacultyTableList: {"iTotalRecords":2,"aaData":[{"gender":"M","dob":1997-12-05,"name":"SUJITH K S","mobile":"9656008103","id":23,"email":"mesujithks3@gmail.com"},{"gender":"M","dob":1997-12-05,"name":"SUJITH K S","mobile":"9656008103","id":23,"email":"mesujithks3@gmail.com"},{"gender":"M","dob":1997-12-05,"name":"SUJITH K S","mobile":"9656008103","id":23,"email":"mesujithks3@gmail.com"},{"gender":"M","dob":1997-12-05,"name":"SUJITH K S","mobile":"9656008103","id":23,"email":"mesujithks3@gmail.com"},{"gender":"M","dob":1997-12-05,"name":"SUJITH K S","mobile":"9656008103","id":23,"email":"mesujithks3@gmail.com"}],"iTotalDisplayRecords":2}
[INFO ] 2019-10-01 16:12:48.159 [http-nio-8090-exec-27] MainController - Inside Faculty
[INFO ] 2019-10-01 16:12:49.726 [http-nio-8090-exec-28] MainController - Inside FacultyTableList
[INFO ] 2019-10-01 16:12:49.729 [http-nio-8090-exec-28] AdminServiceImpl - Inside getFacultyDetails: 
[DEBUG] 2019-10-01 16:12:49.856 [http-nio-8090-exec-28] MainController - Inside FacultyTableList: {"iTotalRecords":2,"aaData":[{"gender":"M","dob":1997-12-05,"name":"SUJITH K S","mobile":"9656008103","id":23,"email":"mesujithks3@gmail.com"},{"gender":"M","dob":1997-12-05,"name":"SUJITH K S","mobile":"9656008103","id":23,"email":"mesujithks3@gmail.com"},{"gender":"M","dob":1997-12-05,"name":"SUJITH K S","mobile":"9656008103","id":23,"email":"mesujithks3@gmail.com"},{"gender":"M","dob":1997-12-05,"name":"SUJITH K S","mobile":"9656008103","id":23,"email":"mesujithks3@gmail.com"},{"gender":"M","dob":1997-12-05,"name":"SUJITH K S","mobile":"9656008103","id":23,"email":"mesujithks3@gmail.com"}],"iTotalDisplayRecords":2}
[INFO ] 2019-10-01 16:56:28.016 [http-nio-8090-exec-25] MainController - Inside Faculty
[INFO ] 2019-10-01 16:56:42.564 [http-nio-8090-exec-31] MainController - Inside FacultyTableList
[INFO ] 2019-10-01 16:56:42.565 [http-nio-8090-exec-31] AdminServiceImpl - Inside getFacultyDetails: 
[DEBUG] 2019-10-01 16:56:44.796 [http-nio-8090-exec-31] MainController - Inside FacultyTableList: {"iTotalRecords":2,"aaData":[{"gender":"M","dob":1997-12-05,"name":"SUJITH K S","mobile":"9656008103","id":23,"email":"mesujithks3@gmail.com"},{"gender":"M","dob":1997-12-05,"name":"SUJITH K S","mobile":"9656008103","id":23,"email":"mesujithks3@gmail.com"},{"gender":"M","dob":1997-12-05,"name":"SUJITH K S","mobile":"9656008103","id":23,"email":"mesujithks3@gmail.com"},{"gender":"M","dob":1997-12-05,"name":"SUJITH K S","mobile":"9656008103","id":23,"email":"mesujithks3@gmail.com"},{"gender":"M","dob":1997-12-05,"name":"SUJITH K S","mobile":"9656008103","id":23,"email":"mesujithks3@gmail.com"}],"iTotalDisplayRecords":2}
[INFO ] 2019-10-01 16:56:54.681 [http-nio-8090-exec-29] MainController - Inside Faculty
[INFO ] 2019-10-01 16:56:55.802 [http-nio-8090-exec-28] MainController - Inside FacultyTableList
[INFO ] 2019-10-01 16:56:55.806 [http-nio-8090-exec-28] AdminServiceImpl - Inside getFacultyDetails: 
[DEBUG] 2019-10-01 16:56:55.871 [http-nio-8090-exec-28] MainController - Inside FacultyTableList: {"iTotalRecords":2,"aaData":[{"gender":"M","dob":1997-12-05,"name":"SUJITH K S","mobile":"9656008103","id":23,"email":"mesujithks3@gmail.com"},{"gender":"M","dob":1997-12-05,"name":"SUJITH K S","mobile":"9656008103","id":23,"email":"mesujithks3@gmail.com"},{"gender":"M","dob":1997-12-05,"name":"SUJITH K S","mobile":"9656008103","id":23,"email":"mesujithks3@gmail.com"},{"gender":"M","dob":1997-12-05,"name":"SUJITH K S","mobile":"9656008103","id":23,"email":"mesujithks3@gmail.com"},{"gender":"M","dob":1997-12-05,"name":"SUJITH K S","mobile":"9656008103","id":23,"email":"mesujithks3@gmail.com"}],"iTotalDisplayRecords":2}
[INFO ] 2019-10-01 16:57:04.868 [http-nio-8090-exec-25] MainController - Inside Faculty
[INFO ] 2019-10-01 16:57:05.214 [http-nio-8090-exec-27] MainController - Inside FacultyTableList
[INFO ] 2019-10-01 16:57:05.215 [http-nio-8090-exec-27] AdminServiceImpl - Inside getFacultyDetails: 
[DEBUG] 2019-10-01 16:57:05.371 [http-nio-8090-exec-27] MainController - Inside FacultyTableList: {"iTotalRecords":2,"aaData":[{"gender":"M","dob":1997-12-05,"name":"SUJITH K S","mobile":"9656008103","id":23,"email":"mesujithks3@gmail.com"},{"gender":"M","dob":1997-12-05,"name":"SUJITH K S","mobile":"9656008103","id":23,"email":"mesujithks3@gmail.com"},{"gender":"M","dob":1997-12-05,"name":"SUJITH K S","mobile":"9656008103","id":23,"email":"mesujithks3@gmail.com"},{"gender":"M","dob":1997-12-05,"name":"SUJITH K S","mobile":"9656008103","id":23,"email":"mesujithks3@gmail.com"},{"gender":"M","dob":1997-12-05,"name":"SUJITH K S","mobile":"9656008103","id":23,"email":"mesujithks3@gmail.com"}],"iTotalDisplayRecords":2}
[INFO ] 2019-10-01 16:57:11.458 [http-nio-8090-exec-24] MainController - Inside Faculty
[INFO ] 2019-10-01 16:57:11.945 [http-nio-8090-exec-32] MainController - Inside FacultyTableList
[INFO ] 2019-10-01 16:57:11.946 [http-nio-8090-exec-32] AdminServiceImpl - Inside getFacultyDetails: 
[DEBUG] 2019-10-01 16:57:12.030 [http-nio-8090-exec-32] MainController - Inside FacultyTableList: {"iTotalRecords":2,"aaData":[{"gender":"M","dob":1997-12-05,"name":"SUJITH K S","mobile":"9656008103","id":23,"email":"mesujithks3@gmail.com"},{"gender":"M","dob":1997-12-05,"name":"SUJITH K S","mobile":"9656008103","id":23,"email":"mesujithks3@gmail.com"},{"gender":"M","dob":1997-12-05,"name":"SUJITH K S","mobile":"9656008103","id":23,"email":"mesujithks3@gmail.com"},{"gender":"M","dob":1997-12-05,"name":"SUJITH K S","mobile":"9656008103","id":23,"email":"mesujithks3@gmail.com"},{"gender":"M","dob":1997-12-05,"name":"SUJITH K S","mobile":"9656008103","id":23,"email":"mesujithks3@gmail.com"}],"iTotalDisplayRecords":2}
[INFO ] 2019-10-01 16:58:00.532 [http-nio-8090-exec-31] MainController - Inside Faculty
[INFO ] 2019-10-01 16:58:00.805 [http-nio-8090-exec-33] MainController - Inside FacultyTableList
[INFO ] 2019-10-01 16:58:00.806 [http-nio-8090-exec-33] AdminServiceImpl - Inside getFacultyDetails: 
[DEBUG] 2019-10-01 16:58:00.860 [http-nio-8090-exec-33] MainController - Inside FacultyTableList: {"iTotalRecords":2,"aaData":[{"gender":"M","dob":1997-12-05,"name":"SUJITH K S","mobile":"9656008103","id":23,"email":"mesujithks3@gmail.com"},{"gender":"M","dob":1997-12-05,"name":"SUJITH K S","mobile":"9656008103","id":23,"email":"mesujithks3@gmail.com"},{"gender":"M","dob":1997-12-05,"name":"SUJITH K S","mobile":"9656008103","id":23,"email":"mesujithks3@gmail.com"},{"gender":"M","dob":1997-12-05,"name":"SUJITH K S","mobile":"9656008103","id":23,"email":"mesujithks3@gmail.com"},{"gender":"M","dob":1997-12-05,"name":"SUJITH K S","mobile":"9656008103","id":23,"email":"mesujithks3@gmail.com"}],"iTotalDisplayRecords":2}
[INFO ] 2019-10-01 17:02:29.803 [http-nio-8090-exec-25] MainController - Inside Faculty
[INFO ] 2019-10-01 17:02:39.648 [http-nio-8090-exec-31] MainController - Inside FacultyTableList
[INFO ] 2019-10-01 17:02:39.650 [http-nio-8090-exec-31] AdminServiceImpl - Inside getFacultyDetails: 
[DEBUG] 2019-10-01 17:02:39.718 [http-nio-8090-exec-31] MainController - Inside FacultyTableList: {"iTotalRecords":2,"aaData":[{"gender":"M","dob":1997-12-05,"name":"SUJITH K S","mobile":"9656008103","id":23,"email":"mesujithks3@gmail.com"},{"gender":"M","dob":1997-12-05,"name":"SUJITH K S","mobile":"9656008103","id":23,"email":"mesujithks3@gmail.com"},{"gender":"M","dob":1997-12-05,"name":"SUJITH K S","mobile":"9656008103","id":23,"email":"mesujithks3@gmail.com"},{"gender":"M","dob":1997-12-05,"name":"SUJITH K S","mobile":"9656008103","id":23,"email":"mesujithks3@gmail.com"},{"gender":"M","dob":1997-12-05,"name":"SUJITH K S","mobile":"9656008103","id":23,"email":"mesujithks3@gmail.com"}],"iTotalDisplayRecords":2}
[INFO ] 2019-10-01 17:07:10.895 [http-nio-8090-exec-33] MainController - Inside Faculty
[INFO ] 2019-10-01 17:07:14.826 [http-nio-8090-exec-27] MainController - Inside FacultyTableList
[INFO ] 2019-10-01 17:07:14.827 [http-nio-8090-exec-27] AdminServiceImpl - Inside getFacultyDetails: 
[DEBUG] 2019-10-01 17:07:14.887 [http-nio-8090-exec-27] MainController - Inside FacultyTableList: {"iTotalRecords":2,"aaData":[{"gender":"M","dob":1997-12-05,"name":"SUJITH K S","mobile":"9656008103","id":23,"email":"mesujithks3@gmail.com"},{"gender":"M","dob":1997-12-05,"name":"SUJITH K S","mobile":"9656008103","id":23,"email":"mesujithks3@gmail.com"},{"gender":"M","dob":1997-12-05,"name":"SUJITH K S","mobile":"9656008103","id":23,"email":"mesujithks3@gmail.com"},{"gender":"M","dob":1997-12-05,"name":"SUJITH K S","mobile":"9656008103","id":23,"email":"mesujithks3@gmail.com"},{"gender":"M","dob":1997-12-05,"name":"SUJITH K S","mobile":"9656008103","id":23,"email":"mesujithks3@gmail.com"}],"iTotalDisplayRecords":2}
[INFO ] 2019-10-01 17:09:03.348 [http-nio-8090-exec-31] MainController - Inside Faculty
[INFO ] 2019-10-01 17:09:10.233 [http-nio-8090-exec-28] MainController - Inside FacultyTableList
[INFO ] 2019-10-01 17:09:10.234 [http-nio-8090-exec-28] AdminServiceImpl - Inside getFacultyDetails: 
[DEBUG] 2019-10-01 17:09:10.313 [http-nio-8090-exec-28] MainController - Inside FacultyTableList: {"iTotalRecords":2,"aaData":[{"gender":"M","dob":1997-12-05,"name":"SUJITH K S","mobile":"9656008103","id":23,"email":"mesujithks3@gmail.com"},{"gender":"M","dob":1997-12-05,"name":"SUJITH K S","mobile":"9656008103","id":23,"email":"mesujithks3@gmail.com"},{"gender":"M","dob":1997-12-05,"name":"SUJITH K S","mobile":"9656008103","id":23,"email":"mesujithks3@gmail.com"},{"gender":"M","dob":1997-12-05,"name":"SUJITH K S","mobile":"9656008103","id":23,"email":"mesujithks3@gmail.com"},{"gender":"M","dob":1997-12-05,"name":"SUJITH K S","mobile":"9656008103","id":23,"email":"mesujithks3@gmail.com"}],"iTotalDisplayRecords":2}
[INFO ] 2019-10-01 17:10:22.033 [http-nio-8090-exec-27] MainController - Inside Faculty
[INFO ] 2019-10-01 17:10:23.528 [http-nio-8090-exec-25] MainController - Inside FacultyTableList
[INFO ] 2019-10-01 17:10:23.529 [http-nio-8090-exec-25] AdminServiceImpl - Inside getFacultyDetails: 
[DEBUG] 2019-10-01 17:10:23.568 [http-nio-8090-exec-25] MainController - Inside FacultyTableList: {"iTotalRecords":2,"aaData":[{"gender":"M","dob":1997-12-05,"name":"SUJITH K S","mobile":"9656008103","id":23,"email":"mesujithks3@gmail.com"},{"gender":"M","dob":1997-12-05,"name":"SUJITH K S","mobile":"9656008103","id":23,"email":"mesujithks3@gmail.com"},{"gender":"M","dob":1997-12-05,"name":"SUJITH K S","mobile":"9656008103","id":23,"email":"mesujithks3@gmail.com"},{"gender":"M","dob":1997-12-05,"name":"SUJITH K S","mobile":"9656008103","id":23,"email":"mesujithks3@gmail.com"},{"gender":"M","dob":1997-12-05,"name":"SUJITH K S","mobile":"9656008103","id":23,"email":"mesujithks3@gmail.com"}],"iTotalDisplayRecords":2}
[INFO ] 2019-10-01 17:11:27.912 [http-nio-8090-exec-28] MainController - Inside Faculty
[INFO ] 2019-10-01 17:11:28.403 [http-nio-8090-exec-32] MainController - Inside FacultyTableList
[INFO ] 2019-10-01 17:11:28.404 [http-nio-8090-exec-32] AdminServiceImpl - Inside getFacultyDetails: 
[DEBUG] 2019-10-01 17:11:28.578 [http-nio-8090-exec-32] MainController - Inside FacultyTableList: {"iTotalRecords":2,"aaData":[{"gender":"M","dob":1997-12-05,"name":"SUJITH K S","mobile":"9656008103","id":23,"email":"mesujithks3@gmail.com"},{"gender":"M","dob":1997-12-05,"name":"SUJITH K S","mobile":"9656008103","id":23,"email":"mesujithks3@gmail.com"},{"gender":"M","dob":1997-12-05,"name":"SUJITH K S","mobile":"9656008103","id":23,"email":"mesujithks3@gmail.com"},{"gender":"M","dob":1997-12-05,"name":"SUJITH K S","mobile":"9656008103","id":23,"email":"mesujithks3@gmail.com"},{"gender":"M","dob":1997-12-05,"name":"SUJITH K S","mobile":"9656008103","id":23,"email":"mesujithks3@gmail.com"}],"iTotalDisplayRecords":2}
[INFO ] 2019-10-01 17:13:16.152 [http-nio-8090-exec-33] MainController - Inside Faculty
[INFO ] 2019-10-01 17:13:16.787 [http-nio-8090-exec-30] MainController - Inside FacultyTableList
[INFO ] 2019-10-01 17:13:16.789 [http-nio-8090-exec-30] AdminServiceImpl - Inside getFacultyDetails: 
[DEBUG] 2019-10-01 17:13:16.856 [http-nio-8090-exec-30] MainController - Inside FacultyTableList: {"iTotalRecords":2,"aaData":[{"gender":"M","dob":1997-12-05,"name":"SUJITH K S","mobile":"9656008103","id":23,"email":"mesujithks3@gmail.com"},{"gender":"M","dob":1997-12-05,"name":"SUJITH K S","mobile":"9656008103","id":23,"email":"mesujithks3@gmail.com"},{"gender":"M","dob":1997-12-05,"name":"SUJITH K S","mobile":"9656008103","id":23,"email":"mesujithks3@gmail.com"},{"gender":"M","dob":1997-12-05,"name":"SUJITH K S","mobile":"9656008103","id":23,"email":"mesujithks3@gmail.com"},{"gender":"M","dob":1997-12-05,"name":"SUJITH K S","mobile":"9656008103","id":23,"email":"mesujithks3@gmail.com"}],"iTotalDisplayRecords":2}
[INFO ] 2019-10-01 17:14:45.229 [http-nio-8090-exec-32] MainController - Inside Faculty
[INFO ] 2019-10-01 17:14:45.770 [http-nio-8090-exec-24] MainController - Inside FacultyTableList
[INFO ] 2019-10-01 17:14:45.779 [http-nio-8090-exec-24] AdminServiceImpl - Inside getFacultyDetails: 
[DEBUG] 2019-10-01 17:14:45.827 [http-nio-8090-exec-24] MainController - Inside FacultyTableList: {"iTotalRecords":2,"aaData":[{"gender":"M","dob":1997-12-05,"name":"SUJITH K S","mobile":"9656008103","id":23,"email":"mesujithks3@gmail.com"},{"gender":"M","dob":1997-12-05,"name":"SUJITH K S","mobile":"9656008103","id":23,"email":"mesujithks3@gmail.com"},{"gender":"M","dob":1997-12-05,"name":"SUJITH K S","mobile":"9656008103","id":23,"email":"mesujithks3@gmail.com"},{"gender":"M","dob":1997-12-05,"name":"SUJITH K S","mobile":"9656008103","id":23,"email":"mesujithks3@gmail.com"},{"gender":"M","dob":1997-12-05,"name":"SUJITH K S","mobile":"9656008103","id":23,"email":"mesujithks3@gmail.com"}],"iTotalDisplayRecords":2}
[INFO ] 2019-10-01 17:15:42.516 [http-nio-8090-exec-29] MainController - Inside Faculty
[INFO ] 2019-10-01 17:15:43.662 [http-nio-8090-exec-32] MainController - Inside FacultyTableList
[INFO ] 2019-10-01 17:15:43.669 [http-nio-8090-exec-32] AdminServiceImpl - Inside getFacultyDetails: 
[DEBUG] 2019-10-01 17:15:43.751 [http-nio-8090-exec-32] MainController - Inside FacultyTableList: {"iTotalRecords":2,"aaData":[{"gender":"M","dob":1997-12-05,"name":"SUJITH K S","mobile":"9656008103","id":23,"email":"mesujithks3@gmail.com"},{"gender":"M","dob":1997-12-05,"name":"SUJITH K S","mobile":"9656008103","id":23,"email":"mesujithks3@gmail.com"},{"gender":"M","dob":1997-12-05,"name":"SUJITH K S","mobile":"9656008103","id":23,"email":"mesujithks3@gmail.com"},{"gender":"M","dob":1997-12-05,"name":"SUJITH K S","mobile":"9656008103","id":23,"email":"mesujithks3@gmail.com"},{"gender":"M","dob":1997-12-05,"name":"SUJITH K S","mobile":"9656008103","id":23,"email":"mesujithks3@gmail.com"}],"iTotalDisplayRecords":2}
[INFO ] 2019-10-01 17:18:42.437 [http-nio-8090-exec-33] MainController - Inside Faculty
[INFO ] 2019-10-01 17:18:42.982 [http-nio-8090-exec-25] MainController - Inside FacultyTableList
[INFO ] 2019-10-01 17:18:42.982 [http-nio-8090-exec-25] AdminServiceImpl - Inside getFacultyDetails: 
[DEBUG] 2019-10-01 17:18:43.046 [http-nio-8090-exec-25] MainController - Inside FacultyTableList: {"iTotalRecords":2,"aaData":[{"gender":"M","dob":1997-12-05,"name":"SUJITH K S","mobile":"9656008103","id":23,"email":"mesujithks3@gmail.com"},{"gender":"M","dob":1997-12-05,"name":"SUJITH K S","mobile":"9656008103","id":23,"email":"mesujithks3@gmail.com"},{"gender":"M","dob":1997-12-05,"name":"SUJITH K S","mobile":"9656008103","id":23,"email":"mesujithks3@gmail.com"},{"gender":"M","dob":1997-12-05,"name":"SUJITH K S","mobile":"9656008103","id":23,"email":"mesujithks3@gmail.com"},{"gender":"M","dob":1997-12-05,"name":"SUJITH K S","mobile":"9656008103","id":23,"email":"mesujithks3@gmail.com"}],"iTotalDisplayRecords":2}
[INFO ] 2019-10-01 17:21:04.172 [http-nio-8090-exec-28] MainController - Inside Faculty
[INFO ] 2019-10-01 17:21:04.529 [http-nio-8090-exec-27] MainController - Inside FacultyTableList
[INFO ] 2019-10-01 17:21:04.532 [http-nio-8090-exec-27] AdminServiceImpl - Inside getFacultyDetails: 
[DEBUG] 2019-10-01 17:21:04.574 [http-nio-8090-exec-27] MainController - Inside FacultyTableList: {"iTotalRecords":2,"aaData":[{"gender":"M","dob":1997-12-05,"name":"SUJITH K S","mobile":"9656008103","id":23,"email":"mesujithks3@gmail.com"},{"gender":"M","dob":1997-12-05,"name":"SUJITH K S","mobile":"9656008103","id":23,"email":"mesujithks3@gmail.com"},{"gender":"M","dob":1997-12-05,"name":"SUJITH K S","mobile":"9656008103","id":23,"email":"mesujithks3@gmail.com"},{"gender":"M","dob":1997-12-05,"name":"SUJITH K S","mobile":"9656008103","id":23,"email":"mesujithks3@gmail.com"},{"gender":"M","dob":1997-12-05,"name":"SUJITH K S","mobile":"9656008103","id":23,"email":"mesujithks3@gmail.com"}],"iTotalDisplayRecords":2}
[INFO ] 2019-10-01 17:21:18.220 [http-nio-8090-exec-32] MainController - Inside Faculty
[INFO ] 2019-10-01 17:21:18.651 [http-nio-8090-exec-29] MainController - Inside FacultyTableList
[INFO ] 2019-10-01 17:21:18.652 [http-nio-8090-exec-29] AdminServiceImpl - Inside getFacultyDetails: 
[DEBUG] 2019-10-01 17:21:18.714 [http-nio-8090-exec-29] MainController - Inside FacultyTableList: {"iTotalRecords":2,"aaData":[{"gender":"M","dob":1997-12-05,"name":"SUJITH K S","mobile":"9656008103","id":23,"email":"mesujithks3@gmail.com"},{"gender":"M","dob":1997-12-05,"name":"SUJITH K S","mobile":"9656008103","id":23,"email":"mesujithks3@gmail.com"},{"gender":"M","dob":1997-12-05,"name":"SUJITH K S","mobile":"9656008103","id":23,"email":"mesujithks3@gmail.com"},{"gender":"M","dob":1997-12-05,"name":"SUJITH K S","mobile":"9656008103","id":23,"email":"mesujithks3@gmail.com"},{"gender":"M","dob":1997-12-05,"name":"SUJITH K S","mobile":"9656008103","id":23,"email":"mesujithks3@gmail.com"}],"iTotalDisplayRecords":2}
[INFO ] 2019-10-01 17:26:41.910 [http-nio-8090-exec-25] MainController - Inside Faculty
[INFO ] 2019-10-01 17:26:42.664 [http-nio-8090-exec-32] MainController - Inside FacultyTableList
[INFO ] 2019-10-01 17:26:42.665 [http-nio-8090-exec-32] AdminServiceImpl - Inside getFacultyDetails: 
[DEBUG] 2019-10-01 17:26:43.058 [http-nio-8090-exec-32] MainController - Inside FacultyTableList: {"iTotalRecords":2,"aaData":[{"gender":"M","dob":1997-12-05,"name":"SUJITH K S","mobile":"9656008103","id":23,"email":"mesujithks3@gmail.com"},{"gender":"M","dob":1997-12-05,"name":"SUJITH K S","mobile":"9656008103","id":23,"email":"mesujithks3@gmail.com"},{"gender":"M","dob":1997-12-05,"name":"SUJITH K S","mobile":"9656008103","id":23,"email":"mesujithks3@gmail.com"},{"gender":"M","dob":1997-12-05,"name":"SUJITH K S","mobile":"9656008103","id":23,"email":"mesujithks3@gmail.com"},{"gender":"M","dob":1997-12-05,"name":"SUJITH K S","mobile":"9656008103","id":23,"email":"mesujithks3@gmail.com"}],"iTotalDisplayRecords":2}
[INFO ] 2019-10-01 17:31:13.769 [http-nio-8090-exec-24] MainController - Inside Faculty
[INFO ] 2019-10-01 17:31:14.274 [http-nio-8090-exec-28] MainController - Inside FacultyTableList
[INFO ] 2019-10-01 17:31:14.275 [http-nio-8090-exec-28] AdminServiceImpl - Inside getFacultyDetails: 
[DEBUG] 2019-10-01 17:31:14.327 [http-nio-8090-exec-28] MainController - Inside FacultyTableList: {"iTotalRecords":2,"aaData":[{"gender":"M","dob":1997-12-05,"name":"SUJITH K S","mobile":"9656008103","id":23,"email":"mesujithks3@gmail.com"},{"gender":"M","dob":1997-12-05,"name":"SUJITH K S","mobile":"9656008103","id":23,"email":"mesujithks3@gmail.com"},{"gender":"M","dob":1997-12-05,"name":"SUJITH K S","mobile":"9656008103","id":23,"email":"mesujithks3@gmail.com"},{"gender":"M","dob":1997-12-05,"name":"SUJITH K S","mobile":"9656008103","id":23,"email":"mesujithks3@gmail.com"},{"gender":"M","dob":1997-12-05,"name":"SUJITH K S","mobile":"9656008103","id":23,"email":"mesujithks3@gmail.com"}],"iTotalDisplayRecords":2}
[INFO ] 2019-10-01 18:11:35.209 [http-nio-8090-exec-33] MainController - Inside Faculty
[INFO ] 2019-10-01 18:11:52.536 [http-nio-8090-exec-32] MainController - Inside FacultyTableList
[INFO ] 2019-10-01 18:11:52.556 [http-nio-8090-exec-32] AdminServiceImpl - Inside getFacultyDetails: 
[DEBUG] 2019-10-01 18:11:56.902 [http-nio-8090-exec-32] MainController - Inside FacultyTableList: {"iTotalRecords":2,"aaData":[{"gender":"M","dob":1997-12-05,"name":"SUJITH K S","mobile":"9656008103","id":23,"email":"mesujithks3@gmail.com"},{"gender":"M","dob":1997-12-05,"name":"SUJITH K S","mobile":"9656008103","id":23,"email":"mesujithks3@gmail.com"},{"gender":"M","dob":1997-12-05,"name":"SUJITH K S","mobile":"9656008103","id":23,"email":"mesujithks3@gmail.com"},{"gender":"M","dob":1997-12-05,"name":"SUJITH K S","mobile":"9656008103","id":23,"email":"mesujithks3@gmail.com"},{"gender":"M","dob":1997-12-05,"name":"SUJITH K S","mobile":"9656008103","id":23,"email":"mesujithks3@gmail.com"}],"iTotalDisplayRecords":2}
[INFO ] 2019-10-01 18:20:46.432 [http-nio-8090-exec-48] MainController - Inside Faculty
[INFO ] 2019-10-01 18:20:48.663 [http-nio-8090-exec-45] MainController - Inside FacultyTableList
[INFO ] 2019-10-01 18:20:48.665 [http-nio-8090-exec-45] AdminServiceImpl - Inside getFacultyDetails: 
[DEBUG] 2019-10-01 18:20:49.593 [http-nio-8090-exec-45] MainController - Inside FacultyTableList: {"iTotalRecords":2,"aaData":[{"gender":"M","dob":1997-12-05,"name":"SUJITH K S","mobile":"9656008103","id":23,"email":"mesujithks3@gmail.com"},{"gender":"M","dob":1997-12-05,"name":"SUJITH K S","mobile":"9656008103","id":23,"email":"mesujithks3@gmail.com"},{"gender":"M","dob":1997-12-05,"name":"SUJITH K S","mobile":"9656008103","id":23,"email":"mesujithks3@gmail.com"},{"gender":"M","dob":1997-12-05,"name":"SUJITH K S","mobile":"9656008103","id":23,"email":"mesujithks3@gmail.com"},{"gender":"M","dob":1997-12-05,"name":"SUJITH K S","mobile":"9656008103","id":23,"email":"mesujithks3@gmail.com"}],"iTotalDisplayRecords":2}
[INFO ] 2019-10-01 18:26:47.552 [http-nio-8090-exec-48] MainController - Inside Faculty
[INFO ] 2019-10-01 18:26:49.377 [http-nio-8090-exec-53] MainController - Inside FacultyTableList
[INFO ] 2019-10-01 18:26:49.378 [http-nio-8090-exec-53] AdminServiceImpl - Inside getFacultyDetails: 
[DEBUG] 2019-10-01 18:26:49.716 [http-nio-8090-exec-53] MainController - Inside FacultyTableList: {"iTotalRecords":2,"aaData":[{"gender":"M","dob":1997-12-05,"name":"SUJITH K S","mobile":"9656008103","id":23,"email":"mesujithks3@gmail.com"},{"gender":"M","dob":1997-12-05,"name":"SUJITH K S","mobile":"9656008103","id":23,"email":"mesujithks3@gmail.com"},{"gender":"M","dob":1997-12-05,"name":"SUJITH K S","mobile":"9656008103","id":23,"email":"mesujithks3@gmail.com"},{"gender":"M","dob":1997-12-05,"name":"SUJITH K S","mobile":"9656008103","id":23,"email":"mesujithks3@gmail.com"},{"gender":"M","dob":1997-12-05,"name":"SUJITH K S","mobile":"9656008103","id":23,"email":"mesujithks3@gmail.com"}],"iTotalDisplayRecords":2}
[INFO ] 2019-10-01 18:27:44.780 [http-nio-8090-exec-56] MainController - Inside Faculty
[INFO ] 2019-10-01 18:27:45.769 [http-nio-8090-exec-50] MainController - Inside FacultyTableList
[INFO ] 2019-10-01 18:27:45.777 [http-nio-8090-exec-50] AdminServiceImpl - Inside getFacultyDetails: 
[DEBUG] 2019-10-01 18:27:45.856 [http-nio-8090-exec-50] MainController - Inside FacultyTableList: {"iTotalRecords":2,"aaData":[{"gender":"M","dob":1997-12-05,"name":"SUJITH K S","mobile":"9656008103","id":23,"email":"mesujithks3@gmail.com"},{"gender":"M","dob":1997-12-05,"name":"SUJITH K S","mobile":"9656008103","id":23,"email":"mesujithks3@gmail.com"},{"gender":"M","dob":1997-12-05,"name":"SUJITH K S","mobile":"9656008103","id":23,"email":"mesujithks3@gmail.com"},{"gender":"M","dob":1997-12-05,"name":"SUJITH K S","mobile":"9656008103","id":23,"email":"mesujithks3@gmail.com"},{"gender":"M","dob":1997-12-05,"name":"SUJITH K S","mobile":"9656008103","id":23,"email":"mesujithks3@gmail.com"}],"iTotalDisplayRecords":2}
[INFO ] 2019-10-01 18:40:18.516 [http-nio-8090-exec-58] MainController - Inside Faculty
[INFO ] 2019-10-01 18:40:24.418 [http-nio-8090-exec-58] MainController - Inside FacultyTableList
[INFO ] 2019-10-01 18:40:24.419 [http-nio-8090-exec-58] AdminServiceImpl - Inside getFacultyDetails: 
[DEBUG] 2019-10-01 18:40:30.191 [http-nio-8090-exec-58] MainController - Inside FacultyTableList: {"iTotalRecords":2,"aaData":[{"gender":"M","dob":1997-12-05,"name":"SUJITH K S","mobile":"9656008103","id":23,"email":"mesujithks3@gmail.com"},{"gender":"M","dob":1997-12-05,"name":"SUJITH K S","mobile":"9656008103","id":23,"email":"mesujithks3@gmail.com"},{"gender":"M","dob":1997-12-05,"name":"SUJITH K S","mobile":"9656008103","id":23,"email":"mesujithks3@gmail.com"},{"gender":"M","dob":1997-12-05,"name":"SUJITH K S","mobile":"9656008103","id":23,"email":"mesujithks3@gmail.com"},{"gender":"M","dob":1997-12-05,"name":"SUJITH K S","mobile":"9656008103","id":23,"email":"mesujithks3@gmail.com"}],"iTotalDisplayRecords":2}
[INFO ] 2019-10-01 18:42:54.282 [http-nio-8090-exec-59] MainController - Inside Faculty
[INFO ] 2019-10-01 18:42:58.901 [http-nio-8090-exec-61] MainController - Inside FacultyTableList
[INFO ] 2019-10-01 18:42:58.903 [http-nio-8090-exec-61] AdminServiceImpl - Inside getFacultyDetails: 
[DEBUG] 2019-10-01 18:43:00.162 [http-nio-8090-exec-61] MainController - Inside FacultyTableList: {"iTotalRecords":2,"aaData":[{"gender":"M","dob":1997-12-05,"name":"SUJITH K S","mobile":"9656008103","id":23,"email":"mesujithks3@gmail.com"},{"gender":"M","dob":1997-12-05,"name":"SUJITH K S","mobile":"9656008103","id":23,"email":"mesujithks3@gmail.com"},{"gender":"M","dob":1997-12-05,"name":"SUJITH K S","mobile":"9656008103","id":23,"email":"mesujithks3@gmail.com"},{"gender":"M","dob":1997-12-05,"name":"SUJITH K S","mobile":"9656008103","id":23,"email":"mesujithks3@gmail.com"},{"gender":"M","dob":1997-12-05,"name":"SUJITH K S","mobile":"9656008103","id":23,"email":"mesujithks3@gmail.com"}],"iTotalDisplayRecords":2}
[INFO ] 2019-10-01 18:45:06.320 [http-nio-8090-exec-67] MainController - Inside Faculty
[INFO ] 2019-10-01 18:45:08.299 [http-nio-8090-exec-64] MainController - Inside FacultyTableList
[INFO ] 2019-10-01 18:45:08.300 [http-nio-8090-exec-64] AdminServiceImpl - Inside getFacultyDetails: 
[DEBUG] 2019-10-01 18:45:11.952 [http-nio-8090-exec-64] MainController - Inside FacultyTableList: {"iTotalRecords":2,"aaData":[{"gender":"M","dob":1997-12-05,"name":"SUJITH K S","mobile":"9656008103","id":23,"email":"mesujithks3@gmail.com"},{"gender":"M","dob":1997-12-05,"name":"SUJITH K S","mobile":"9656008103","id":23,"email":"mesujithks3@gmail.com"},{"gender":"M","dob":1997-12-05,"name":"SUJITH K S","mobile":"9656008103","id":23,"email":"mesujithks3@gmail.com"},{"gender":"M","dob":1997-12-05,"name":"SUJITH K S","mobile":"9656008103","id":23,"email":"mesujithks3@gmail.com"},{"gender":"M","dob":1997-12-05,"name":"SUJITH K S","mobile":"9656008103","id":23,"email":"mesujithks3@gmail.com"}],"iTotalDisplayRecords":2}
