[INFO ] 2019-10-09 10:34:11.306 [http-nio-8090-exec-2] AdminController - Inside admin/index
[INFO ] 2019-10-09 10:34:11.830 [http-nio-8090-exec-3] MainController - Inside index
[INFO ] 2019-10-09 10:34:21.337 [http-nio-8090-exec-8] MainController - Inside faculty/view
[INFO ] 2019-10-09 10:34:27.459 [http-nio-8090-exec-9] MainController - Inside admin/StudentTableList
[INFO ] 2019-10-09 10:34:27.463 [http-nio-8090-exec-9] AdminServiceImpl - Inside getStudentDetails: 
[DEBUG] 2019-10-09 10:34:27.948 [http-nio-8090-exec-9] MainController - Inside admin/StudentTableList: {"iTotalRecords":6,"aaData":[{"gender":"M","dob":1997-12-05,"name":"test","mobile":"1236547890","id":29,"email":"test@gmail.com"},{"gender":"M","dob":1997-12-05,"name":"test","mobile":"1236547890","id":29,"email":"test@gmail.com"},{"gender":"M","dob":1997-11-11,"name":"Sreejith","mobile":"7896541320","id":25,"email":"sree@gamil.com"},{"gender":"M","dob":1996-11-11,"name":"Arun Kumar","mobile":"1478523690","id":26,"email":"adarsh@gmail.com"},{"gender":"M","dob":1997-12-12,"name":"Harichand","mobile":"123654789","id":27,"email":"harichand12cec@gmail.com"}],"iTotalDisplayRecords":6}
[INFO ] 2019-10-09 10:36:19.621 [http-nio-8090-exec-3] MainController - Inside faculty/view
[INFO ] 2019-10-09 10:36:28.349 [http-nio-8090-exec-1] MainController - Inside admin/StudentTableList
[INFO ] 2019-10-09 10:36:28.351 [http-nio-8090-exec-1] AdminServiceImpl - Inside getStudentDetails: 
[DEBUG] 2019-10-09 10:36:28.458 [http-nio-8090-exec-1] MainController - Inside admin/StudentTableList: {"iTotalRecords":6,"aaData":[{"gender":"M","dob":1997-12-05,"name":"test","mobile":"1236547890","id":29,"email":"test@gmail.com"},{"gender":"M","dob":1997-12-05,"name":"test","mobile":"1236547890","id":29,"email":"test@gmail.com"},{"gender":"M","dob":1997-11-11,"name":"Sreejith","mobile":"7896541320","id":25,"email":"sree@gamil.com"},{"gender":"M","dob":1996-11-11,"name":"Arun Kumar","mobile":"1478523690","id":26,"email":"adarsh@gmail.com"},{"gender":"M","dob":1997-12-12,"name":"Harichand","mobile":"123654789","id":27,"email":"harichand12cec@gmail.com"}],"iTotalDisplayRecords":6}
[INFO ] 2019-10-09 10:36:50.607 [http-nio-8090-exec-10] MainController - Inside admin/StudentTableList
[INFO ] 2019-10-09 10:36:50.611 [http-nio-8090-exec-10] AdminServiceImpl - Inside getStudentDetails: 
[DEBUG] 2019-10-09 10:36:50.687 [http-nio-8090-exec-10] MainController - Inside admin/StudentTableList: {"iTotalRecords":6,"aaData":[{"gender":"M","dob":1997-12-05,"name":"test","mobile":"1236547890","id":29,"email":"test@gmail.com"},{"gender":"M","dob":1997-12-05,"name":"test","mobile":"1236547890","id":29,"email":"test@gmail.com"},{"gender":"M","dob":1997-11-11,"name":"Sreejith","mobile":"7896541320","id":25,"email":"sree@gamil.com"},{"gender":"M","dob":1996-11-11,"name":"Arun Kumar","mobile":"1478523690","id":26,"email":"adarsh@gmail.com"},{"gender":"M","dob":1997-12-12,"name":"Harichand","mobile":"123654789","id":27,"email":"harichand12cec@gmail.com"}],"iTotalDisplayRecords":6}
[INFO ] 2019-10-09 10:36:52.174 [http-nio-8090-exec-2] MainController - Inside admin/StudentTableList
[INFO ] 2019-10-09 10:36:52.176 [http-nio-8090-exec-2] AdminServiceImpl - Inside getStudentDetails: 
[DEBUG] 2019-10-09 10:36:52.266 [http-nio-8090-exec-2] MainController - Inside admin/StudentTableList: {"iTotalRecords":6,"aaData":[{"gender":"M","dob":1997-12-05,"name":"test","mobile":"1236547890","id":29,"email":"test@gmail.com"},{"gender":"M","dob":1997-12-05,"name":"test","mobile":"1236547890","id":29,"email":"test@gmail.com"},{"gender":"M","dob":1997-11-11,"name":"Sreejith","mobile":"7896541320","id":25,"email":"sree@gamil.com"},{"gender":"M","dob":1996-11-11,"name":"Arun Kumar","mobile":"1478523690","id":26,"email":"adarsh@gmail.com"},{"gender":"M","dob":1997-12-12,"name":"Harichand","mobile":"123654789","id":27,"email":"harichand12cec@gmail.com"}],"iTotalDisplayRecords":6}
[INFO ] 2019-10-09 10:36:53.473 [http-nio-8090-exec-3] MainController - Inside admin/StudentTableList
[INFO ] 2019-10-09 10:36:53.477 [http-nio-8090-exec-3] AdminServiceImpl - Inside getStudentDetails: 
[DEBUG] 2019-10-09 10:36:53.592 [http-nio-8090-exec-3] MainController - Inside admin/StudentTableList: {"iTotalRecords":6,"aaData":[{"gender":"M","dob":1997-12-05,"name":"test","mobile":"1236547890","id":29,"email":"test@gmail.com"},{"gender":"M","dob":1997-12-05,"name":"test","mobile":"1236547890","id":29,"email":"test@gmail.com"},{"gender":"M","dob":1997-11-11,"name":"Sreejith","mobile":"7896541320","id":25,"email":"sree@gamil.com"},{"gender":"M","dob":1996-11-11,"name":"Arun Kumar","mobile":"1478523690","id":26,"email":"adarsh@gmail.com"},{"gender":"M","dob":1997-12-12,"name":"Harichand","mobile":"123654789","id":27,"email":"harichand12cec@gmail.com"}],"iTotalDisplayRecords":6}
[INFO ] 2019-10-09 10:36:54.692 [http-nio-8090-exec-4] MainController - Inside admin/StudentTableList
[INFO ] 2019-10-09 10:36:54.704 [http-nio-8090-exec-4] AdminServiceImpl - Inside getStudentDetails: 
[DEBUG] 2019-10-09 10:36:54.813 [http-nio-8090-exec-4] MainController - Inside admin/StudentTableList: {"iTotalRecords":6,"aaData":[{"gender":"M","dob":1997-12-05,"name":"test","mobile":"1236547890","id":29,"email":"test@gmail.com"},{"gender":"M","dob":1997-12-05,"name":"test","mobile":"1236547890","id":29,"email":"test@gmail.com"},{"gender":"M","dob":1997-11-11,"name":"Sreejith","mobile":"7896541320","id":25,"email":"sree@gamil.com"},{"gender":"M","dob":1996-11-11,"name":"Arun Kumar","mobile":"1478523690","id":26,"email":"adarsh@gmail.com"},{"gender":"M","dob":1997-12-12,"name":"Harichand","mobile":"123654789","id":27,"email":"harichand12cec@gmail.com"}],"iTotalDisplayRecords":6}
[INFO ] 2019-10-09 10:36:56.291 [http-nio-8090-exec-5] MainController - Inside admin/StudentTableList
[INFO ] 2019-10-09 10:36:56.294 [http-nio-8090-exec-5] AdminServiceImpl - Inside getStudentDetails: 
[DEBUG] 2019-10-09 10:36:56.453 [http-nio-8090-exec-5] MainController - Inside admin/StudentTableList: {"iTotalRecords":6,"aaData":[{"gender":"M","dob":1997-12-05,"name":"test","mobile":"1236547890","id":29,"email":"test@gmail.com"},{"gender":"M","dob":1997-12-05,"name":"test","mobile":"1236547890","id":29,"email":"test@gmail.com"},{"gender":"M","dob":1997-11-11,"name":"Sreejith","mobile":"7896541320","id":25,"email":"sree@gamil.com"},{"gender":"M","dob":1996-11-11,"name":"Arun Kumar","mobile":"1478523690","id":26,"email":"adarsh@gmail.com"},{"gender":"M","dob":1997-12-12,"name":"Harichand","mobile":"123654789","id":27,"email":"harichand12cec@gmail.com"}],"iTotalDisplayRecords":6}
[INFO ] 2019-10-09 10:38:01.957 [http-nio-8090-exec-7] MainController - Inside faculty/view
[INFO ] 2019-10-09 10:38:10.426 [http-nio-8090-exec-3] MainController - Inside admin/StudentTableList
[INFO ] 2019-10-09 10:38:10.432 [http-nio-8090-exec-3] AdminServiceImpl - Inside getStudentDetails: 
[DEBUG] 2019-10-09 10:38:10.561 [http-nio-8090-exec-3] MainController - Inside admin/StudentTableList: {"iTotalRecords":6,"aaData":[{"gender":"M","dob":1997-12-05,"name":"test","mobile":"1236547890","id":29,"email":"test@gmail.com"},{"gender":"M","dob":1997-12-05,"name":"test","mobile":"1236547890","id":29,"email":"test@gmail.com"},{"gender":"M","dob":1997-11-11,"name":"Sreejith","mobile":"7896541320","id":25,"email":"sree@gamil.com"},{"gender":"M","dob":1996-11-11,"name":"Arun Kumar","mobile":"1478523690","id":26,"email":"adarsh@gmail.com"},{"gender":"M","dob":1997-12-12,"name":"Harichand","mobile":"123654789","id":27,"email":"harichand12cec@gmail.com"}],"iTotalDisplayRecords":6}
[INFO ] 2019-10-09 10:38:17.740 [http-nio-8090-exec-4] MainController - Inside admin/StudentTableList
[INFO ] 2019-10-09 10:38:17.741 [http-nio-8090-exec-4] AdminServiceImpl - Inside getStudentDetails: 
[DEBUG] 2019-10-09 10:38:17.851 [http-nio-8090-exec-4] MainController - Inside admin/StudentTableList: {"iTotalRecords":6,"aaData":[{"gender":"M","dob":1997-12-05,"name":"test","mobile":"1236547890","id":29,"email":"test@gmail.com"},{"gender":"M","dob":1997-12-05,"name":"test","mobile":"1236547890","id":29,"email":"test@gmail.com"},{"gender":"M","dob":1997-11-11,"name":"Sreejith","mobile":"7896541320","id":25,"email":"sree@gamil.com"},{"gender":"M","dob":1996-11-11,"name":"Arun Kumar","mobile":"1478523690","id":26,"email":"adarsh@gmail.com"},{"gender":"M","dob":1997-12-12,"name":"Harichand","mobile":"123654789","id":27,"email":"harichand12cec@gmail.com"}],"iTotalDisplayRecords":6}
[INFO ] 2019-10-09 10:38:19.432 [http-nio-8090-exec-7] MainController - Inside admin/StudentTableList
[INFO ] 2019-10-09 10:38:19.437 [http-nio-8090-exec-7] AdminServiceImpl - Inside getStudentDetails: 
[DEBUG] 2019-10-09 10:38:19.526 [http-nio-8090-exec-7] MainController - Inside admin/StudentTableList: {"iTotalRecords":6,"aaData":[{"gender":"M","dob":1997-12-05,"name":"test","mobile":"1236547890","id":29,"email":"test@gmail.com"},{"gender":"M","dob":1997-12-05,"name":"test","mobile":"1236547890","id":29,"email":"test@gmail.com"},{"gender":"M","dob":1997-11-11,"name":"Sreejith","mobile":"7896541320","id":25,"email":"sree@gamil.com"},{"gender":"M","dob":1996-11-11,"name":"Arun Kumar","mobile":"1478523690","id":26,"email":"adarsh@gmail.com"},{"gender":"M","dob":1997-12-12,"name":"Harichand","mobile":"123654789","id":27,"email":"harichand12cec@gmail.com"}],"iTotalDisplayRecords":6}
[INFO ] 2019-10-09 10:38:21.187 [http-nio-8090-exec-8] MainController - Inside admin/StudentTableList
[INFO ] 2019-10-09 10:38:21.191 [http-nio-8090-exec-8] AdminServiceImpl - Inside getStudentDetails: 
[DEBUG] 2019-10-09 10:38:21.290 [http-nio-8090-exec-8] MainController - Inside admin/StudentTableList: {"iTotalRecords":6,"aaData":[{"gender":"M","dob":1997-12-05,"name":"test","mobile":"1236547890","id":29,"email":"test@gmail.com"},{"gender":"M","dob":1997-12-05,"name":"test","mobile":"1236547890","id":29,"email":"test@gmail.com"},{"gender":"M","dob":1997-11-11,"name":"Sreejith","mobile":"7896541320","id":25,"email":"sree@gamil.com"},{"gender":"M","dob":1996-11-11,"name":"Arun Kumar","mobile":"1478523690","id":26,"email":"adarsh@gmail.com"},{"gender":"M","dob":1997-12-12,"name":"Harichand","mobile":"123654789","id":27,"email":"harichand12cec@gmail.com"}],"iTotalDisplayRecords":6}
[INFO ] 2019-10-09 10:38:23.074 [http-nio-8090-exec-6] MainController - Inside admin/StudentTableList
[INFO ] 2019-10-09 10:38:23.080 [http-nio-8090-exec-6] AdminServiceImpl - Inside getStudentDetails: 
[DEBUG] 2019-10-09 10:38:23.153 [http-nio-8090-exec-6] MainController - Inside admin/StudentTableList: {"iTotalRecords":6,"aaData":[{"gender":"M","dob":1997-12-05,"name":"test","mobile":"1236547890","id":29,"email":"test@gmail.com"},{"gender":"M","dob":1997-12-05,"name":"test","mobile":"1236547890","id":29,"email":"test@gmail.com"},{"gender":"M","dob":1997-11-11,"name":"Sreejith","mobile":"7896541320","id":25,"email":"sree@gamil.com"},{"gender":"M","dob":1996-11-11,"name":"Arun Kumar","mobile":"1478523690","id":26,"email":"adarsh@gmail.com"},{"gender":"M","dob":1997-12-12,"name":"Harichand","mobile":"123654789","id":27,"email":"harichand12cec@gmail.com"}],"iTotalDisplayRecords":6}
[INFO ] 2019-10-09 10:38:25.254 [http-nio-8090-exec-9] MainController - Inside admin/StudentTableList
[INFO ] 2019-10-09 10:38:25.256 [http-nio-8090-exec-9] AdminServiceImpl - Inside getStudentDetails: 
[DEBUG] 2019-10-09 10:38:25.307 [http-nio-8090-exec-9] MainController - Inside admin/StudentTableList: {"iTotalRecords":6,"aaData":[{"gender":"M","dob":1997-12-05,"name":"test","mobile":"1236547890","id":29,"email":"test@gmail.com"},{"gender":"M","dob":1997-12-05,"name":"test","mobile":"1236547890","id":29,"email":"test@gmail.com"},{"gender":"M","dob":1997-11-11,"name":"Sreejith","mobile":"7896541320","id":25,"email":"sree@gamil.com"},{"gender":"M","dob":1996-11-11,"name":"Arun Kumar","mobile":"1478523690","id":26,"email":"adarsh@gmail.com"},{"gender":"M","dob":1997-12-12,"name":"Harichand","mobile":"123654789","id":27,"email":"harichand12cec@gmail.com"}],"iTotalDisplayRecords":6}
[INFO ] 2019-10-09 10:45:04.790 [http-nio-8090-exec-1] MainController - Inside admin/StudentTableList
[INFO ] 2019-10-09 10:45:04.792 [http-nio-8090-exec-1] AdminServiceImpl - Inside getStudentDetails: 
[DEBUG] 2019-10-09 10:45:04.833 [http-nio-8090-exec-1] MainController - Inside admin/StudentTableList: {"iTotalRecords":6,"aaData":[{"gender":"M","dob":1997-12-05,"name":"SUJITH K S","mobile":"9656008103","id":28,"email":"mesujithks3@gmail.com"},{"gender":"F","dob":1997-12-12,"name":"joy happy","mobile":"9656008103","id":30,"email":"mesujithks3@gmail.com"}],"iTotalDisplayRecords":6}
[INFO ] 2019-10-09 11:03:07.502 [http-nio-8090-exec-10] MainController - Inside admin/StudentTableList
[INFO ] 2019-10-09 11:03:07.504 [http-nio-8090-exec-10] AdminServiceImpl - Inside getStudentDetails: 
[DEBUG] 2019-10-09 11:03:07.545 [http-nio-8090-exec-10] MainController - Inside admin/StudentTableList: {"iTotalRecords":6,"aaData":[{"gender":"M","dob":1997-12-05,"name":"test","mobile":"1236547890","id":29,"email":"test@gmail.com"},{"gender":"M","dob":1997-12-05,"name":"test","mobile":"1236547890","id":29,"email":"test@gmail.com"},{"gender":"M","dob":1997-11-11,"name":"Sreejith","mobile":"7896541320","id":25,"email":"sree@gamil.com"},{"gender":"M","dob":1996-11-11,"name":"Arun Kumar","mobile":"1478523690","id":26,"email":"adarsh@gmail.com"},{"gender":"M","dob":1997-12-12,"name":"Harichand","mobile":"123654789","id":27,"email":"harichand12cec@gmail.com"}],"iTotalDisplayRecords":6}
[INFO ] 2019-10-09 11:03:20.697 [http-nio-8090-exec-2] MainController - Inside admin/StudentTableList
[INFO ] 2019-10-09 11:03:20.703 [http-nio-8090-exec-2] AdminServiceImpl - Inside getStudentDetails: 
[DEBUG] 2019-10-09 11:03:20.737 [http-nio-8090-exec-2] MainController - Inside admin/StudentTableList: {"iTotalRecords":6,"aaData":[{"gender":"M","dob":1997-12-05,"name":"SUJITH K S","mobile":"9656008103","id":28,"email":"mesujithks3@gmail.com"},{"gender":"F","dob":1997-12-12,"name":"joy happy","mobile":"9656008103","id":30,"email":"mesujithks3@gmail.com"}],"iTotalDisplayRecords":6}
[INFO ] 2019-10-09 11:03:21.665 [http-nio-8090-exec-3] AdminController - Inside admin/ViewFaculty
[INFO ] 2019-10-09 11:03:21.715 [http-nio-8090-exec-5] MainController - Inside index
[INFO ] 2019-10-09 11:03:25.443 [http-nio-8090-exec-4] MainController - Inside admin/StudentTableList
[INFO ] 2019-10-09 11:03:25.444 [http-nio-8090-exec-4] AdminServiceImpl - Inside getStudentDetails: 
[DEBUG] 2019-10-09 11:03:25.481 [http-nio-8090-exec-4] MainController - Inside admin/StudentTableList: {"iTotalRecords":6,"aaData":[{"gender":"M","dob":1997-12-05,"name":"test","mobile":"1236547890","id":29,"email":"test@gmail.com"},{"gender":"M","dob":1997-12-05,"name":"test","mobile":"1236547890","id":29,"email":"test@gmail.com"},{"gender":"M","dob":1997-11-11,"name":"Sreejith","mobile":"7896541320","id":25,"email":"sree@gamil.com"},{"gender":"M","dob":1996-11-11,"name":"Arun Kumar","mobile":"1478523690","id":26,"email":"adarsh@gmail.com"},{"gender":"M","dob":1997-12-12,"name":"Harichand","mobile":"123654789","id":27,"email":"harichand12cec@gmail.com"}],"iTotalDisplayRecords":6}
[INFO ] 2019-10-09 11:03:28.582 [http-nio-8090-exec-7] MainController - Inside admin/StudentTableList
[INFO ] 2019-10-09 11:03:28.584 [http-nio-8090-exec-7] AdminServiceImpl - Inside getStudentDetails: 
[DEBUG] 2019-10-09 11:03:28.617 [http-nio-8090-exec-7] MainController - Inside admin/StudentTableList: {"iTotalRecords":6,"aaData":[{"gender":"M","dob":1997-12-05,"name":"SUJITH K S","mobile":"9656008103","id":28,"email":"mesujithks3@gmail.com"},{"gender":"F","dob":1997-12-12,"name":"joy happy","mobile":"9656008103","id":30,"email":"mesujithks3@gmail.com"}],"iTotalDisplayRecords":6}
[INFO ] 2019-10-09 11:04:47.648 [http-nio-8090-exec-8] MainController - Inside admin/StudentTableList
[INFO ] 2019-10-09 11:04:47.650 [http-nio-8090-exec-8] AdminServiceImpl - Inside getStudentDetails: 
[DEBUG] 2019-10-09 11:04:47.695 [http-nio-8090-exec-8] MainController - Inside admin/StudentTableList: {"iTotalRecords":6,"aaData":[{"gender":"M","dob":1997-12-05,"name":"test","mobile":"1236547890","id":29,"email":"test@gmail.com"},{"gender":"M","dob":1997-12-05,"name":"test","mobile":"1236547890","id":29,"email":"test@gmail.com"},{"gender":"M","dob":1997-11-11,"name":"Sreejith","mobile":"7896541320","id":25,"email":"sree@gamil.com"},{"gender":"M","dob":1996-11-11,"name":"Arun Kumar","mobile":"1478523690","id":26,"email":"adarsh@gmail.com"},{"gender":"M","dob":1997-12-12,"name":"Harichand","mobile":"123654789","id":27,"email":"harichand12cec@gmail.com"}],"iTotalDisplayRecords":6}
[INFO ] 2019-10-09 11:32:35.472 [http-nio-8090-exec-1] MainController - Inside faculty/view
[INFO ] 2019-10-09 11:32:36.360 [http-nio-8090-exec-3] MainController - Inside admin/StudentTableList
[INFO ] 2019-10-09 11:32:36.361 [http-nio-8090-exec-3] AdminServiceImpl - Inside getStudentDetails: 
[DEBUG] 2019-10-09 11:32:36.486 [http-nio-8090-exec-3] MainController - Inside admin/StudentTableList: {"iTotalRecords":6,"aaData":[{"gender":"M","dob":1997-12-05,"name":"test","mobile":"1236547890","id":29,"email":"test@gmail.com"},{"gender":"M","dob":1997-12-05,"name":"test","mobile":"1236547890","id":29,"email":"test@gmail.com"},{"gender":"M","dob":1997-11-11,"name":"Sreejith","mobile":"7896541320","id":25,"email":"sree@gamil.com"},{"gender":"M","dob":1996-11-11,"name":"Arun Kumar","mobile":"1478523690","id":26,"email":"adarsh@gmail.com"},{"gender":"M","dob":1997-12-12,"name":"Harichand","mobile":"123654789","id":27,"email":"harichand12cec@gmail.com"}],"iTotalDisplayRecords":6}
[INFO ] 2019-10-09 12:05:16.531 [http-nio-8090-exec-7] MainController - Inside faculty/view
[INFO ] 2019-10-09 12:05:17.349 [http-nio-8090-exec-10] MainController - Inside admin/StudentTableList
[INFO ] 2019-10-09 12:05:17.351 [http-nio-8090-exec-10] AdminServiceImpl - Inside getStudentDetails: 
[DEBUG] 2019-10-09 12:05:17.431 [http-nio-8090-exec-10] MainController - Inside admin/StudentTableList: {"iTotalRecords":6,"aaData":[{"gender":"M","dob":1997-12-05,"name":"test","mobile":"1236547890","id":29,"email":"test@gmail.com"},{"gender":"M","dob":1997-12-05,"name":"test","mobile":"1236547890","id":29,"email":"test@gmail.com"},{"gender":"M","dob":1997-11-11,"name":"Sreejith","mobile":"7896541320","id":25,"email":"sree@gamil.com"},{"gender":"M","dob":1996-11-11,"name":"Arun Kumar","mobile":"1478523690","id":26,"email":"adarsh@gmail.com"},{"gender":"M","dob":1997-12-12,"name":"Harichand","mobile":"123654789","id":27,"email":"harichand12cec@gmail.com"}],"iTotalDisplayRecords":6}
