[INFO ] 2019-10-08 12:08:22.156 [http-nio-8090-exec-2] AdminController - Inside admin/index
[INFO ] 2019-10-08 12:08:22.828 [http-nio-8090-exec-3] MainController - Inside index
[INFO ] 2019-10-08 12:08:26.256 [http-nio-8090-exec-6] MainController - Inside Faculty
[INFO ] 2019-10-08 12:08:27.145 [http-nio-8090-exec-3] MainController - Inside admin/StudentTableList
[INFO ] 2019-10-08 12:08:27.149 [http-nio-8090-exec-3] AdminServiceImpl - Inside getStudentDetails: 
[INFO ] 2019-10-08 12:08:28.535 [http-nio-8090-exec-4] MainController - Inside admin/StudentTableList
[INFO ] 2019-10-08 12:08:28.538 [http-nio-8090-exec-4] AdminServiceImpl - Inside getStudentDetails: 
[DEBUG] 2019-10-08 12:08:28.632 [http-nio-8090-exec-3] MainController - Inside admin/StudentTableList: {"iTotalRecords":1,"aaData":[{"gender":"M","dob":1996-11-11,"name":"Arun Kumar","mobile":"1478523690","id":26,"email":"adarsh@gmail.com"}],"iTotalDisplayRecords":1}
[DEBUG] 2019-10-08 12:08:28.654 [http-nio-8090-exec-4] MainController - Inside admin/StudentTableList: {"iTotalRecords":1,"aaData":[{"gender":"M","dob":1996-11-11,"name":"Arun Kumar","mobile":"1478523690","id":26,"email":"adarsh@gmail.com"}],"iTotalDisplayRecords":1}
[INFO ] 2019-10-08 12:08:34.249 [http-nio-8090-exec-5] MainController - Inside admin/StudentTableList
[INFO ] 2019-10-08 12:08:34.252 [http-nio-8090-exec-5] AdminServiceImpl - Inside getStudentDetails: 
[DEBUG] 2019-10-08 12:08:34.321 [http-nio-8090-exec-5] MainController - Inside admin/StudentTableList: {"iTotalRecords":6,"aaData":[{"gender":"M","dob":1997-12-05,"name":"test","mobile":"1236547890","id":29,"email":"test@gmail.com"},{"gender":"M","dob":1997-12-05,"name":"test","mobile":"1236547890","id":29,"email":"test@gmail.com"},{"gender":"M","dob":1997-11-11,"name":"Sreejith","mobile":"7896541320","id":25,"email":"sree@gamil.com"},{"gender":"M","dob":1996-11-11,"name":"Arun Kumar","mobile":"1478523690","id":26,"email":"adarsh@gmail.com"},{"gender":"M","dob":1997-12-12,"name":"Harichand","mobile":"123654789","id":27,"email":"harichand12cec@gmail.com"}],"iTotalDisplayRecords":6}
[INFO ] 2019-10-08 12:08:51.762 [http-nio-8090-exec-6] MainController - Inside faculty/view
[INFO ] 2019-10-08 12:08:52.695 [http-nio-8090-exec-3] MainController - Inside admin/StudentTableList
[INFO ] 2019-10-08 12:08:52.699 [http-nio-8090-exec-3] AdminServiceImpl - Inside getStudentDetails: 
[DEBUG] 2019-10-08 12:08:52.740 [http-nio-8090-exec-3] MainController - Inside admin/StudentTableList: {"iTotalRecords":6,"aaData":[{"gender":"M","dob":1997-12-05,"name":"test","mobile":"1236547890","id":29,"email":"test@gmail.com"},{"gender":"M","dob":1997-12-05,"name":"test","mobile":"1236547890","id":29,"email":"test@gmail.com"},{"gender":"M","dob":1997-11-11,"name":"Sreejith","mobile":"7896541320","id":25,"email":"sree@gamil.com"},{"gender":"M","dob":1996-11-11,"name":"Arun Kumar","mobile":"1478523690","id":26,"email":"adarsh@gmail.com"},{"gender":"M","dob":1997-12-12,"name":"Harichand","mobile":"123654789","id":27,"email":"harichand12cec@gmail.com"}],"iTotalDisplayRecords":6}
[INFO ] 2019-10-08 12:09:12.578 [http-nio-8090-exec-4] MainController - Inside faculty/view
[INFO ] 2019-10-08 12:09:13.263 [http-nio-8090-exec-6] MainController - Inside admin/StudentTableList
[INFO ] 2019-10-08 12:09:13.264 [http-nio-8090-exec-6] AdminServiceImpl - Inside getStudentDetails: 
[DEBUG] 2019-10-08 12:09:13.365 [http-nio-8090-exec-6] MainController - Inside admin/StudentTableList: {"iTotalRecords":6,"aaData":[{"gender":"M","dob":1997-12-05,"name":"test","mobile":"1236547890","id":29,"email":"test@gmail.com"},{"gender":"M","dob":1997-12-05,"name":"test","mobile":"1236547890","id":29,"email":"test@gmail.com"},{"gender":"M","dob":1997-11-11,"name":"Sreejith","mobile":"7896541320","id":25,"email":"sree@gamil.com"},{"gender":"M","dob":1996-11-11,"name":"Arun Kumar","mobile":"1478523690","id":26,"email":"adarsh@gmail.com"},{"gender":"M","dob":1997-12-12,"name":"Harichand","mobile":"123654789","id":27,"email":"harichand12cec@gmail.com"}],"iTotalDisplayRecords":6}
[INFO ] 2019-10-08 12:09:39.123 [http-nio-8090-exec-7] MainController - Inside faculty/view
[INFO ] 2019-10-08 12:09:40.025 [http-nio-8090-exec-9] MainController - Inside admin/StudentTableList
[INFO ] 2019-10-08 12:09:40.031 [http-nio-8090-exec-9] AdminServiceImpl - Inside getStudentDetails: 
[DEBUG] 2019-10-08 12:09:40.131 [http-nio-8090-exec-9] MainController - Inside admin/StudentTableList: {"iTotalRecords":6,"aaData":[{"gender":"M","dob":1997-12-05,"name":"test","mobile":"1236547890","id":29,"email":"test@gmail.com"},{"gender":"M","dob":1997-12-05,"name":"test","mobile":"1236547890","id":29,"email":"test@gmail.com"},{"gender":"M","dob":1997-11-11,"name":"Sreejith","mobile":"7896541320","id":25,"email":"sree@gamil.com"},{"gender":"M","dob":1996-11-11,"name":"Arun Kumar","mobile":"1478523690","id":26,"email":"adarsh@gmail.com"},{"gender":"M","dob":1997-12-12,"name":"Harichand","mobile":"123654789","id":27,"email":"harichand12cec@gmail.com"}],"iTotalDisplayRecords":6}
[INFO ] 2019-10-08 12:09:48.665 [http-nio-8090-exec-10] MainController - Inside faculty/view
[INFO ] 2019-10-08 12:09:49.100 [http-nio-8090-exec-2] MainController - Inside admin/StudentTableList
[INFO ] 2019-10-08 12:09:49.102 [http-nio-8090-exec-2] AdminServiceImpl - Inside getStudentDetails: 
[DEBUG] 2019-10-08 12:09:49.146 [http-nio-8090-exec-2] MainController - Inside admin/StudentTableList: {"iTotalRecords":6,"aaData":[{"gender":"M","dob":1997-12-05,"name":"test","mobile":"1236547890","id":29,"email":"test@gmail.com"},{"gender":"M","dob":1997-12-05,"name":"test","mobile":"1236547890","id":29,"email":"test@gmail.com"},{"gender":"M","dob":1997-11-11,"name":"Sreejith","mobile":"7896541320","id":25,"email":"sree@gamil.com"},{"gender":"M","dob":1996-11-11,"name":"Arun Kumar","mobile":"1478523690","id":26,"email":"adarsh@gmail.com"},{"gender":"M","dob":1997-12-12,"name":"Harichand","mobile":"123654789","id":27,"email":"harichand12cec@gmail.com"}],"iTotalDisplayRecords":6}
[INFO ] 2019-10-08 12:10:00.683 [http-nio-8090-exec-3] MainController - Inside faculty/view
[INFO ] 2019-10-08 12:10:01.111 [http-nio-8090-exec-5] MainController - Inside admin/StudentTableList
[INFO ] 2019-10-08 12:10:01.113 [http-nio-8090-exec-5] AdminServiceImpl - Inside getStudentDetails: 
[DEBUG] 2019-10-08 12:10:01.172 [http-nio-8090-exec-5] MainController - Inside admin/StudentTableList: {"iTotalRecords":6,"aaData":[{"gender":"M","dob":1997-12-05,"name":"test","mobile":"1236547890","id":29,"email":"test@gmail.com"},{"gender":"M","dob":1997-12-05,"name":"test","mobile":"1236547890","id":29,"email":"test@gmail.com"},{"gender":"M","dob":1997-11-11,"name":"Sreejith","mobile":"7896541320","id":25,"email":"sree@gamil.com"},{"gender":"M","dob":1996-11-11,"name":"Arun Kumar","mobile":"1478523690","id":26,"email":"adarsh@gmail.com"},{"gender":"M","dob":1997-12-12,"name":"Harichand","mobile":"123654789","id":27,"email":"harichand12cec@gmail.com"}],"iTotalDisplayRecords":6}
[INFO ] 2019-10-08 12:10:34.127 [http-nio-8090-exec-1] MainController - Inside faculty/view
[INFO ] 2019-10-08 12:10:35.508 [http-nio-8090-exec-9] MainController - Inside admin/StudentTableList
[INFO ] 2019-10-08 12:10:35.511 [http-nio-8090-exec-9] AdminServiceImpl - Inside getStudentDetails: 
[DEBUG] 2019-10-08 12:10:35.555 [http-nio-8090-exec-9] MainController - Inside admin/StudentTableList: {"iTotalRecords":6,"aaData":[{"gender":"M","dob":1997-12-05,"name":"test","mobile":"1236547890","id":29,"email":"test@gmail.com"},{"gender":"M","dob":1997-12-05,"name":"test","mobile":"1236547890","id":29,"email":"test@gmail.com"},{"gender":"M","dob":1997-11-11,"name":"Sreejith","mobile":"7896541320","id":25,"email":"sree@gamil.com"},{"gender":"M","dob":1996-11-11,"name":"Arun Kumar","mobile":"1478523690","id":26,"email":"adarsh@gmail.com"},{"gender":"M","dob":1997-12-12,"name":"Harichand","mobile":"123654789","id":27,"email":"harichand12cec@gmail.com"}],"iTotalDisplayRecords":6}
[INFO ] 2019-10-08 12:11:07.291 [http-nio-8090-exec-10] MainController - Inside faculty/view
[INFO ] 2019-10-08 12:11:07.942 [http-nio-8090-exec-5] MainController - Inside admin/StudentTableList
[INFO ] 2019-10-08 12:11:07.946 [http-nio-8090-exec-5] AdminServiceImpl - Inside getStudentDetails: 
[DEBUG] 2019-10-08 12:11:08.012 [http-nio-8090-exec-5] MainController - Inside admin/StudentTableList: {"iTotalRecords":6,"aaData":[{"gender":"M","dob":1997-12-05,"name":"test","mobile":"1236547890","id":29,"email":"test@gmail.com"},{"gender":"M","dob":1997-12-05,"name":"test","mobile":"1236547890","id":29,"email":"test@gmail.com"},{"gender":"M","dob":1997-11-11,"name":"Sreejith","mobile":"7896541320","id":25,"email":"sree@gamil.com"},{"gender":"M","dob":1996-11-11,"name":"Arun Kumar","mobile":"1478523690","id":26,"email":"adarsh@gmail.com"},{"gender":"M","dob":1997-12-12,"name":"Harichand","mobile":"123654789","id":27,"email":"harichand12cec@gmail.com"}],"iTotalDisplayRecords":6}
[INFO ] 2019-10-08 12:35:14.590 [http-nio-8090-exec-3] MainController - Inside faculty/view
[INFO ] 2019-10-08 12:35:15.222 [http-nio-8090-exec-9] MainController - Inside admin/StudentTableList
[INFO ] 2019-10-08 12:35:15.224 [http-nio-8090-exec-9] AdminServiceImpl - Inside getStudentDetails: 
[DEBUG] 2019-10-08 12:35:15.281 [http-nio-8090-exec-9] MainController - Inside admin/StudentTableList: {"iTotalRecords":6,"aaData":[{"gender":"M","dob":1997-12-05,"name":"test","mobile":"1236547890","id":29,"email":"test@gmail.com"},{"gender":"M","dob":1997-12-05,"name":"test","mobile":"1236547890","id":29,"email":"test@gmail.com"},{"gender":"M","dob":1997-11-11,"name":"Sreejith","mobile":"7896541320","id":25,"email":"sree@gamil.com"},{"gender":"M","dob":1996-11-11,"name":"Arun Kumar","mobile":"1478523690","id":26,"email":"adarsh@gmail.com"},{"gender":"M","dob":1997-12-12,"name":"Harichand","mobile":"123654789","id":27,"email":"harichand12cec@gmail.com"}],"iTotalDisplayRecords":6}
[INFO ] 2019-10-08 12:36:15.813 [http-nio-8090-exec-2] MainController - Inside faculty/view
[INFO ] 2019-10-08 12:36:16.460 [http-nio-8090-exec-4] MainController - Inside admin/StudentTableList
[INFO ] 2019-10-08 12:36:16.462 [http-nio-8090-exec-4] AdminServiceImpl - Inside getStudentDetails: 
[DEBUG] 2019-10-08 12:36:16.571 [http-nio-8090-exec-4] MainController - Inside admin/StudentTableList: {"iTotalRecords":6,"aaData":[{"gender":"M","dob":1997-12-05,"name":"test","mobile":"1236547890","id":29,"email":"test@gmail.com"},{"gender":"M","dob":1997-12-05,"name":"test","mobile":"1236547890","id":29,"email":"test@gmail.com"},{"gender":"M","dob":1997-11-11,"name":"Sreejith","mobile":"7896541320","id":25,"email":"sree@gamil.com"},{"gender":"M","dob":1996-11-11,"name":"Arun Kumar","mobile":"1478523690","id":26,"email":"adarsh@gmail.com"},{"gender":"M","dob":1997-12-12,"name":"Harichand","mobile":"123654789","id":27,"email":"harichand12cec@gmail.com"}],"iTotalDisplayRecords":6}
[INFO ] 2019-10-08 12:45:07.878 [http-nio-8090-exec-9] MainController - Inside admin/StudentTableList
[INFO ] 2019-10-08 12:45:07.882 [http-nio-8090-exec-9] AdminServiceImpl - Inside getStudentDetails: 
[INFO ] 2019-10-08 12:45:07.935 [http-nio-8090-exec-6] MainController - Inside faculty/view
[DEBUG] 2019-10-08 12:45:07.963 [http-nio-8090-exec-9] MainController - Inside admin/StudentTableList: {"iTotalRecords":6,"aaData":[{"gender":"M","dob":1997-12-05,"name":"test","mobile":"1236547890","id":29,"email":"test@gmail.com"},{"gender":"M","dob":1997-12-05,"name":"test","mobile":"1236547890","id":29,"email":"test@gmail.com"},{"gender":"M","dob":1997-11-11,"name":"Sreejith","mobile":"7896541320","id":25,"email":"sree@gamil.com"},{"gender":"M","dob":1996-11-11,"name":"Arun Kumar","mobile":"1478523690","id":26,"email":"adarsh@gmail.com"},{"gender":"M","dob":1997-12-12,"name":"Harichand","mobile":"123654789","id":27,"email":"harichand12cec@gmail.com"}],"iTotalDisplayRecords":6}
[INFO ] 2019-10-08 12:45:10.702 [http-nio-8090-exec-1] MainController - Inside admin/StudentTableList
[INFO ] 2019-10-08 12:45:10.704 [http-nio-8090-exec-1] AdminServiceImpl - Inside getStudentDetails: 
[DEBUG] 2019-10-08 12:45:10.755 [http-nio-8090-exec-1] MainController - Inside admin/StudentTableList: {"iTotalRecords":6,"aaData":[{"gender":"M","dob":1997-12-05,"name":"test","mobile":"1236547890","id":29,"email":"test@gmail.com"},{"gender":"M","dob":1997-12-05,"name":"test","mobile":"1236547890","id":29,"email":"test@gmail.com"},{"gender":"M","dob":1997-11-11,"name":"Sreejith","mobile":"7896541320","id":25,"email":"sree@gamil.com"},{"gender":"M","dob":1996-11-11,"name":"Arun Kumar","mobile":"1478523690","id":26,"email":"adarsh@gmail.com"},{"gender":"M","dob":1997-12-12,"name":"Harichand","mobile":"123654789","id":27,"email":"harichand12cec@gmail.com"}],"iTotalDisplayRecords":6}
[INFO ] 2019-10-08 12:45:51.589 [http-nio-8090-exec-7] MainController - Inside faculty/view
[INFO ] 2019-10-08 12:45:53.279 [http-nio-8090-exec-6] MainController - Inside admin/StudentTableList
[INFO ] 2019-10-08 12:45:53.280 [http-nio-8090-exec-6] AdminServiceImpl - Inside getStudentDetails: 
[DEBUG] 2019-10-08 12:45:53.371 [http-nio-8090-exec-6] MainController - Inside admin/StudentTableList: {"iTotalRecords":6,"aaData":[{"gender":"M","dob":1997-12-05,"name":"test","mobile":"1236547890","id":29,"email":"test@gmail.com"},{"gender":"M","dob":1997-12-05,"name":"test","mobile":"1236547890","id":29,"email":"test@gmail.com"},{"gender":"M","dob":1997-11-11,"name":"Sreejith","mobile":"7896541320","id":25,"email":"sree@gamil.com"},{"gender":"M","dob":1996-11-11,"name":"Arun Kumar","mobile":"1478523690","id":26,"email":"adarsh@gmail.com"},{"gender":"M","dob":1997-12-12,"name":"Harichand","mobile":"123654789","id":27,"email":"harichand12cec@gmail.com"}],"iTotalDisplayRecords":6}
[INFO ] 2019-10-08 12:46:14.382 [http-nio-8090-exec-2] MainController - Inside faculty/view
[INFO ] 2019-10-08 12:46:15.502 [http-nio-8090-exec-4] MainController - Inside admin/StudentTableList
[INFO ] 2019-10-08 12:46:15.503 [http-nio-8090-exec-4] AdminServiceImpl - Inside getStudentDetails: 
[DEBUG] 2019-10-08 12:46:15.602 [http-nio-8090-exec-4] MainController - Inside admin/StudentTableList: {"iTotalRecords":6,"aaData":[{"gender":"M","dob":1997-12-05,"name":"test","mobile":"1236547890","id":29,"email":"test@gmail.com"},{"gender":"M","dob":1997-12-05,"name":"test","mobile":"1236547890","id":29,"email":"test@gmail.com"},{"gender":"M","dob":1997-11-11,"name":"Sreejith","mobile":"7896541320","id":25,"email":"sree@gamil.com"},{"gender":"M","dob":1996-11-11,"name":"Arun Kumar","mobile":"1478523690","id":26,"email":"adarsh@gmail.com"},{"gender":"M","dob":1997-12-12,"name":"Harichand","mobile":"123654789","id":27,"email":"harichand12cec@gmail.com"}],"iTotalDisplayRecords":6}
[INFO ] 2019-10-08 12:46:27.049 [http-nio-8090-exec-7] MainController - Inside admin/StudentTableList
[INFO ] 2019-10-08 12:46:27.052 [http-nio-8090-exec-7] AdminServiceImpl - Inside getStudentDetails: 
[DEBUG] 2019-10-08 12:46:27.144 [http-nio-8090-exec-7] MainController - Inside admin/StudentTableList: {"iTotalRecords":2,"aaData":[{"gender":"M","dob":1997-11-11,"name":"Sreejith","mobile":"7896541320","id":25,"email":"sree@gamil.com"},{"gender":"M","dob":1997-12-05,"name":"SUJITH K S","mobile":"9656008103","id":28,"email":"mesujithks3@gmail.com"}],"iTotalDisplayRecords":2}
[INFO ] 2019-10-08 12:48:52.700 [http-nio-8090-exec-8] MainController - Inside admin/StudentTableList
[INFO ] 2019-10-08 12:48:52.702 [http-nio-8090-exec-8] AdminServiceImpl - Inside getStudentDetails: 
[DEBUG] 2019-10-08 12:48:52.730 [http-nio-8090-exec-8] MainController - Inside admin/StudentTableList: {"iTotalRecords":6,"aaData":[{"gender":"M","dob":1997-12-05,"name":"test","mobile":"1236547890","id":29,"email":"test@gmail.com"},{"gender":"M","dob":1997-12-05,"name":"test","mobile":"1236547890","id":29,"email":"test@gmail.com"},{"gender":"M","dob":1997-11-11,"name":"Sreejith","mobile":"7896541320","id":25,"email":"sree@gamil.com"},{"gender":"M","dob":1996-11-11,"name":"Arun Kumar","mobile":"1478523690","id":26,"email":"adarsh@gmail.com"},{"gender":"M","dob":1997-12-12,"name":"Harichand","mobile":"123654789","id":27,"email":"harichand12cec@gmail.com"}],"iTotalDisplayRecords":6}
[INFO ] 2019-10-08 12:49:32.640 [http-nio-8090-exec-9] MainController - Inside admin/StudentTableList
[INFO ] 2019-10-08 12:49:32.642 [http-nio-8090-exec-9] AdminServiceImpl - Inside getStudentDetails: 
[DEBUG] 2019-10-08 12:49:32.729 [http-nio-8090-exec-9] MainController - Inside admin/StudentTableList: {"iTotalRecords":6,"aaData":[{"gender":"M","dob":1997-12-05,"name":"test","mobile":"1236547890","id":29,"email":"test@gmail.com"},{"gender":"M","dob":1997-12-05,"name":"test","mobile":"1236547890","id":29,"email":"test@gmail.com"},{"gender":"M","dob":1997-11-11,"name":"Sreejith","mobile":"7896541320","id":25,"email":"sree@gamil.com"},{"gender":"M","dob":1996-11-11,"name":"Arun Kumar","mobile":"1478523690","id":26,"email":"adarsh@gmail.com"},{"gender":"M","dob":1997-12-12,"name":"Harichand","mobile":"123654789","id":27,"email":"harichand12cec@gmail.com"}],"iTotalDisplayRecords":6}
[INFO ] 2019-10-08 12:49:34.661 [http-nio-8090-exec-6] MainController - Inside faculty/view
[INFO ] 2019-10-08 12:49:35.286 [http-nio-8090-exec-1] MainController - Inside admin/StudentTableList
[INFO ] 2019-10-08 12:49:35.287 [http-nio-8090-exec-1] AdminServiceImpl - Inside getStudentDetails: 
[DEBUG] 2019-10-08 12:49:35.354 [http-nio-8090-exec-1] MainController - Inside admin/StudentTableList: {"iTotalRecords":6,"aaData":[{"gender":"M","dob":1997-12-05,"name":"test","mobile":"1236547890","id":29,"email":"test@gmail.com"},{"gender":"M","dob":1997-12-05,"name":"test","mobile":"1236547890","id":29,"email":"test@gmail.com"},{"gender":"M","dob":1997-11-11,"name":"Sreejith","mobile":"7896541320","id":25,"email":"sree@gamil.com"},{"gender":"M","dob":1996-11-11,"name":"Arun Kumar","mobile":"1478523690","id":26,"email":"adarsh@gmail.com"},{"gender":"M","dob":1997-12-12,"name":"Harichand","mobile":"123654789","id":27,"email":"harichand12cec@gmail.com"}],"iTotalDisplayRecords":6}
[INFO ] 2019-10-08 12:57:17.583 [http-nio-8090-exec-5] MainController - Inside admin/StudentTableList
[INFO ] 2019-10-08 12:57:17.584 [http-nio-8090-exec-5] AdminServiceImpl - Inside getStudentDetails: 
[DEBUG] 2019-10-08 12:57:17.606 [http-nio-8090-exec-5] MainController - Inside admin/StudentTableList: {"iTotalRecords":0,"aaData":[],"iTotalDisplayRecords":0}
[INFO ] 2019-10-08 12:57:20.035 [http-nio-8090-exec-4] MainController - Inside admin/StudentTableList
[INFO ] 2019-10-08 12:57:20.036 [http-nio-8090-exec-4] AdminServiceImpl - Inside getStudentDetails: 
[DEBUG] 2019-10-08 12:57:20.062 [http-nio-8090-exec-4] MainController - Inside admin/StudentTableList: {"iTotalRecords":6,"aaData":[{"gender":"M","dob":1997-12-05,"name":"test","mobile":"1236547890","id":29,"email":"test@gmail.com"},{"gender":"M","dob":1997-12-05,"name":"test","mobile":"1236547890","id":29,"email":"test@gmail.com"},{"gender":"M","dob":1997-11-11,"name":"Sreejith","mobile":"7896541320","id":25,"email":"sree@gamil.com"},{"gender":"M","dob":1996-11-11,"name":"Arun Kumar","mobile":"1478523690","id":26,"email":"adarsh@gmail.com"},{"gender":"M","dob":1997-12-12,"name":"Harichand","mobile":"123654789","id":27,"email":"harichand12cec@gmail.com"}],"iTotalDisplayRecords":6}
[INFO ] 2019-10-08 12:57:20.972 [http-nio-8090-exec-3] MainController - Inside admin/StudentTableList
[INFO ] 2019-10-08 12:57:20.973 [http-nio-8090-exec-3] AdminServiceImpl - Inside getStudentDetails: 
[DEBUG] 2019-10-08 12:57:21.004 [http-nio-8090-exec-3] MainController - Inside admin/StudentTableList: {"iTotalRecords":0,"aaData":[],"iTotalDisplayRecords":0}
[INFO ] 2019-10-08 12:57:22.070 [http-nio-8090-exec-7] MainController - Inside admin/StudentTableList
[INFO ] 2019-10-08 12:57:22.071 [http-nio-8090-exec-7] AdminServiceImpl - Inside getStudentDetails: 
[DEBUG] 2019-10-08 12:57:22.097 [http-nio-8090-exec-7] MainController - Inside admin/StudentTableList: {"iTotalRecords":6,"aaData":[{"gender":"M","dob":1997-12-05,"name":"test","mobile":"1236547890","id":29,"email":"test@gmail.com"},{"gender":"M","dob":1997-12-05,"name":"test","mobile":"1236547890","id":29,"email":"test@gmail.com"},{"gender":"M","dob":1997-11-11,"name":"Sreejith","mobile":"7896541320","id":25,"email":"sree@gamil.com"},{"gender":"M","dob":1996-11-11,"name":"Arun Kumar","mobile":"1478523690","id":26,"email":"adarsh@gmail.com"},{"gender":"M","dob":1997-12-12,"name":"Harichand","mobile":"123654789","id":27,"email":"harichand12cec@gmail.com"}],"iTotalDisplayRecords":6}
[INFO ] 2019-10-08 12:57:23.455 [http-nio-8090-exec-8] MainController - Inside admin/StudentTableList
[INFO ] 2019-10-08 12:57:23.456 [http-nio-8090-exec-8] AdminServiceImpl - Inside getStudentDetails: 
[DEBUG] 2019-10-08 12:57:23.482 [http-nio-8090-exec-8] MainController - Inside admin/StudentTableList: {"iTotalRecords":1,"aaData":[{"gender":"M","dob":1996-11-11,"name":"Arun Kumar","mobile":"1478523690","id":26,"email":"adarsh@gmail.com"}],"iTotalDisplayRecords":1}
[INFO ] 2019-10-08 12:57:25.055 [http-nio-8090-exec-9] MainController - Inside admin/StudentTableList
[INFO ] 2019-10-08 12:57:25.056 [http-nio-8090-exec-9] AdminServiceImpl - Inside getStudentDetails: 
[DEBUG] 2019-10-08 12:57:25.092 [http-nio-8090-exec-9] MainController - Inside admin/StudentTableList: {"iTotalRecords":6,"aaData":[{"gender":"M","dob":1997-12-05,"name":"test","mobile":"1236547890","id":29,"email":"test@gmail.com"},{"gender":"M","dob":1997-12-05,"name":"test","mobile":"1236547890","id":29,"email":"test@gmail.com"},{"gender":"M","dob":1997-11-11,"name":"Sreejith","mobile":"7896541320","id":25,"email":"sree@gamil.com"},{"gender":"M","dob":1996-11-11,"name":"Arun Kumar","mobile":"1478523690","id":26,"email":"adarsh@gmail.com"},{"gender":"M","dob":1997-12-12,"name":"Harichand","mobile":"123654789","id":27,"email":"harichand12cec@gmail.com"}],"iTotalDisplayRecords":6}
[INFO ] 2019-10-08 12:57:26.046 [http-nio-8090-exec-6] MainController - Inside admin/StudentTableList
[INFO ] 2019-10-08 12:57:26.047 [http-nio-8090-exec-6] AdminServiceImpl - Inside getStudentDetails: 
[DEBUG] 2019-10-08 12:57:26.071 [http-nio-8090-exec-6] MainController - Inside admin/StudentTableList: {"iTotalRecords":1,"aaData":[{"gender":"M","dob":1997-12-05,"name":"test","mobile":"1236547890","id":29,"email":"test@gmail.com"},{"gender":"M","dob":1997-12-05,"name":"test","mobile":"1236547890","id":29,"email":"test@gmail.com"}],"iTotalDisplayRecords":1}
[INFO ] 2019-10-08 12:57:27.504 [http-nio-8090-exec-10] MainController - Inside admin/StudentTableList
[INFO ] 2019-10-08 12:57:27.505 [http-nio-8090-exec-10] AdminServiceImpl - Inside getStudentDetails: 
[DEBUG] 2019-10-08 12:57:27.534 [http-nio-8090-exec-10] MainController - Inside admin/StudentTableList: {"iTotalRecords":6,"aaData":[{"gender":"M","dob":1997-12-05,"name":"test","mobile":"1236547890","id":29,"email":"test@gmail.com"},{"gender":"M","dob":1997-12-05,"name":"test","mobile":"1236547890","id":29,"email":"test@gmail.com"},{"gender":"M","dob":1997-11-11,"name":"Sreejith","mobile":"7896541320","id":25,"email":"sree@gamil.com"},{"gender":"M","dob":1996-11-11,"name":"Arun Kumar","mobile":"1478523690","id":26,"email":"adarsh@gmail.com"},{"gender":"M","dob":1997-12-12,"name":"Harichand","mobile":"123654789","id":27,"email":"harichand12cec@gmail.com"}],"iTotalDisplayRecords":6}
[INFO ] 2019-10-08 12:57:31.167 [http-nio-8090-exec-2] MainController - Inside admin/StudentTableList
[INFO ] 2019-10-08 12:57:31.168 [http-nio-8090-exec-2] AdminServiceImpl - Inside getStudentDetails: 
[DEBUG] 2019-10-08 12:57:31.201 [http-nio-8090-exec-2] MainController - Inside admin/StudentTableList: {"iTotalRecords":1,"aaData":[{"gender":"M","dob":1997-12-12,"name":"Harichand","mobile":"123654789","id":27,"email":"harichand12cec@gmail.com"}],"iTotalDisplayRecords":1}
[INFO ] 2019-10-08 12:57:38.113 [http-nio-8090-exec-1] MainController - Inside admin/StudentTableList
[INFO ] 2019-10-08 12:57:38.114 [http-nio-8090-exec-1] AdminServiceImpl - Inside getStudentDetails: 
[DEBUG] 2019-10-08 12:57:38.136 [http-nio-8090-exec-1] MainController - Inside admin/StudentTableList: {"iTotalRecords":1,"aaData":[{"gender":"M","dob":1997-12-12,"name":"Harichand","mobile":"123654789","id":27,"email":"harichand12cec@gmail.com"}],"iTotalDisplayRecords":1}
[INFO ] 2019-10-08 12:57:40.545 [http-nio-8090-exec-5] MainController - Inside admin/StudentTableList
[INFO ] 2019-10-08 12:57:40.547 [http-nio-8090-exec-5] AdminServiceImpl - Inside getStudentDetails: 
[DEBUG] 2019-10-08 12:57:40.581 [http-nio-8090-exec-5] MainController - Inside admin/StudentTableList: {"iTotalRecords":1,"aaData":[{"gender":"M","dob":1997-12-12,"name":"Harichand","mobile":"123654789","id":27,"email":"harichand12cec@gmail.com"}],"iTotalDisplayRecords":1}
[INFO ] 2019-10-08 12:57:40.876 [http-nio-8090-exec-4] MainController - Inside admin/StudentTableList
[INFO ] 2019-10-08 12:57:40.878 [http-nio-8090-exec-4] AdminServiceImpl - Inside getStudentDetails: 
[DEBUG] 2019-10-08 12:57:40.907 [http-nio-8090-exec-4] MainController - Inside admin/StudentTableList: {"iTotalRecords":6,"aaData":[{"gender":"M","dob":1997-12-05,"name":"test","mobile":"1236547890","id":29,"email":"test@gmail.com"},{"gender":"M","dob":1997-12-05,"name":"test","mobile":"1236547890","id":29,"email":"test@gmail.com"},{"gender":"M","dob":1997-11-11,"name":"Sreejith","mobile":"7896541320","id":25,"email":"sree@gamil.com"},{"gender":"M","dob":1996-11-11,"name":"Arun Kumar","mobile":"1478523690","id":26,"email":"adarsh@gmail.com"},{"gender":"M","dob":1997-12-12,"name":"Harichand","mobile":"123654789","id":27,"email":"harichand12cec@gmail.com"}],"iTotalDisplayRecords":6}
[INFO ] 2019-10-08 13:54:08.571 [http-nio-8090-exec-3] MainController - Inside faculty/view
[INFO ] 2019-10-08 13:54:09.977 [http-nio-8090-exec-9] MainController - Inside admin/StudentTableList
[INFO ] 2019-10-08 13:54:09.978 [http-nio-8090-exec-9] AdminServiceImpl - Inside getStudentDetails: 
[DEBUG] 2019-10-08 13:54:10.035 [http-nio-8090-exec-9] MainController - Inside admin/StudentTableList: {"iTotalRecords":6,"aaData":[{"gender":"M","dob":1997-12-05,"name":"test","mobile":"1236547890","id":29,"email":"test@gmail.com"},{"gender":"M","dob":1997-12-05,"name":"test","mobile":"1236547890","id":29,"email":"test@gmail.com"},{"gender":"M","dob":1997-11-11,"name":"Sreejith","mobile":"7896541320","id":25,"email":"sree@gamil.com"},{"gender":"M","dob":1996-11-11,"name":"Arun Kumar","mobile":"1478523690","id":26,"email":"adarsh@gmail.com"},{"gender":"M","dob":1997-12-12,"name":"Harichand","mobile":"123654789","id":27,"email":"harichand12cec@gmail.com"}],"iTotalDisplayRecords":6}
[INFO ] 2019-10-08 13:54:48.401 [http-nio-8090-exec-4] MainController - Inside faculty/view
[INFO ] 2019-10-08 13:54:49.398 [http-nio-8090-exec-2] MainController - Inside admin/StudentTableList
[INFO ] 2019-10-08 13:54:49.400 [http-nio-8090-exec-2] AdminServiceImpl - Inside getStudentDetails: 
[DEBUG] 2019-10-08 13:54:49.470 [http-nio-8090-exec-2] MainController - Inside admin/StudentTableList: {"iTotalRecords":6,"aaData":[{"gender":"M","dob":1997-12-05,"name":"test","mobile":"1236547890","id":29,"email":"test@gmail.com"},{"gender":"M","dob":1997-12-05,"name":"test","mobile":"1236547890","id":29,"email":"test@gmail.com"},{"gender":"M","dob":1997-11-11,"name":"Sreejith","mobile":"7896541320","id":25,"email":"sree@gamil.com"},{"gender":"M","dob":1996-11-11,"name":"Arun Kumar","mobile":"1478523690","id":26,"email":"adarsh@gmail.com"},{"gender":"M","dob":1997-12-12,"name":"Harichand","mobile":"123654789","id":27,"email":"harichand12cec@gmail.com"}],"iTotalDisplayRecords":6}
[INFO ] 2019-10-08 13:55:11.910 [http-nio-8090-exec-1] MainController - Inside faculty/view
[INFO ] 2019-10-08 13:55:13.329 [http-nio-8090-exec-6] MainController - Inside admin/StudentTableList
[INFO ] 2019-10-08 13:55:13.331 [http-nio-8090-exec-6] AdminServiceImpl - Inside getStudentDetails: 
[DEBUG] 2019-10-08 13:55:13.391 [http-nio-8090-exec-6] MainController - Inside admin/StudentTableList: {"iTotalRecords":6,"aaData":[{"gender":"M","dob":1997-12-05,"name":"test","mobile":"1236547890","id":29,"email":"test@gmail.com"},{"gender":"M","dob":1997-12-05,"name":"test","mobile":"1236547890","id":29,"email":"test@gmail.com"},{"gender":"M","dob":1997-11-11,"name":"Sreejith","mobile":"7896541320","id":25,"email":"sree@gamil.com"},{"gender":"M","dob":1996-11-11,"name":"Arun Kumar","mobile":"1478523690","id":26,"email":"adarsh@gmail.com"},{"gender":"M","dob":1997-12-12,"name":"Harichand","mobile":"123654789","id":27,"email":"harichand12cec@gmail.com"}],"iTotalDisplayRecords":6}
[INFO ] 2019-10-08 13:56:25.836 [http-nio-8090-exec-10] MainController - Inside faculty/view
[INFO ] 2019-10-08 13:56:26.538 [http-nio-8090-exec-7] MainController - Inside admin/StudentTableList
[INFO ] 2019-10-08 13:56:26.539 [http-nio-8090-exec-7] AdminServiceImpl - Inside getStudentDetails: 
[DEBUG] 2019-10-08 13:56:26.601 [http-nio-8090-exec-7] MainController - Inside admin/StudentTableList: {"iTotalRecords":6,"aaData":[{"gender":"M","dob":1997-12-05,"name":"test","mobile":"1236547890","id":29,"email":"test@gmail.com"},{"gender":"M","dob":1997-12-05,"name":"test","mobile":"1236547890","id":29,"email":"test@gmail.com"},{"gender":"M","dob":1997-11-11,"name":"Sreejith","mobile":"7896541320","id":25,"email":"sree@gamil.com"},{"gender":"M","dob":1996-11-11,"name":"Arun Kumar","mobile":"1478523690","id":26,"email":"adarsh@gmail.com"},{"gender":"M","dob":1997-12-12,"name":"Harichand","mobile":"123654789","id":27,"email":"harichand12cec@gmail.com"}],"iTotalDisplayRecords":6}
[INFO ] 2019-10-08 13:57:47.320 [http-nio-8090-exec-9] MainController - Inside faculty/view
[INFO ] 2019-10-08 13:57:48.330 [http-nio-8090-exec-3] MainController - Inside admin/StudentTableList
[INFO ] 2019-10-08 13:57:48.333 [http-nio-8090-exec-3] AdminServiceImpl - Inside getStudentDetails: 
[DEBUG] 2019-10-08 13:57:48.418 [http-nio-8090-exec-3] MainController - Inside admin/StudentTableList: {"iTotalRecords":6,"aaData":[{"gender":"M","dob":1997-12-05,"name":"test","mobile":"1236547890","id":29,"email":"test@gmail.com"},{"gender":"M","dob":1997-12-05,"name":"test","mobile":"1236547890","id":29,"email":"test@gmail.com"},{"gender":"M","dob":1997-11-11,"name":"Sreejith","mobile":"7896541320","id":25,"email":"sree@gamil.com"},{"gender":"M","dob":1996-11-11,"name":"Arun Kumar","mobile":"1478523690","id":26,"email":"adarsh@gmail.com"},{"gender":"M","dob":1997-12-12,"name":"Harichand","mobile":"123654789","id":27,"email":"harichand12cec@gmail.com"}],"iTotalDisplayRecords":6}
[INFO ] 2019-10-08 13:58:40.173 [http-nio-8090-exec-7] MainController - Inside faculty/view
[INFO ] 2019-10-08 13:58:41.797 [http-nio-8090-exec-7] MainController - Inside admin/StudentTableList
[INFO ] 2019-10-08 13:58:41.798 [http-nio-8090-exec-7] AdminServiceImpl - Inside getStudentDetails: 
[DEBUG] 2019-10-08 13:58:41.857 [http-nio-8090-exec-7] MainController - Inside admin/StudentTableList: {"iTotalRecords":6,"aaData":[{"gender":"M","dob":1997-12-05,"name":"test","mobile":"1236547890","id":29,"email":"test@gmail.com"},{"gender":"M","dob":1997-12-05,"name":"test","mobile":"1236547890","id":29,"email":"test@gmail.com"},{"gender":"M","dob":1997-11-11,"name":"Sreejith","mobile":"7896541320","id":25,"email":"sree@gamil.com"},{"gender":"M","dob":1996-11-11,"name":"Arun Kumar","mobile":"1478523690","id":26,"email":"adarsh@gmail.com"},{"gender":"M","dob":1997-12-12,"name":"Harichand","mobile":"123654789","id":27,"email":"harichand12cec@gmail.com"}],"iTotalDisplayRecords":6}
[INFO ] 2019-10-08 14:00:38.531 [http-nio-8090-exec-10] MainController - Inside faculty/view
[INFO ] 2019-10-08 14:00:39.293 [http-nio-8090-exec-3] MainController - Inside admin/StudentTableList
[INFO ] 2019-10-08 14:00:39.294 [http-nio-8090-exec-3] AdminServiceImpl - Inside getStudentDetails: 
[DEBUG] 2019-10-08 14:00:39.335 [http-nio-8090-exec-3] MainController - Inside admin/StudentTableList: {"iTotalRecords":6,"aaData":[{"gender":"M","dob":1997-12-05,"name":"test","mobile":"1236547890","id":29,"email":"test@gmail.com"},{"gender":"M","dob":1997-12-05,"name":"test","mobile":"1236547890","id":29,"email":"test@gmail.com"},{"gender":"M","dob":1997-11-11,"name":"Sreejith","mobile":"7896541320","id":25,"email":"sree@gamil.com"},{"gender":"M","dob":1996-11-11,"name":"Arun Kumar","mobile":"1478523690","id":26,"email":"adarsh@gmail.com"},{"gender":"M","dob":1997-12-12,"name":"Harichand","mobile":"123654789","id":27,"email":"harichand12cec@gmail.com"}],"iTotalDisplayRecords":6}
[INFO ] 2019-10-08 14:02:01.622 [http-nio-8090-exec-7] MainController - Inside faculty/view
[INFO ] 2019-10-08 14:02:03.537 [http-nio-8090-exec-2] MainController - Inside admin/StudentTableList
[INFO ] 2019-10-08 14:02:03.540 [http-nio-8090-exec-2] AdminServiceImpl - Inside getStudentDetails: 
[DEBUG] 2019-10-08 14:02:03.598 [http-nio-8090-exec-2] MainController - Inside admin/StudentTableList: {"iTotalRecords":6,"aaData":[{"gender":"M","dob":1997-12-05,"name":"test","mobile":"1236547890","id":29,"email":"test@gmail.com"},{"gender":"M","dob":1997-12-05,"name":"test","mobile":"1236547890","id":29,"email":"test@gmail.com"},{"gender":"M","dob":1997-11-11,"name":"Sreejith","mobile":"7896541320","id":25,"email":"sree@gamil.com"},{"gender":"M","dob":1996-11-11,"name":"Arun Kumar","mobile":"1478523690","id":26,"email":"adarsh@gmail.com"},{"gender":"M","dob":1997-12-12,"name":"Harichand","mobile":"123654789","id":27,"email":"harichand12cec@gmail.com"}],"iTotalDisplayRecords":6}
[INFO ] 2019-10-08 14:02:19.983 [http-nio-8090-exec-3] MainController - Inside faculty/view
[INFO ] 2019-10-08 14:02:20.914 [http-nio-8090-exec-5] MainController - Inside admin/StudentTableList
[INFO ] 2019-10-08 14:02:20.914 [http-nio-8090-exec-5] AdminServiceImpl - Inside getStudentDetails: 
[DEBUG] 2019-10-08 14:02:20.947 [http-nio-8090-exec-5] MainController - Inside admin/StudentTableList: {"iTotalRecords":6,"aaData":[{"gender":"M","dob":1997-12-05,"name":"test","mobile":"1236547890","id":29,"email":"test@gmail.com"},{"gender":"M","dob":1997-12-05,"name":"test","mobile":"1236547890","id":29,"email":"test@gmail.com"},{"gender":"M","dob":1997-11-11,"name":"Sreejith","mobile":"7896541320","id":25,"email":"sree@gamil.com"},{"gender":"M","dob":1996-11-11,"name":"Arun Kumar","mobile":"1478523690","id":26,"email":"adarsh@gmail.com"},{"gender":"M","dob":1997-12-12,"name":"Harichand","mobile":"123654789","id":27,"email":"harichand12cec@gmail.com"}],"iTotalDisplayRecords":6}
[INFO ] 2019-10-08 14:04:37.214 [http-nio-8090-exec-2] MainController - Inside faculty/view
[INFO ] 2019-10-08 14:04:37.878 [http-nio-8090-exec-1] MainController - Inside admin/StudentTableList
[INFO ] 2019-10-08 14:04:37.880 [http-nio-8090-exec-1] AdminServiceImpl - Inside getStudentDetails: 
[DEBUG] 2019-10-08 14:04:37.934 [http-nio-8090-exec-1] MainController - Inside admin/StudentTableList: {"iTotalRecords":6,"aaData":[{"gender":"M","dob":1997-12-05,"name":"test","mobile":"1236547890","id":29,"email":"test@gmail.com"},{"gender":"M","dob":1997-12-05,"name":"test","mobile":"1236547890","id":29,"email":"test@gmail.com"},{"gender":"M","dob":1997-11-11,"name":"Sreejith","mobile":"7896541320","id":25,"email":"sree@gamil.com"},{"gender":"M","dob":1996-11-11,"name":"Arun Kumar","mobile":"1478523690","id":26,"email":"adarsh@gmail.com"},{"gender":"M","dob":1997-12-12,"name":"Harichand","mobile":"123654789","id":27,"email":"harichand12cec@gmail.com"}],"iTotalDisplayRecords":6}
[INFO ] 2019-10-08 14:05:15.921 [http-nio-8090-exec-6] MainController - Inside faculty/view
[INFO ] 2019-10-08 14:05:16.607 [http-nio-8090-exec-10] MainController - Inside admin/StudentTableList
[INFO ] 2019-10-08 14:05:16.608 [http-nio-8090-exec-10] AdminServiceImpl - Inside getStudentDetails: 
[DEBUG] 2019-10-08 14:05:16.683 [http-nio-8090-exec-10] MainController - Inside admin/StudentTableList: {"iTotalRecords":6,"aaData":[{"gender":"M","dob":1997-12-05,"name":"test","mobile":"1236547890","id":29,"email":"test@gmail.com"},{"gender":"M","dob":1997-12-05,"name":"test","mobile":"1236547890","id":29,"email":"test@gmail.com"},{"gender":"M","dob":1997-11-11,"name":"Sreejith","mobile":"7896541320","id":25,"email":"sree@gamil.com"},{"gender":"M","dob":1996-11-11,"name":"Arun Kumar","mobile":"1478523690","id":26,"email":"adarsh@gmail.com"},{"gender":"M","dob":1997-12-12,"name":"Harichand","mobile":"123654789","id":27,"email":"harichand12cec@gmail.com"}],"iTotalDisplayRecords":6}
[INFO ] 2019-10-08 14:05:33.433 [http-nio-8090-exec-1] MainController - Inside faculty/view
[INFO ] 2019-10-08 14:05:36.131 [http-nio-8090-exec-8] MainController - Inside admin/StudentTableList
[INFO ] 2019-10-08 14:05:36.132 [http-nio-8090-exec-8] AdminServiceImpl - Inside getStudentDetails: 
[DEBUG] 2019-10-08 14:05:36.184 [http-nio-8090-exec-8] MainController - Inside admin/StudentTableList: {"iTotalRecords":6,"aaData":[{"gender":"M","dob":1997-12-05,"name":"test","mobile":"1236547890","id":29,"email":"test@gmail.com"},{"gender":"M","dob":1997-12-05,"name":"test","mobile":"1236547890","id":29,"email":"test@gmail.com"},{"gender":"M","dob":1997-11-11,"name":"Sreejith","mobile":"7896541320","id":25,"email":"sree@gamil.com"},{"gender":"M","dob":1996-11-11,"name":"Arun Kumar","mobile":"1478523690","id":26,"email":"adarsh@gmail.com"},{"gender":"M","dob":1997-12-12,"name":"Harichand","mobile":"123654789","id":27,"email":"harichand12cec@gmail.com"}],"iTotalDisplayRecords":6}
[INFO ] 2019-10-08 14:06:10.364 [http-nio-8090-exec-1] MainController - Inside faculty/view
[INFO ] 2019-10-08 14:06:11.221 [http-nio-8090-exec-8] MainController - Inside admin/StudentTableList
[INFO ] 2019-10-08 14:06:11.226 [http-nio-8090-exec-8] AdminServiceImpl - Inside getStudentDetails: 
[DEBUG] 2019-10-08 14:06:11.292 [http-nio-8090-exec-8] MainController - Inside admin/StudentTableList: {"iTotalRecords":6,"aaData":[{"gender":"M","dob":1997-12-05,"name":"test","mobile":"1236547890","id":29,"email":"test@gmail.com"},{"gender":"M","dob":1997-12-05,"name":"test","mobile":"1236547890","id":29,"email":"test@gmail.com"},{"gender":"M","dob":1997-11-11,"name":"Sreejith","mobile":"7896541320","id":25,"email":"sree@gamil.com"},{"gender":"M","dob":1996-11-11,"name":"Arun Kumar","mobile":"1478523690","id":26,"email":"adarsh@gmail.com"},{"gender":"M","dob":1997-12-12,"name":"Harichand","mobile":"123654789","id":27,"email":"harichand12cec@gmail.com"}],"iTotalDisplayRecords":6}
[INFO ] 2019-10-08 14:08:32.150 [http-nio-8090-exec-9] MainController - Inside faculty/view
[INFO ] 2019-10-08 14:08:33.468 [http-nio-8090-exec-7] MainController - Inside admin/StudentTableList
[INFO ] 2019-10-08 14:08:33.469 [http-nio-8090-exec-7] AdminServiceImpl - Inside getStudentDetails: 
[DEBUG] 2019-10-08 14:08:33.494 [http-nio-8090-exec-7] MainController - Inside admin/StudentTableList: {"iTotalRecords":6,"aaData":[{"gender":"M","dob":1997-12-05,"name":"test","mobile":"1236547890","id":29,"email":"test@gmail.com"},{"gender":"M","dob":1997-12-05,"name":"test","mobile":"1236547890","id":29,"email":"test@gmail.com"},{"gender":"M","dob":1997-11-11,"name":"Sreejith","mobile":"7896541320","id":25,"email":"sree@gamil.com"},{"gender":"M","dob":1996-11-11,"name":"Arun Kumar","mobile":"1478523690","id":26,"email":"adarsh@gmail.com"},{"gender":"M","dob":1997-12-12,"name":"Harichand","mobile":"123654789","id":27,"email":"harichand12cec@gmail.com"}],"iTotalDisplayRecords":6}
[INFO ] 2019-10-08 14:09:19.326 [http-nio-8090-exec-9] MainController - Inside faculty/view
[INFO ] 2019-10-08 14:09:20.063 [http-nio-8090-exec-7] MainController - Inside admin/StudentTableList
[INFO ] 2019-10-08 14:09:20.064 [http-nio-8090-exec-7] AdminServiceImpl - Inside getStudentDetails: 
[DEBUG] 2019-10-08 14:09:20.130 [http-nio-8090-exec-7] MainController - Inside admin/StudentTableList: {"iTotalRecords":6,"aaData":[{"gender":"M","dob":1997-12-05,"name":"test","mobile":"1236547890","id":29,"email":"test@gmail.com"},{"gender":"M","dob":1997-12-05,"name":"test","mobile":"1236547890","id":29,"email":"test@gmail.com"},{"gender":"M","dob":1997-11-11,"name":"Sreejith","mobile":"7896541320","id":25,"email":"sree@gamil.com"},{"gender":"M","dob":1996-11-11,"name":"Arun Kumar","mobile":"1478523690","id":26,"email":"adarsh@gmail.com"},{"gender":"M","dob":1997-12-12,"name":"Harichand","mobile":"123654789","id":27,"email":"harichand12cec@gmail.com"}],"iTotalDisplayRecords":6}
[INFO ] 2019-10-08 15:36:54.280 [http-nio-8090-exec-8] MainController - Inside faculty/view
[INFO ] 2019-10-08 15:36:55.320 [http-nio-8090-exec-4] MainController - Inside admin/StudentTableList
[INFO ] 2019-10-08 15:36:55.321 [http-nio-8090-exec-4] AdminServiceImpl - Inside getStudentDetails: 
[DEBUG] 2019-10-08 15:36:55.476 [http-nio-8090-exec-4] MainController - Inside admin/StudentTableList: {"iTotalRecords":6,"aaData":[{"gender":"M","dob":1997-12-05,"name":"test","mobile":"1236547890","id":29,"email":"test@gmail.com"},{"gender":"M","dob":1997-12-05,"name":"test","mobile":"1236547890","id":29,"email":"test@gmail.com"},{"gender":"M","dob":1997-11-11,"name":"Sreejith","mobile":"7896541320","id":25,"email":"sree@gamil.com"},{"gender":"M","dob":1996-11-11,"name":"Arun Kumar","mobile":"1478523690","id":26,"email":"adarsh@gmail.com"},{"gender":"M","dob":1997-12-12,"name":"Harichand","mobile":"123654789","id":27,"email":"harichand12cec@gmail.com"}],"iTotalDisplayRecords":6}
[INFO ] 2019-10-08 15:36:59.795 [http-nio-8090-exec-3] MainController - Inside faculty/view
[INFO ] 2019-10-08 15:37:00.703 [http-nio-8090-exec-7] MainController - Inside admin/StudentTableList
[INFO ] 2019-10-08 15:37:00.705 [http-nio-8090-exec-7] AdminServiceImpl - Inside getStudentDetails: 
[DEBUG] 2019-10-08 15:37:00.774 [http-nio-8090-exec-7] MainController - Inside admin/StudentTableList: {"iTotalRecords":6,"aaData":[{"gender":"M","dob":1997-12-05,"name":"test","mobile":"1236547890","id":29,"email":"test@gmail.com"},{"gender":"M","dob":1997-12-05,"name":"test","mobile":"1236547890","id":29,"email":"test@gmail.com"},{"gender":"M","dob":1997-11-11,"name":"Sreejith","mobile":"7896541320","id":25,"email":"sree@gamil.com"},{"gender":"M","dob":1996-11-11,"name":"Arun Kumar","mobile":"1478523690","id":26,"email":"adarsh@gmail.com"},{"gender":"M","dob":1997-12-12,"name":"Harichand","mobile":"123654789","id":27,"email":"harichand12cec@gmail.com"}],"iTotalDisplayRecords":6}
[INFO ] 2019-10-08 15:37:41.711 [http-nio-8090-exec-3] MainController - Inside faculty/view
[INFO ] 2019-10-08 15:37:42.654 [http-nio-8090-exec-4] MainController - Inside admin/StudentTableList
[INFO ] 2019-10-08 15:37:42.655 [http-nio-8090-exec-4] AdminServiceImpl - Inside getStudentDetails: 
[DEBUG] 2019-10-08 15:37:42.726 [http-nio-8090-exec-4] MainController - Inside admin/StudentTableList: {"iTotalRecords":6,"aaData":[{"gender":"M","dob":1997-12-05,"name":"test","mobile":"1236547890","id":29,"email":"test@gmail.com"},{"gender":"M","dob":1997-12-05,"name":"test","mobile":"1236547890","id":29,"email":"test@gmail.com"},{"gender":"M","dob":1997-11-11,"name":"Sreejith","mobile":"7896541320","id":25,"email":"sree@gamil.com"},{"gender":"M","dob":1996-11-11,"name":"Arun Kumar","mobile":"1478523690","id":26,"email":"adarsh@gmail.com"},{"gender":"M","dob":1997-12-12,"name":"Harichand","mobile":"123654789","id":27,"email":"harichand12cec@gmail.com"}],"iTotalDisplayRecords":6}
[INFO ] 2019-10-08 15:40:09.099 [http-nio-8090-exec-7] MainController - Inside faculty/view
[INFO ] 2019-10-08 15:40:09.798 [http-nio-8090-exec-5] MainController - Inside admin/StudentTableList
[INFO ] 2019-10-08 15:40:09.813 [http-nio-8090-exec-5] AdminServiceImpl - Inside getStudentDetails: 
[DEBUG] 2019-10-08 15:40:09.875 [http-nio-8090-exec-5] MainController - Inside admin/StudentTableList: {"iTotalRecords":6,"aaData":[{"gender":"M","dob":1997-12-05,"name":"test","mobile":"1236547890","id":29,"email":"test@gmail.com"},{"gender":"M","dob":1997-12-05,"name":"test","mobile":"1236547890","id":29,"email":"test@gmail.com"},{"gender":"M","dob":1997-11-11,"name":"Sreejith","mobile":"7896541320","id":25,"email":"sree@gamil.com"},{"gender":"M","dob":1996-11-11,"name":"Arun Kumar","mobile":"1478523690","id":26,"email":"adarsh@gmail.com"},{"gender":"M","dob":1997-12-12,"name":"Harichand","mobile":"123654789","id":27,"email":"harichand12cec@gmail.com"}],"iTotalDisplayRecords":6}
[INFO ] 2019-10-08 15:40:21.709 [http-nio-8090-exec-4] MainController - Inside faculty/view
[INFO ] 2019-10-08 15:40:22.681 [http-nio-8090-exec-5] MainController - Inside admin/StudentTableList
[INFO ] 2019-10-08 15:40:22.682 [http-nio-8090-exec-5] AdminServiceImpl - Inside getStudentDetails: 
[DEBUG] 2019-10-08 15:40:22.732 [http-nio-8090-exec-5] MainController - Inside admin/StudentTableList: {"iTotalRecords":6,"aaData":[{"gender":"M","dob":1997-12-05,"name":"test","mobile":"1236547890","id":29,"email":"test@gmail.com"},{"gender":"M","dob":1997-12-05,"name":"test","mobile":"1236547890","id":29,"email":"test@gmail.com"},{"gender":"M","dob":1997-11-11,"name":"Sreejith","mobile":"7896541320","id":25,"email":"sree@gamil.com"},{"gender":"M","dob":1996-11-11,"name":"Arun Kumar","mobile":"1478523690","id":26,"email":"adarsh@gmail.com"},{"gender":"M","dob":1997-12-12,"name":"Harichand","mobile":"123654789","id":27,"email":"harichand12cec@gmail.com"}],"iTotalDisplayRecords":6}
[INFO ] 2019-10-08 15:40:57.425 [http-nio-8090-exec-1] MainController - Inside faculty/view
[INFO ] 2019-10-08 15:40:58.828 [http-nio-8090-exec-2] MainController - Inside admin/StudentTableList
[INFO ] 2019-10-08 15:40:58.829 [http-nio-8090-exec-2] AdminServiceImpl - Inside getStudentDetails: 
[DEBUG] 2019-10-08 15:40:58.859 [http-nio-8090-exec-2] MainController - Inside admin/StudentTableList: {"iTotalRecords":6,"aaData":[{"gender":"M","dob":1997-12-05,"name":"test","mobile":"1236547890","id":29,"email":"test@gmail.com"},{"gender":"M","dob":1997-12-05,"name":"test","mobile":"1236547890","id":29,"email":"test@gmail.com"},{"gender":"M","dob":1997-11-11,"name":"Sreejith","mobile":"7896541320","id":25,"email":"sree@gamil.com"},{"gender":"M","dob":1996-11-11,"name":"Arun Kumar","mobile":"1478523690","id":26,"email":"adarsh@gmail.com"},{"gender":"M","dob":1997-12-12,"name":"Harichand","mobile":"123654789","id":27,"email":"harichand12cec@gmail.com"}],"iTotalDisplayRecords":6}
[INFO ] 2019-10-08 15:41:28.288 [http-nio-8090-exec-5] MainController - Inside admin/StudentTableList
[INFO ] 2019-10-08 15:41:28.289 [http-nio-8090-exec-5] AdminServiceImpl - Inside getStudentDetails: 
[INFO ] 2019-10-08 15:41:28.308 [http-nio-8090-exec-8] MainController - Inside admin/StudentTableList
[INFO ] 2019-10-08 15:41:28.308 [http-nio-8090-exec-8] AdminServiceImpl - Inside getStudentDetails: 
[INFO ] 2019-10-08 15:41:28.322 [http-nio-8090-exec-1] MainController - Inside admin/StudentTableList
[INFO ] 2019-10-08 15:41:28.323 [http-nio-8090-exec-1] AdminServiceImpl - Inside getStudentDetails: 
[INFO ] 2019-10-08 15:41:28.339 [http-nio-8090-exec-7] MainController - Inside admin/StudentTableList
[INFO ] 2019-10-08 15:41:28.340 [http-nio-8090-exec-7] AdminServiceImpl - Inside getStudentDetails: 
[INFO ] 2019-10-08 15:41:28.352 [http-nio-8090-exec-4] MainController - Inside admin/StudentTableList
[INFO ] 2019-10-08 15:41:28.352 [http-nio-8090-exec-4] AdminServiceImpl - Inside getStudentDetails: 
[DEBUG] 2019-10-08 15:41:28.353 [http-nio-8090-exec-5] MainController - Inside admin/StudentTableList: {"iTotalRecords":6,"aaData":[{"gender":"M","dob":1997-12-05,"name":"test","mobile":"1236547890","id":29,"email":"test@gmail.com"},{"gender":"M","dob":1997-12-05,"name":"test","mobile":"1236547890","id":29,"email":"test@gmail.com"},{"gender":"M","dob":1997-11-11,"name":"Sreejith","mobile":"7896541320","id":25,"email":"sree@gamil.com"},{"gender":"M","dob":1996-11-11,"name":"Arun Kumar","mobile":"1478523690","id":26,"email":"adarsh@gmail.com"},{"gender":"M","dob":1997-12-12,"name":"Harichand","mobile":"123654789","id":27,"email":"harichand12cec@gmail.com"}],"iTotalDisplayRecords":6}
[DEBUG] 2019-10-08 15:41:28.532 [http-nio-8090-exec-8] MainController - Inside admin/StudentTableList: {"iTotalRecords":6,"aaData":[{"gender":"M","dob":1997-12-05,"name":"test","mobile":"1236547890","id":29,"email":"test@gmail.com"},{"gender":"M","dob":1997-12-05,"name":"test","mobile":"1236547890","id":29,"email":"test@gmail.com"},{"gender":"M","dob":1997-11-11,"name":"Sreejith","mobile":"7896541320","id":25,"email":"sree@gamil.com"},{"gender":"M","dob":1996-11-11,"name":"Arun Kumar","mobile":"1478523690","id":26,"email":"adarsh@gmail.com"},{"gender":"M","dob":1997-12-12,"name":"Harichand","mobile":"123654789","id":27,"email":"harichand12cec@gmail.com"}],"iTotalDisplayRecords":6}
[DEBUG] 2019-10-08 15:41:28.669 [http-nio-8090-exec-4] MainController - Inside admin/StudentTableList: {"iTotalRecords":6,"aaData":[{"gender":"M","dob":1997-12-05,"name":"test","mobile":"1236547890","id":29,"email":"test@gmail.com"},{"gender":"M","dob":1997-12-05,"name":"test","mobile":"1236547890","id":29,"email":"test@gmail.com"},{"gender":"M","dob":1997-11-11,"name":"Sreejith","mobile":"7896541320","id":25,"email":"sree@gamil.com"},{"gender":"M","dob":1996-11-11,"name":"Arun Kumar","mobile":"1478523690","id":26,"email":"adarsh@gmail.com"},{"gender":"M","dob":1997-12-12,"name":"Harichand","mobile":"123654789","id":27,"email":"harichand12cec@gmail.com"}],"iTotalDisplayRecords":6}
[DEBUG] 2019-10-08 15:41:29.083 [http-nio-8090-exec-1] MainController - Inside admin/StudentTableList: {"iTotalRecords":6,"aaData":[{"gender":"M","dob":1997-12-05,"name":"test","mobile":"1236547890","id":29,"email":"test@gmail.com"},{"gender":"M","dob":1997-12-05,"name":"test","mobile":"1236547890","id":29,"email":"test@gmail.com"},{"gender":"M","dob":1997-11-11,"name":"Sreejith","mobile":"7896541320","id":25,"email":"sree@gamil.com"},{"gender":"M","dob":1996-11-11,"name":"Arun Kumar","mobile":"1478523690","id":26,"email":"adarsh@gmail.com"},{"gender":"M","dob":1997-12-12,"name":"Harichand","mobile":"123654789","id":27,"email":"harichand12cec@gmail.com"}],"iTotalDisplayRecords":6}
[DEBUG] 2019-10-08 15:41:29.143 [http-nio-8090-exec-7] MainController - Inside admin/StudentTableList: {"iTotalRecords":6,"aaData":[{"gender":"M","dob":1997-12-05,"name":"test","mobile":"1236547890","id":29,"email":"test@gmail.com"},{"gender":"M","dob":1997-12-05,"name":"test","mobile":"1236547890","id":29,"email":"test@gmail.com"},{"gender":"M","dob":1997-11-11,"name":"Sreejith","mobile":"7896541320","id":25,"email":"sree@gamil.com"},{"gender":"M","dob":1996-11-11,"name":"Arun Kumar","mobile":"1478523690","id":26,"email":"adarsh@gmail.com"},{"gender":"M","dob":1997-12-12,"name":"Harichand","mobile":"123654789","id":27,"email":"harichand12cec@gmail.com"}],"iTotalDisplayRecords":6}
[INFO ] 2019-10-08 15:42:15.323 [http-nio-8090-exec-10] MainController - Inside faculty/view
[INFO ] 2019-10-08 15:42:23.348 [http-nio-8090-exec-4] MainController - Inside admin/StudentTableList
[INFO ] 2019-10-08 15:42:23.350 [http-nio-8090-exec-4] AdminServiceImpl - Inside getStudentDetails: 
[DEBUG] 2019-10-08 15:42:23.416 [http-nio-8090-exec-4] MainController - Inside admin/StudentTableList: {"iTotalRecords":6,"aaData":[{"gender":"M","dob":1997-12-05,"name":"test","mobile":"1236547890","id":29,"email":"test@gmail.com"},{"gender":"M","dob":1997-12-05,"name":"test","mobile":"1236547890","id":29,"email":"test@gmail.com"},{"gender":"M","dob":1997-11-11,"name":"Sreejith","mobile":"7896541320","id":25,"email":"sree@gamil.com"},{"gender":"M","dob":1996-11-11,"name":"Arun Kumar","mobile":"1478523690","id":26,"email":"adarsh@gmail.com"},{"gender":"M","dob":1997-12-12,"name":"Harichand","mobile":"123654789","id":27,"email":"harichand12cec@gmail.com"}],"iTotalDisplayRecords":6}
[INFO ] 2019-10-08 15:42:46.903 [http-nio-8090-exec-7] MainController - Inside admin/StudentTableList
[INFO ] 2019-10-08 15:42:46.904 [http-nio-8090-exec-7] AdminServiceImpl - Inside getStudentDetails: 
[DEBUG] 2019-10-08 15:42:46.975 [http-nio-8090-exec-7] MainController - Inside admin/StudentTableList: {"iTotalRecords":6,"aaData":[{"gender":"M","dob":1997-12-05,"name":"test","mobile":"1236547890","id":29,"email":"test@gmail.com"},{"gender":"M","dob":1997-12-05,"name":"test","mobile":"1236547890","id":29,"email":"test@gmail.com"},{"gender":"M","dob":1997-11-11,"name":"Sreejith","mobile":"7896541320","id":25,"email":"sree@gamil.com"},{"gender":"M","dob":1996-11-11,"name":"Arun Kumar","mobile":"1478523690","id":26,"email":"adarsh@gmail.com"},{"gender":"M","dob":1997-12-12,"name":"Harichand","mobile":"123654789","id":27,"email":"harichand12cec@gmail.com"}],"iTotalDisplayRecords":6}
[INFO ] 2019-10-08 15:42:49.439 [http-nio-8090-exec-10] MainController - Inside admin/StudentTableList
[INFO ] 2019-10-08 15:42:49.440 [http-nio-8090-exec-10] AdminServiceImpl - Inside getStudentDetails: 
[DEBUG] 2019-10-08 15:42:49.476 [http-nio-8090-exec-10] MainController - Inside admin/StudentTableList: {"iTotalRecords":6,"aaData":[{"gender":"M","dob":1997-12-05,"name":"test","mobile":"1236547890","id":29,"email":"test@gmail.com"},{"gender":"M","dob":1997-12-05,"name":"test","mobile":"1236547890","id":29,"email":"test@gmail.com"},{"gender":"M","dob":1997-11-11,"name":"Sreejith","mobile":"7896541320","id":25,"email":"sree@gamil.com"},{"gender":"M","dob":1996-11-11,"name":"Arun Kumar","mobile":"1478523690","id":26,"email":"adarsh@gmail.com"},{"gender":"M","dob":1997-12-12,"name":"Harichand","mobile":"123654789","id":27,"email":"harichand12cec@gmail.com"}],"iTotalDisplayRecords":6}
[INFO ] 2019-10-08 15:42:53.794 [http-nio-8090-exec-9] MainController - Inside admin/StudentTableList
[INFO ] 2019-10-08 15:42:53.795 [http-nio-8090-exec-9] AdminServiceImpl - Inside getStudentDetails: 
[DEBUG] 2019-10-08 15:42:53.843 [http-nio-8090-exec-9] MainController - Inside admin/StudentTableList: {"iTotalRecords":6,"aaData":[{"gender":"M","dob":1997-12-05,"name":"test","mobile":"1236547890","id":29,"email":"test@gmail.com"},{"gender":"M","dob":1997-12-05,"name":"test","mobile":"1236547890","id":29,"email":"test@gmail.com"},{"gender":"M","dob":1997-11-11,"name":"Sreejith","mobile":"7896541320","id":25,"email":"sree@gamil.com"},{"gender":"M","dob":1996-11-11,"name":"Arun Kumar","mobile":"1478523690","id":26,"email":"adarsh@gmail.com"},{"gender":"M","dob":1997-12-12,"name":"Harichand","mobile":"123654789","id":27,"email":"harichand12cec@gmail.com"}],"iTotalDisplayRecords":6}
[INFO ] 2019-10-08 15:42:56.845 [http-nio-8090-exec-3] MainController - Inside admin/StudentTableList
[INFO ] 2019-10-08 15:42:56.846 [http-nio-8090-exec-3] AdminServiceImpl - Inside getStudentDetails: 
[DEBUG] 2019-10-08 15:42:56.911 [http-nio-8090-exec-3] MainController - Inside admin/StudentTableList: {"iTotalRecords":6,"aaData":[{"gender":"M","dob":1997-12-05,"name":"test","mobile":"1236547890","id":29,"email":"test@gmail.com"},{"gender":"M","dob":1997-12-05,"name":"test","mobile":"1236547890","id":29,"email":"test@gmail.com"},{"gender":"M","dob":1997-11-11,"name":"Sreejith","mobile":"7896541320","id":25,"email":"sree@gamil.com"},{"gender":"M","dob":1996-11-11,"name":"Arun Kumar","mobile":"1478523690","id":26,"email":"adarsh@gmail.com"},{"gender":"M","dob":1997-12-12,"name":"Harichand","mobile":"123654789","id":27,"email":"harichand12cec@gmail.com"}],"iTotalDisplayRecords":6}
[INFO ] 2019-10-08 15:43:03.146 [http-nio-8090-exec-6] MainController - Inside admin/StudentTableList
[INFO ] 2019-10-08 15:43:03.148 [http-nio-8090-exec-6] AdminServiceImpl - Inside getStudentDetails: 
[DEBUG] 2019-10-08 15:43:03.201 [http-nio-8090-exec-6] MainController - Inside admin/StudentTableList: {"iTotalRecords":6,"aaData":[{"gender":"M","dob":1997-12-05,"name":"test","mobile":"1236547890","id":29,"email":"test@gmail.com"},{"gender":"M","dob":1997-12-05,"name":"test","mobile":"1236547890","id":29,"email":"test@gmail.com"},{"gender":"M","dob":1997-11-11,"name":"Sreejith","mobile":"7896541320","id":25,"email":"sree@gamil.com"},{"gender":"M","dob":1996-11-11,"name":"Arun Kumar","mobile":"1478523690","id":26,"email":"adarsh@gmail.com"},{"gender":"M","dob":1997-12-12,"name":"Harichand","mobile":"123654789","id":27,"email":"harichand12cec@gmail.com"}],"iTotalDisplayRecords":6}
[INFO ] 2019-10-08 15:43:33.578 [http-nio-8090-exec-2] MainController - Inside admin/StudentTableList
[INFO ] 2019-10-08 15:43:33.579 [http-nio-8090-exec-2] AdminServiceImpl - Inside getStudentDetails: 
[DEBUG] 2019-10-08 15:43:33.600 [http-nio-8090-exec-2] MainController - Inside admin/StudentTableList: {"iTotalRecords":6,"aaData":[{"gender":"M","dob":1997-12-05,"name":"test","mobile":"1236547890","id":29,"email":"test@gmail.com"},{"gender":"M","dob":1997-12-05,"name":"test","mobile":"1236547890","id":29,"email":"test@gmail.com"},{"gender":"M","dob":1997-11-11,"name":"Sreejith","mobile":"7896541320","id":25,"email":"sree@gamil.com"},{"gender":"M","dob":1996-11-11,"name":"Arun Kumar","mobile":"1478523690","id":26,"email":"adarsh@gmail.com"},{"gender":"M","dob":1997-12-12,"name":"Harichand","mobile":"123654789","id":27,"email":"harichand12cec@gmail.com"}],"iTotalDisplayRecords":6}
[INFO ] 2019-10-08 15:43:36.740 [http-nio-8090-exec-5] MainController - Inside admin/StudentTableList
[INFO ] 2019-10-08 15:43:36.742 [http-nio-8090-exec-5] AdminServiceImpl - Inside getStudentDetails: 
[DEBUG] 2019-10-08 15:43:36.765 [http-nio-8090-exec-5] MainController - Inside admin/StudentTableList: {"iTotalRecords":6,"aaData":[{"gender":"M","dob":1997-12-05,"name":"test","mobile":"1236547890","id":29,"email":"test@gmail.com"},{"gender":"M","dob":1997-12-05,"name":"test","mobile":"1236547890","id":29,"email":"test@gmail.com"},{"gender":"M","dob":1997-11-11,"name":"Sreejith","mobile":"7896541320","id":25,"email":"sree@gamil.com"},{"gender":"M","dob":1996-11-11,"name":"Arun Kumar","mobile":"1478523690","id":26,"email":"adarsh@gmail.com"},{"gender":"M","dob":1997-12-12,"name":"Harichand","mobile":"123654789","id":27,"email":"harichand12cec@gmail.com"}],"iTotalDisplayRecords":6}
[INFO ] 2019-10-08 15:43:39.346 [http-nio-8090-exec-8] MainController - Inside admin/StudentTableList
[INFO ] 2019-10-08 15:43:39.348 [http-nio-8090-exec-8] AdminServiceImpl - Inside getStudentDetails: 
[DEBUG] 2019-10-08 15:43:39.384 [http-nio-8090-exec-8] MainController - Inside admin/StudentTableList: {"iTotalRecords":6,"aaData":[{"gender":"M","dob":1997-12-05,"name":"test","mobile":"1236547890","id":29,"email":"test@gmail.com"},{"gender":"M","dob":1997-12-05,"name":"test","mobile":"1236547890","id":29,"email":"test@gmail.com"},{"gender":"M","dob":1997-11-11,"name":"Sreejith","mobile":"7896541320","id":25,"email":"sree@gamil.com"},{"gender":"M","dob":1996-11-11,"name":"Arun Kumar","mobile":"1478523690","id":26,"email":"adarsh@gmail.com"},{"gender":"M","dob":1997-12-12,"name":"Harichand","mobile":"123654789","id":27,"email":"harichand12cec@gmail.com"}],"iTotalDisplayRecords":6}
[INFO ] 2019-10-08 15:43:41.443 [http-nio-8090-exec-4] MainController - Inside admin/StudentTableList
[INFO ] 2019-10-08 15:43:41.449 [http-nio-8090-exec-4] AdminServiceImpl - Inside getStudentDetails: 
[DEBUG] 2019-10-08 15:43:41.466 [http-nio-8090-exec-4] MainController - Inside admin/StudentTableList: {"iTotalRecords":6,"aaData":[{"gender":"M","dob":1997-12-05,"name":"test","mobile":"1236547890","id":29,"email":"test@gmail.com"},{"gender":"M","dob":1997-12-05,"name":"test","mobile":"1236547890","id":29,"email":"test@gmail.com"},{"gender":"M","dob":1997-11-11,"name":"Sreejith","mobile":"7896541320","id":25,"email":"sree@gamil.com"},{"gender":"M","dob":1996-11-11,"name":"Arun Kumar","mobile":"1478523690","id":26,"email":"adarsh@gmail.com"},{"gender":"M","dob":1997-12-12,"name":"Harichand","mobile":"123654789","id":27,"email":"harichand12cec@gmail.com"}],"iTotalDisplayRecords":6}
[INFO ] 2019-10-08 15:43:42.106 [http-nio-8090-exec-1] MainController - Inside admin/StudentTableList
[INFO ] 2019-10-08 15:43:42.109 [http-nio-8090-exec-1] AdminServiceImpl - Inside getStudentDetails: 
[DEBUG] 2019-10-08 15:43:42.175 [http-nio-8090-exec-1] MainController - Inside admin/StudentTableList: {"iTotalRecords":6,"aaData":[{"gender":"M","dob":1997-12-05,"name":"test","mobile":"1236547890","id":29,"email":"test@gmail.com"},{"gender":"M","dob":1997-12-05,"name":"test","mobile":"1236547890","id":29,"email":"test@gmail.com"},{"gender":"M","dob":1997-11-11,"name":"Sreejith","mobile":"7896541320","id":25,"email":"sree@gamil.com"},{"gender":"M","dob":1996-11-11,"name":"Arun Kumar","mobile":"1478523690","id":26,"email":"adarsh@gmail.com"},{"gender":"M","dob":1997-12-12,"name":"Harichand","mobile":"123654789","id":27,"email":"harichand12cec@gmail.com"}],"iTotalDisplayRecords":6}
[INFO ] 2019-10-08 15:45:29.417 [http-nio-8090-exec-7] MainController - Inside faculty/view
[INFO ] 2019-10-08 15:45:33.592 [http-nio-8090-exec-8] MainController - Inside admin/StudentTableList
[INFO ] 2019-10-08 15:45:33.602 [http-nio-8090-exec-8] AdminServiceImpl - Inside getStudentDetails: 
[DEBUG] 2019-10-08 15:45:33.658 [http-nio-8090-exec-8] MainController - Inside admin/StudentTableList: {"iTotalRecords":6,"aaData":[{"gender":"M","dob":1997-12-05,"name":"test","mobile":"1236547890","id":29,"email":"test@gmail.com"},{"gender":"M","dob":1997-12-05,"name":"test","mobile":"1236547890","id":29,"email":"test@gmail.com"},{"gender":"M","dob":1997-11-11,"name":"Sreejith","mobile":"7896541320","id":25,"email":"sree@gamil.com"},{"gender":"M","dob":1996-11-11,"name":"Arun Kumar","mobile":"1478523690","id":26,"email":"adarsh@gmail.com"},{"gender":"M","dob":1997-12-12,"name":"Harichand","mobile":"123654789","id":27,"email":"harichand12cec@gmail.com"}],"iTotalDisplayRecords":6}
[INFO ] 2019-10-08 15:45:42.962 [http-nio-8090-exec-1] MainController - Inside admin/StudentTableList
[INFO ] 2019-10-08 15:45:42.963 [http-nio-8090-exec-1] AdminServiceImpl - Inside getStudentDetails: 
[DEBUG] 2019-10-08 15:45:43.035 [http-nio-8090-exec-1] MainController - Inside admin/StudentTableList: {"iTotalRecords":6,"aaData":[{"gender":"M","dob":1997-12-05,"name":"test","mobile":"1236547890","id":29,"email":"test@gmail.com"},{"gender":"M","dob":1997-12-05,"name":"test","mobile":"1236547890","id":29,"email":"test@gmail.com"},{"gender":"M","dob":1997-11-11,"name":"Sreejith","mobile":"7896541320","id":25,"email":"sree@gamil.com"},{"gender":"M","dob":1996-11-11,"name":"Arun Kumar","mobile":"1478523690","id":26,"email":"adarsh@gmail.com"},{"gender":"M","dob":1997-12-12,"name":"Harichand","mobile":"123654789","id":27,"email":"harichand12cec@gmail.com"}],"iTotalDisplayRecords":6}
[INFO ] 2019-10-08 15:45:44.937 [http-nio-8090-exec-7] MainController - Inside admin/StudentTableList
[INFO ] 2019-10-08 15:45:44.938 [http-nio-8090-exec-7] AdminServiceImpl - Inside getStudentDetails: 
[DEBUG] 2019-10-08 15:45:45.017 [http-nio-8090-exec-7] MainController - Inside admin/StudentTableList: {"iTotalRecords":6,"aaData":[{"gender":"M","dob":1997-12-05,"name":"test","mobile":"1236547890","id":29,"email":"test@gmail.com"},{"gender":"M","dob":1997-12-05,"name":"test","mobile":"1236547890","id":29,"email":"test@gmail.com"},{"gender":"M","dob":1997-11-11,"name":"Sreejith","mobile":"7896541320","id":25,"email":"sree@gamil.com"},{"gender":"M","dob":1996-11-11,"name":"Arun Kumar","mobile":"1478523690","id":26,"email":"adarsh@gmail.com"},{"gender":"M","dob":1997-12-12,"name":"Harichand","mobile":"123654789","id":27,"email":"harichand12cec@gmail.com"}],"iTotalDisplayRecords":6}
[INFO ] 2019-10-08 15:45:46.876 [http-nio-8090-exec-10] MainController - Inside admin/StudentTableList
[INFO ] 2019-10-08 15:45:46.885 [http-nio-8090-exec-10] AdminServiceImpl - Inside getStudentDetails: 
[DEBUG] 2019-10-08 15:45:46.943 [http-nio-8090-exec-10] MainController - Inside admin/StudentTableList: {"iTotalRecords":6,"aaData":[{"gender":"M","dob":1997-12-05,"name":"test","mobile":"1236547890","id":29,"email":"test@gmail.com"},{"gender":"M","dob":1997-12-05,"name":"test","mobile":"1236547890","id":29,"email":"test@gmail.com"},{"gender":"M","dob":1997-11-11,"name":"Sreejith","mobile":"7896541320","id":25,"email":"sree@gamil.com"},{"gender":"M","dob":1996-11-11,"name":"Arun Kumar","mobile":"1478523690","id":26,"email":"adarsh@gmail.com"},{"gender":"M","dob":1997-12-12,"name":"Harichand","mobile":"123654789","id":27,"email":"harichand12cec@gmail.com"}],"iTotalDisplayRecords":6}
[INFO ] 2019-10-08 15:45:48.499 [http-nio-8090-exec-9] MainController - Inside admin/StudentTableList
[INFO ] 2019-10-08 15:45:48.504 [http-nio-8090-exec-9] AdminServiceImpl - Inside getStudentDetails: 
[DEBUG] 2019-10-08 15:45:48.561 [http-nio-8090-exec-9] MainController - Inside admin/StudentTableList: {"iTotalRecords":6,"aaData":[{"gender":"M","dob":1997-12-05,"name":"test","mobile":"1236547890","id":29,"email":"test@gmail.com"},{"gender":"M","dob":1997-12-05,"name":"test","mobile":"1236547890","id":29,"email":"test@gmail.com"},{"gender":"M","dob":1997-11-11,"name":"Sreejith","mobile":"7896541320","id":25,"email":"sree@gamil.com"},{"gender":"M","dob":1996-11-11,"name":"Arun Kumar","mobile":"1478523690","id":26,"email":"adarsh@gmail.com"},{"gender":"M","dob":1997-12-12,"name":"Harichand","mobile":"123654789","id":27,"email":"harichand12cec@gmail.com"}],"iTotalDisplayRecords":6}
[INFO ] 2019-10-08 15:45:49.930 [http-nio-8090-exec-3] MainController - Inside admin/StudentTableList
[INFO ] 2019-10-08 15:45:49.931 [http-nio-8090-exec-3] AdminServiceImpl - Inside getStudentDetails: 
[DEBUG] 2019-10-08 15:45:49.991 [http-nio-8090-exec-3] MainController - Inside admin/StudentTableList: {"iTotalRecords":6,"aaData":[{"gender":"M","dob":1997-12-05,"name":"test","mobile":"1236547890","id":29,"email":"test@gmail.com"},{"gender":"M","dob":1997-12-05,"name":"test","mobile":"1236547890","id":29,"email":"test@gmail.com"},{"gender":"M","dob":1997-11-11,"name":"Sreejith","mobile":"7896541320","id":25,"email":"sree@gamil.com"},{"gender":"M","dob":1996-11-11,"name":"Arun Kumar","mobile":"1478523690","id":26,"email":"adarsh@gmail.com"},{"gender":"M","dob":1997-12-12,"name":"Harichand","mobile":"123654789","id":27,"email":"harichand12cec@gmail.com"}],"iTotalDisplayRecords":6}
[INFO ] 2019-10-08 15:46:23.882 [http-nio-8090-exec-6] MainController - Inside admin/StudentTableList
[INFO ] 2019-10-08 15:46:23.883 [http-nio-8090-exec-6] AdminServiceImpl - Inside getStudentDetails: 
[DEBUG] 2019-10-08 15:46:23.941 [http-nio-8090-exec-6] MainController - Inside admin/StudentTableList: {"iTotalRecords":6,"aaData":[{"gender":"M","dob":1997-12-05,"name":"test","mobile":"1236547890","id":29,"email":"test@gmail.com"},{"gender":"M","dob":1997-12-05,"name":"test","mobile":"1236547890","id":29,"email":"test@gmail.com"},{"gender":"M","dob":1997-11-11,"name":"Sreejith","mobile":"7896541320","id":25,"email":"sree@gamil.com"},{"gender":"M","dob":1996-11-11,"name":"Arun Kumar","mobile":"1478523690","id":26,"email":"adarsh@gmail.com"},{"gender":"M","dob":1997-12-12,"name":"Harichand","mobile":"123654789","id":27,"email":"harichand12cec@gmail.com"}],"iTotalDisplayRecords":6}
[INFO ] 2019-10-08 15:46:26.191 [http-nio-8090-exec-2] MainController - Inside admin/StudentTableList
[INFO ] 2019-10-08 15:46:26.192 [http-nio-8090-exec-2] AdminServiceImpl - Inside getStudentDetails: 
[DEBUG] 2019-10-08 15:46:26.242 [http-nio-8090-exec-2] MainController - Inside admin/StudentTableList: {"iTotalRecords":6,"aaData":[{"gender":"M","dob":1997-12-05,"name":"test","mobile":"1236547890","id":29,"email":"test@gmail.com"},{"gender":"M","dob":1997-12-05,"name":"test","mobile":"1236547890","id":29,"email":"test@gmail.com"},{"gender":"M","dob":1997-11-11,"name":"Sreejith","mobile":"7896541320","id":25,"email":"sree@gamil.com"},{"gender":"M","dob":1996-11-11,"name":"Arun Kumar","mobile":"1478523690","id":26,"email":"adarsh@gmail.com"},{"gender":"M","dob":1997-12-12,"name":"Harichand","mobile":"123654789","id":27,"email":"harichand12cec@gmail.com"}],"iTotalDisplayRecords":6}
[INFO ] 2019-10-08 15:46:27.460 [http-nio-8090-exec-5] MainController - Inside admin/StudentTableList
[INFO ] 2019-10-08 15:46:27.461 [http-nio-8090-exec-5] AdminServiceImpl - Inside getStudentDetails: 
[DEBUG] 2019-10-08 15:46:27.515 [http-nio-8090-exec-5] MainController - Inside admin/StudentTableList: {"iTotalRecords":6,"aaData":[{"gender":"M","dob":1997-12-05,"name":"test","mobile":"1236547890","id":29,"email":"test@gmail.com"},{"gender":"M","dob":1997-12-05,"name":"test","mobile":"1236547890","id":29,"email":"test@gmail.com"},{"gender":"M","dob":1997-11-11,"name":"Sreejith","mobile":"7896541320","id":25,"email":"sree@gamil.com"},{"gender":"M","dob":1996-11-11,"name":"Arun Kumar","mobile":"1478523690","id":26,"email":"adarsh@gmail.com"},{"gender":"M","dob":1997-12-12,"name":"Harichand","mobile":"123654789","id":27,"email":"harichand12cec@gmail.com"}],"iTotalDisplayRecords":6}
[INFO ] 2019-10-08 15:46:28.347 [http-nio-8090-exec-8] MainController - Inside admin/StudentTableList
[INFO ] 2019-10-08 15:46:28.360 [http-nio-8090-exec-8] AdminServiceImpl - Inside getStudentDetails: 
[DEBUG] 2019-10-08 15:46:28.452 [http-nio-8090-exec-8] MainController - Inside admin/StudentTableList: {"iTotalRecords":6,"aaData":[{"gender":"M","dob":1997-12-05,"name":"test","mobile":"1236547890","id":29,"email":"test@gmail.com"},{"gender":"M","dob":1997-12-05,"name":"test","mobile":"1236547890","id":29,"email":"test@gmail.com"},{"gender":"M","dob":1997-11-11,"name":"Sreejith","mobile":"7896541320","id":25,"email":"sree@gamil.com"},{"gender":"M","dob":1996-11-11,"name":"Arun Kumar","mobile":"1478523690","id":26,"email":"adarsh@gmail.com"},{"gender":"M","dob":1997-12-12,"name":"Harichand","mobile":"123654789","id":27,"email":"harichand12cec@gmail.com"}],"iTotalDisplayRecords":6}
[INFO ] 2019-10-08 15:46:29.158 [http-nio-8090-exec-4] MainController - Inside admin/StudentTableList
[INFO ] 2019-10-08 15:46:29.159 [http-nio-8090-exec-4] AdminServiceImpl - Inside getStudentDetails: 
[DEBUG] 2019-10-08 15:46:29.209 [http-nio-8090-exec-4] MainController - Inside admin/StudentTableList: {"iTotalRecords":6,"aaData":[{"gender":"M","dob":1997-12-05,"name":"test","mobile":"1236547890","id":29,"email":"test@gmail.com"},{"gender":"M","dob":1997-12-05,"name":"test","mobile":"1236547890","id":29,"email":"test@gmail.com"},{"gender":"M","dob":1997-11-11,"name":"Sreejith","mobile":"7896541320","id":25,"email":"sree@gamil.com"},{"gender":"M","dob":1996-11-11,"name":"Arun Kumar","mobile":"1478523690","id":26,"email":"adarsh@gmail.com"},{"gender":"M","dob":1997-12-12,"name":"Harichand","mobile":"123654789","id":27,"email":"harichand12cec@gmail.com"}],"iTotalDisplayRecords":6}
[INFO ] 2019-10-08 15:46:39.939 [http-nio-8090-exec-1] MainController - Inside admin/StudentTableList
[INFO ] 2019-10-08 15:46:39.940 [http-nio-8090-exec-1] AdminServiceImpl - Inside getStudentDetails: 
[DEBUG] 2019-10-08 15:46:40.053 [http-nio-8090-exec-1] MainController - Inside admin/StudentTableList: {"iTotalRecords":6,"aaData":[{"gender":"M","dob":1997-12-05,"name":"test","mobile":"1236547890","id":29,"email":"test@gmail.com"},{"gender":"M","dob":1997-12-05,"name":"test","mobile":"1236547890","id":29,"email":"test@gmail.com"},{"gender":"M","dob":1997-11-11,"name":"Sreejith","mobile":"7896541320","id":25,"email":"sree@gamil.com"},{"gender":"M","dob":1996-11-11,"name":"Arun Kumar","mobile":"1478523690","id":26,"email":"adarsh@gmail.com"},{"gender":"M","dob":1997-12-12,"name":"Harichand","mobile":"123654789","id":27,"email":"harichand12cec@gmail.com"}],"iTotalDisplayRecords":6}
[INFO ] 2019-10-08 15:46:40.526 [http-nio-8090-exec-7] MainController - Inside admin/StudentTableList
[INFO ] 2019-10-08 15:46:40.527 [http-nio-8090-exec-7] AdminServiceImpl - Inside getStudentDetails: 
[DEBUG] 2019-10-08 15:46:40.577 [http-nio-8090-exec-7] MainController - Inside admin/StudentTableList: {"iTotalRecords":6,"aaData":[{"gender":"M","dob":1997-12-05,"name":"test","mobile":"1236547890","id":29,"email":"test@gmail.com"},{"gender":"M","dob":1997-12-05,"name":"test","mobile":"1236547890","id":29,"email":"test@gmail.com"},{"gender":"M","dob":1997-11-11,"name":"Sreejith","mobile":"7896541320","id":25,"email":"sree@gamil.com"},{"gender":"M","dob":1996-11-11,"name":"Arun Kumar","mobile":"1478523690","id":26,"email":"adarsh@gmail.com"},{"gender":"M","dob":1997-12-12,"name":"Harichand","mobile":"123654789","id":27,"email":"harichand12cec@gmail.com"}],"iTotalDisplayRecords":6}
[INFO ] 2019-10-08 15:46:41.125 [http-nio-8090-exec-10] MainController - Inside admin/StudentTableList
[INFO ] 2019-10-08 15:46:41.126 [http-nio-8090-exec-10] AdminServiceImpl - Inside getStudentDetails: 
[DEBUG] 2019-10-08 15:46:41.177 [http-nio-8090-exec-10] MainController - Inside admin/StudentTableList: {"iTotalRecords":6,"aaData":[{"gender":"M","dob":1997-12-05,"name":"test","mobile":"1236547890","id":29,"email":"test@gmail.com"},{"gender":"M","dob":1997-12-05,"name":"test","mobile":"1236547890","id":29,"email":"test@gmail.com"},{"gender":"M","dob":1997-11-11,"name":"Sreejith","mobile":"7896541320","id":25,"email":"sree@gamil.com"},{"gender":"M","dob":1996-11-11,"name":"Arun Kumar","mobile":"1478523690","id":26,"email":"adarsh@gmail.com"},{"gender":"M","dob":1997-12-12,"name":"Harichand","mobile":"123654789","id":27,"email":"harichand12cec@gmail.com"}],"iTotalDisplayRecords":6}
[INFO ] 2019-10-08 15:46:41.739 [http-nio-8090-exec-9] MainController - Inside admin/StudentTableList
[INFO ] 2019-10-08 15:46:41.739 [http-nio-8090-exec-9] AdminServiceImpl - Inside getStudentDetails: 
[DEBUG] 2019-10-08 15:46:41.768 [http-nio-8090-exec-9] MainController - Inside admin/StudentTableList: {"iTotalRecords":6,"aaData":[{"gender":"M","dob":1997-12-05,"name":"test","mobile":"1236547890","id":29,"email":"test@gmail.com"},{"gender":"M","dob":1997-12-05,"name":"test","mobile":"1236547890","id":29,"email":"test@gmail.com"},{"gender":"M","dob":1997-11-11,"name":"Sreejith","mobile":"7896541320","id":25,"email":"sree@gamil.com"},{"gender":"M","dob":1996-11-11,"name":"Arun Kumar","mobile":"1478523690","id":26,"email":"adarsh@gmail.com"},{"gender":"M","dob":1997-12-12,"name":"Harichand","mobile":"123654789","id":27,"email":"harichand12cec@gmail.com"}],"iTotalDisplayRecords":6}
[INFO ] 2019-10-08 15:46:42.377 [http-nio-8090-exec-3] MainController - Inside admin/StudentTableList
[INFO ] 2019-10-08 15:46:42.378 [http-nio-8090-exec-3] AdminServiceImpl - Inside getStudentDetails: 
[DEBUG] 2019-10-08 15:46:42.454 [http-nio-8090-exec-3] MainController - Inside admin/StudentTableList: {"iTotalRecords":6,"aaData":[{"gender":"M","dob":1997-12-05,"name":"test","mobile":"1236547890","id":29,"email":"test@gmail.com"},{"gender":"M","dob":1997-12-05,"name":"test","mobile":"1236547890","id":29,"email":"test@gmail.com"},{"gender":"M","dob":1997-11-11,"name":"Sreejith","mobile":"7896541320","id":25,"email":"sree@gamil.com"},{"gender":"M","dob":1996-11-11,"name":"Arun Kumar","mobile":"1478523690","id":26,"email":"adarsh@gmail.com"},{"gender":"M","dob":1997-12-12,"name":"Harichand","mobile":"123654789","id":27,"email":"harichand12cec@gmail.com"}],"iTotalDisplayRecords":6}
[INFO ] 2019-10-08 15:47:21.832 [http-nio-8090-exec-6] MainController - Inside admin/StudentTableList
[INFO ] 2019-10-08 15:47:21.848 [http-nio-8090-exec-6] AdminServiceImpl - Inside getStudentDetails: 
[DEBUG] 2019-10-08 15:47:21.931 [http-nio-8090-exec-6] MainController - Inside admin/StudentTableList: {"iTotalRecords":6,"aaData":[{"gender":"M","dob":1997-12-05,"name":"test","mobile":"1236547890","id":29,"email":"test@gmail.com"},{"gender":"M","dob":1997-12-05,"name":"test","mobile":"1236547890","id":29,"email":"test@gmail.com"},{"gender":"M","dob":1997-11-11,"name":"Sreejith","mobile":"7896541320","id":25,"email":"sree@gamil.com"},{"gender":"M","dob":1996-11-11,"name":"Arun Kumar","mobile":"1478523690","id":26,"email":"adarsh@gmail.com"},{"gender":"M","dob":1997-12-12,"name":"Harichand","mobile":"123654789","id":27,"email":"harichand12cec@gmail.com"}],"iTotalDisplayRecords":6}
[INFO ] 2019-10-08 15:47:22.453 [http-nio-8090-exec-2] MainController - Inside admin/StudentTableList
[INFO ] 2019-10-08 15:47:22.454 [http-nio-8090-exec-2] AdminServiceImpl - Inside getStudentDetails: 
[DEBUG] 2019-10-08 15:47:22.476 [http-nio-8090-exec-2] MainController - Inside admin/StudentTableList: {"iTotalRecords":6,"aaData":[{"gender":"M","dob":1997-12-05,"name":"test","mobile":"1236547890","id":29,"email":"test@gmail.com"},{"gender":"M","dob":1997-12-05,"name":"test","mobile":"1236547890","id":29,"email":"test@gmail.com"},{"gender":"M","dob":1997-11-11,"name":"Sreejith","mobile":"7896541320","id":25,"email":"sree@gamil.com"},{"gender":"M","dob":1996-11-11,"name":"Arun Kumar","mobile":"1478523690","id":26,"email":"adarsh@gmail.com"},{"gender":"M","dob":1997-12-12,"name":"Harichand","mobile":"123654789","id":27,"email":"harichand12cec@gmail.com"}],"iTotalDisplayRecords":6}
[INFO ] 2019-10-08 15:47:23.094 [http-nio-8090-exec-5] MainController - Inside admin/StudentTableList
[INFO ] 2019-10-08 15:47:23.095 [http-nio-8090-exec-5] AdminServiceImpl - Inside getStudentDetails: 
[DEBUG] 2019-10-08 15:47:23.171 [http-nio-8090-exec-5] MainController - Inside admin/StudentTableList: {"iTotalRecords":6,"aaData":[{"gender":"M","dob":1997-12-05,"name":"test","mobile":"1236547890","id":29,"email":"test@gmail.com"},{"gender":"M","dob":1997-12-05,"name":"test","mobile":"1236547890","id":29,"email":"test@gmail.com"},{"gender":"M","dob":1997-11-11,"name":"Sreejith","mobile":"7896541320","id":25,"email":"sree@gamil.com"},{"gender":"M","dob":1996-11-11,"name":"Arun Kumar","mobile":"1478523690","id":26,"email":"adarsh@gmail.com"},{"gender":"M","dob":1997-12-12,"name":"Harichand","mobile":"123654789","id":27,"email":"harichand12cec@gmail.com"}],"iTotalDisplayRecords":6}
[INFO ] 2019-10-08 15:47:23.739 [http-nio-8090-exec-8] MainController - Inside admin/StudentTableList
[INFO ] 2019-10-08 15:47:23.739 [http-nio-8090-exec-8] AdminServiceImpl - Inside getStudentDetails: 
[DEBUG] 2019-10-08 15:47:23.812 [http-nio-8090-exec-8] MainController - Inside admin/StudentTableList: {"iTotalRecords":6,"aaData":[{"gender":"M","dob":1997-12-05,"name":"test","mobile":"1236547890","id":29,"email":"test@gmail.com"},{"gender":"M","dob":1997-12-05,"name":"test","mobile":"1236547890","id":29,"email":"test@gmail.com"},{"gender":"M","dob":1997-11-11,"name":"Sreejith","mobile":"7896541320","id":25,"email":"sree@gamil.com"},{"gender":"M","dob":1996-11-11,"name":"Arun Kumar","mobile":"1478523690","id":26,"email":"adarsh@gmail.com"},{"gender":"M","dob":1997-12-12,"name":"Harichand","mobile":"123654789","id":27,"email":"harichand12cec@gmail.com"}],"iTotalDisplayRecords":6}
[INFO ] 2019-10-08 15:47:24.395 [http-nio-8090-exec-4] MainController - Inside admin/StudentTableList
[INFO ] 2019-10-08 15:47:24.400 [http-nio-8090-exec-4] AdminServiceImpl - Inside getStudentDetails: 
[DEBUG] 2019-10-08 15:47:24.455 [http-nio-8090-exec-4] MainController - Inside admin/StudentTableList: {"iTotalRecords":6,"aaData":[{"gender":"M","dob":1997-12-05,"name":"test","mobile":"1236547890","id":29,"email":"test@gmail.com"},{"gender":"M","dob":1997-12-05,"name":"test","mobile":"1236547890","id":29,"email":"test@gmail.com"},{"gender":"M","dob":1997-11-11,"name":"Sreejith","mobile":"7896541320","id":25,"email":"sree@gamil.com"},{"gender":"M","dob":1996-11-11,"name":"Arun Kumar","mobile":"1478523690","id":26,"email":"adarsh@gmail.com"},{"gender":"M","dob":1997-12-12,"name":"Harichand","mobile":"123654789","id":27,"email":"harichand12cec@gmail.com"}],"iTotalDisplayRecords":6}
[INFO ] 2019-10-08 16:55:40.983 [http-nio-8090-exec-7] MainController - Inside admin/StudentTableList
[INFO ] 2019-10-08 16:55:40.990 [http-nio-8090-exec-7] AdminServiceImpl - Inside getStudentDetails: 
[INFO ] 2019-10-08 16:55:40.990 [http-nio-8090-exec-10] MainController - Inside admin/StudentTableList
[INFO ] 2019-10-08 16:55:40.991 [http-nio-8090-exec-10] AdminServiceImpl - Inside getStudentDetails: 
[INFO ] 2019-10-08 16:55:41.033 [http-nio-8090-exec-9] MainController - Inside admin/StudentTableList
[INFO ] 2019-10-08 16:55:41.057 [http-nio-8090-exec-2] MainController - Inside admin/StudentTableList
[INFO ] 2019-10-08 16:55:41.057 [http-nio-8090-exec-9] AdminServiceImpl - Inside getStudentDetails: 
[INFO ] 2019-10-08 16:55:41.057 [http-nio-8090-exec-6] MainController - Inside admin/StudentTableList
[INFO ] 2019-10-08 16:55:41.058 [http-nio-8090-exec-2] AdminServiceImpl - Inside getStudentDetails: 
[INFO ] 2019-10-08 16:55:41.058 [http-nio-8090-exec-3] MainController - Inside admin/StudentTableList
[INFO ] 2019-10-08 16:55:41.058 [http-nio-8090-exec-6] AdminServiceImpl - Inside getStudentDetails: 
[INFO ] 2019-10-08 16:55:41.059 [http-nio-8090-exec-3] AdminServiceImpl - Inside getStudentDetails: 
[DEBUG] 2019-10-08 16:55:41.334 [http-nio-8090-exec-7] MainController - Inside admin/StudentTableList: {"iTotalRecords":1,"aaData":[{"gender":"M","dob":1996-11-11,"name":"Arun Kumar","mobile":"1478523690","id":26,"email":"adarsh@gmail.com"}],"iTotalDisplayRecords":1}
[DEBUG] 2019-10-08 16:55:41.374 [http-nio-8090-exec-2] MainController - Inside admin/StudentTableList: {"iTotalRecords":1,"aaData":[{"gender":"M","dob":1996-11-11,"name":"Arun Kumar","mobile":"1478523690","id":26,"email":"adarsh@gmail.com"}],"iTotalDisplayRecords":1}
[DEBUG] 2019-10-08 16:55:41.384 [http-nio-8090-exec-9] MainController - Inside admin/StudentTableList: {"iTotalRecords":1,"aaData":[{"gender":"M","dob":1996-11-11,"name":"Arun Kumar","mobile":"1478523690","id":26,"email":"adarsh@gmail.com"}],"iTotalDisplayRecords":1}
[DEBUG] 2019-10-08 16:55:41.462 [http-nio-8090-exec-10] MainController - Inside admin/StudentTableList: {"iTotalRecords":1,"aaData":[{"gender":"M","dob":1996-11-11,"name":"Arun Kumar","mobile":"1478523690","id":26,"email":"adarsh@gmail.com"}],"iTotalDisplayRecords":1}
[DEBUG] 2019-10-08 16:55:41.628 [http-nio-8090-exec-6] MainController - Inside admin/StudentTableList: {"iTotalRecords":1,"aaData":[{"gender":"M","dob":1996-11-11,"name":"Arun Kumar","mobile":"1478523690","id":26,"email":"adarsh@gmail.com"}],"iTotalDisplayRecords":1}
[DEBUG] 2019-10-08 16:55:41.639 [http-nio-8090-exec-3] MainController - Inside admin/StudentTableList: {"iTotalRecords":1,"aaData":[{"gender":"M","dob":1996-11-11,"name":"Arun Kumar","mobile":"1478523690","id":26,"email":"adarsh@gmail.com"}],"iTotalDisplayRecords":1}
[INFO ] 2019-10-08 16:55:43.407 [http-nio-8090-exec-5] MainController - Inside admin/StudentTableList
[INFO ] 2019-10-08 16:55:43.408 [http-nio-8090-exec-5] AdminServiceImpl - Inside getStudentDetails: 
[INFO ] 2019-10-08 16:55:43.421 [http-nio-8090-exec-8] MainController - Inside admin/StudentTableList
[INFO ] 2019-10-08 16:55:43.421 [http-nio-8090-exec-4] MainController - Inside admin/StudentTableList
[INFO ] 2019-10-08 16:55:43.422 [http-nio-8090-exec-8] AdminServiceImpl - Inside getStudentDetails: 
[INFO ] 2019-10-08 16:55:43.433 [http-nio-8090-exec-4] AdminServiceImpl - Inside getStudentDetails: 
[INFO ] 2019-10-08 16:55:43.440 [http-nio-8090-exec-1] MainController - Inside admin/StudentTableList
[INFO ] 2019-10-08 16:55:43.440 [http-nio-8090-exec-7] MainController - Inside admin/StudentTableList
[INFO ] 2019-10-08 16:55:43.441 [http-nio-8090-exec-7] AdminServiceImpl - Inside getStudentDetails: 
[INFO ] 2019-10-08 16:55:43.441 [http-nio-8090-exec-1] AdminServiceImpl - Inside getStudentDetails: 
[INFO ] 2019-10-08 16:55:43.460 [http-nio-8090-exec-2] MainController - Inside admin/StudentTableList
[INFO ] 2019-10-08 16:55:43.461 [http-nio-8090-exec-2] AdminServiceImpl - Inside getStudentDetails: 
[DEBUG] 2019-10-08 16:55:43.487 [http-nio-8090-exec-4] MainController - Inside admin/StudentTableList: {"iTotalRecords":6,"aaData":[{"gender":"M","dob":1997-12-05,"name":"test","mobile":"1236547890","id":29,"email":"test@gmail.com"},{"gender":"M","dob":1997-12-05,"name":"test","mobile":"1236547890","id":29,"email":"test@gmail.com"},{"gender":"M","dob":1997-11-11,"name":"Sreejith","mobile":"7896541320","id":25,"email":"sree@gamil.com"},{"gender":"M","dob":1996-11-11,"name":"Arun Kumar","mobile":"1478523690","id":26,"email":"adarsh@gmail.com"},{"gender":"M","dob":1997-12-12,"name":"Harichand","mobile":"123654789","id":27,"email":"harichand12cec@gmail.com"}],"iTotalDisplayRecords":6}
[DEBUG] 2019-10-08 16:55:43.509 [http-nio-8090-exec-2] MainController - Inside admin/StudentTableList: {"iTotalRecords":6,"aaData":[{"gender":"M","dob":1997-12-05,"name":"test","mobile":"1236547890","id":29,"email":"test@gmail.com"},{"gender":"M","dob":1997-12-05,"name":"test","mobile":"1236547890","id":29,"email":"test@gmail.com"},{"gender":"M","dob":1997-11-11,"name":"Sreejith","mobile":"7896541320","id":25,"email":"sree@gamil.com"},{"gender":"M","dob":1996-11-11,"name":"Arun Kumar","mobile":"1478523690","id":26,"email":"adarsh@gmail.com"},{"gender":"M","dob":1997-12-12,"name":"Harichand","mobile":"123654789","id":27,"email":"harichand12cec@gmail.com"}],"iTotalDisplayRecords":6}
[DEBUG] 2019-10-08 16:55:43.513 [http-nio-8090-exec-8] MainController - Inside admin/StudentTableList: {"iTotalRecords":6,"aaData":[{"gender":"M","dob":1997-12-05,"name":"test","mobile":"1236547890","id":29,"email":"test@gmail.com"},{"gender":"M","dob":1997-12-05,"name":"test","mobile":"1236547890","id":29,"email":"test@gmail.com"},{"gender":"M","dob":1997-11-11,"name":"Sreejith","mobile":"7896541320","id":25,"email":"sree@gamil.com"},{"gender":"M","dob":1996-11-11,"name":"Arun Kumar","mobile":"1478523690","id":26,"email":"adarsh@gmail.com"},{"gender":"M","dob":1997-12-12,"name":"Harichand","mobile":"123654789","id":27,"email":"harichand12cec@gmail.com"}],"iTotalDisplayRecords":6}
[DEBUG] 2019-10-08 16:55:43.529 [http-nio-8090-exec-7] MainController - Inside admin/StudentTableList: {"iTotalRecords":6,"aaData":[{"gender":"M","dob":1997-12-05,"name":"test","mobile":"1236547890","id":29,"email":"test@gmail.com"},{"gender":"M","dob":1997-12-05,"name":"test","mobile":"1236547890","id":29,"email":"test@gmail.com"},{"gender":"M","dob":1997-11-11,"name":"Sreejith","mobile":"7896541320","id":25,"email":"sree@gamil.com"},{"gender":"M","dob":1996-11-11,"name":"Arun Kumar","mobile":"1478523690","id":26,"email":"adarsh@gmail.com"},{"gender":"M","dob":1997-12-12,"name":"Harichand","mobile":"123654789","id":27,"email":"harichand12cec@gmail.com"}],"iTotalDisplayRecords":6}
[DEBUG] 2019-10-08 16:55:43.542 [http-nio-8090-exec-5] MainController - Inside admin/StudentTableList: {"iTotalRecords":6,"aaData":[{"gender":"M","dob":1997-12-05,"name":"test","mobile":"1236547890","id":29,"email":"test@gmail.com"},{"gender":"M","dob":1997-12-05,"name":"test","mobile":"1236547890","id":29,"email":"test@gmail.com"},{"gender":"M","dob":1997-11-11,"name":"Sreejith","mobile":"7896541320","id":25,"email":"sree@gamil.com"},{"gender":"M","dob":1996-11-11,"name":"Arun Kumar","mobile":"1478523690","id":26,"email":"adarsh@gmail.com"},{"gender":"M","dob":1997-12-12,"name":"Harichand","mobile":"123654789","id":27,"email":"harichand12cec@gmail.com"}],"iTotalDisplayRecords":6}
[DEBUG] 2019-10-08 16:55:43.544 [http-nio-8090-exec-1] MainController - Inside admin/StudentTableList: {"iTotalRecords":6,"aaData":[{"gender":"M","dob":1997-12-05,"name":"test","mobile":"1236547890","id":29,"email":"test@gmail.com"},{"gender":"M","dob":1997-12-05,"name":"test","mobile":"1236547890","id":29,"email":"test@gmail.com"},{"gender":"M","dob":1997-11-11,"name":"Sreejith","mobile":"7896541320","id":25,"email":"sree@gamil.com"},{"gender":"M","dob":1996-11-11,"name":"Arun Kumar","mobile":"1478523690","id":26,"email":"adarsh@gmail.com"},{"gender":"M","dob":1997-12-12,"name":"Harichand","mobile":"123654789","id":27,"email":"harichand12cec@gmail.com"}],"iTotalDisplayRecords":6}
[INFO ] 2019-10-08 17:31:48.264 [http-nio-8090-exec-9] MainController - Inside admin/StudentTableList
[INFO ] 2019-10-08 17:31:48.265 [http-nio-8090-exec-9] AdminServiceImpl - Inside getStudentDetails: 
[DEBUG] 2019-10-08 17:31:48.297 [http-nio-8090-exec-9] MainController - Inside admin/StudentTableList: {"iTotalRecords":6,"aaData":[{"gender":"M","dob":1997-12-05,"name":"test","mobile":"1236547890","id":29,"email":"test@gmail.com"},{"gender":"M","dob":1997-12-05,"name":"test","mobile":"1236547890","id":29,"email":"test@gmail.com"},{"gender":"M","dob":1997-11-11,"name":"Sreejith","mobile":"7896541320","id":25,"email":"sree@gamil.com"},{"gender":"M","dob":1996-11-11,"name":"Arun Kumar","mobile":"1478523690","id":26,"email":"adarsh@gmail.com"},{"gender":"M","dob":1997-12-12,"name":"Harichand","mobile":"123654789","id":27,"email":"harichand12cec@gmail.com"}],"iTotalDisplayRecords":6}
[INFO ] 2019-10-08 17:31:48.775 [http-nio-8090-exec-10] MainController - Inside admin/StudentTableList
[INFO ] 2019-10-08 17:31:48.775 [http-nio-8090-exec-10] AdminServiceImpl - Inside getStudentDetails: 
[DEBUG] 2019-10-08 17:31:48.796 [http-nio-8090-exec-10] MainController - Inside admin/StudentTableList: {"iTotalRecords":6,"aaData":[{"gender":"M","dob":1997-12-05,"name":"test","mobile":"1236547890","id":29,"email":"test@gmail.com"},{"gender":"M","dob":1997-12-05,"name":"test","mobile":"1236547890","id":29,"email":"test@gmail.com"},{"gender":"M","dob":1997-11-11,"name":"Sreejith","mobile":"7896541320","id":25,"email":"sree@gamil.com"},{"gender":"M","dob":1996-11-11,"name":"Arun Kumar","mobile":"1478523690","id":26,"email":"adarsh@gmail.com"},{"gender":"M","dob":1997-12-12,"name":"Harichand","mobile":"123654789","id":27,"email":"harichand12cec@gmail.com"}],"iTotalDisplayRecords":6}
[INFO ] 2019-10-08 17:34:13.695 [http-nio-8090-exec-3] MainController - Inside faculty/view
[INFO ] 2019-10-08 17:34:15.324 [http-nio-8090-exec-4] MainController - Inside admin/StudentTableList
[INFO ] 2019-10-08 17:34:15.324 [http-nio-8090-exec-4] AdminServiceImpl - Inside getStudentDetails: 
[DEBUG] 2019-10-08 17:34:15.365 [http-nio-8090-exec-4] MainController - Inside admin/StudentTableList: {"iTotalRecords":6,"aaData":[{"gender":"M","dob":1997-12-05,"name":"test","mobile":"1236547890","id":29,"email":"test@gmail.com"},{"gender":"M","dob":1997-12-05,"name":"test","mobile":"1236547890","id":29,"email":"test@gmail.com"},{"gender":"M","dob":1997-11-11,"name":"Sreejith","mobile":"7896541320","id":25,"email":"sree@gamil.com"},{"gender":"M","dob":1996-11-11,"name":"Arun Kumar","mobile":"1478523690","id":26,"email":"adarsh@gmail.com"},{"gender":"M","dob":1997-12-12,"name":"Harichand","mobile":"123654789","id":27,"email":"harichand12cec@gmail.com"}],"iTotalDisplayRecords":6}
