[INFO ] 2019-09-25 10:09:59.066 [http-nio-8090-exec-1] FacultyController - CourseTableList: {"iTotalRecords":6,"aaData":[{"courseName":"THEORY OF COMPUTATION New","shortD":"Course Objectives <br>1. Introduce the concept of formal languages.<br> 2. Discuss the Chomsky classification of formal languages with discussion on grammar and automata for <br> regular, context-free, context sensitive and unrestricted languages.<br> 3. Discuss the notions of decidability and halting problem.","courseId":"NULL"},{"courseName":"SYSTEM SOFTWARE","shortD":"Course Objectives<br>1. To make students understand the design concepts of various system software <br> like Assembler, Linker, Loader and Macro pre-processor, Utility Programs such as Text Editor and Debugger.","courseId":2},{"courseName":"DATA COMMUNICATION","shortD":"Course Objectives <br>1. To introduce fundamental communication models. <br>2. To discuss various time domain and frequency domain concepts of data communication. <br>3. To introduce the concepts of encoding, multiplexing and spread spectrum.","courseId":4},{"courseName":"GRAPH THEORY AND COMBINATORICS","shortD":"Course Objectives <br>To introduce the fundamental concepts in graph theory, including properties and characterization of graphs\/ trees<br> and Graphs theoretic algorithms","courseId":5},{"courseName":"Logic for Computer Science","shortD":"Course Objectives <br>1. To introduce the concepts of mathematical logic and its importance. <br>2. To discuss propositional, predicate, temporal and modal logic and their applications.","courseId":6}],"iTotalDisplayRecords":6}
[DEBUG] 2019-09-25 10:10:00.006 [pool-2-thread-1] MianServiceImpl - Debug Message Logged !!!
[INFO ] 2019-09-25 10:10:12.527 [http-nio-8090-exec-5] FacultyController - CourseTableList: {"iTotalRecords":6,"aaData":[{"courseName":"THEORY OF COMPUTATION New","shortD":"Course Objectives <br>1. Introduce the concept of formal languages.<br> 2. Discuss the Chomsky classification of formal languages with discussion on grammar and automata for <br> regular, context-free, context sensitive and unrestricted languages.<br> 3. Discuss the notions of decidability and halting problem.","courseId":"NULL"},{"courseName":"SYSTEM SOFTWARE","shortD":"Course Objectives<br>1. To make students understand the design concepts of various system software <br> like Assembler, Linker, Loader and Macro pre-processor, Utility Programs such as Text Editor and Debugger.","courseId":2},{"courseName":"DATA COMMUNICATION","shortD":"Course Objectives <br>1. To introduce fundamental communication models. <br>2. To discuss various time domain and frequency domain concepts of data communication. <br>3. To introduce the concepts of encoding, multiplexing and spread spectrum.","courseId":4},{"courseName":"GRAPH THEORY AND COMBINATORICS","shortD":"Course Objectives <br>To introduce the fundamental concepts in graph theory, including properties and characterization of graphs\/ trees<br> and Graphs theoretic algorithms","courseId":5},{"courseName":"Logic for Computer Science","shortD":"Course Objectives <br>1. To introduce the concepts of mathematical logic and its importance. <br>2. To discuss propositional, predicate, temporal and modal logic and their applications.","courseId":6}],"iTotalDisplayRecords":6}
[DEBUG] 2019-09-25 10:11:00.000 [pool-2-thread-1] MianServiceImpl - Debug Message Logged !!!
[DEBUG] 2019-09-25 10:12:00.001 [pool-2-thread-1] MianServiceImpl - Debug Message Logged !!!
[DEBUG] 2019-09-25 10:13:00.041 [pool-4-thread-1] MianServiceImpl - Debug Message Logged !!!
[INFO ] 2019-09-25 10:13:22.398 [http-nio-8090-exec-11] FacultyController - CourseTableList: {"iTotalRecords":6,"aaData":[{"courseName":"THEORY OF COMPUTATION New","shortD":"Course Objectives <br>1. Introduce the concept of formal languages.<br> 2. Discuss the Chomsky classification of formal languages with discussion on grammar and automata for <br> regular, context-free, context sensitive and unrestricted languages.<br> 3. Discuss the notions of decidability and halting problem.","courseId":"NULL"},{"courseName":"SYSTEM SOFTWARE","shortD":"Course Objectives<br>1. To make students understand the design concepts of various system software <br> like Assembler, Linker, Loader and Macro pre-processor, Utility Programs such as Text Editor and Debugger.","courseId":2},{"courseName":"DATA COMMUNICATION","shortD":"Course Objectives <br>1. To introduce fundamental communication models. <br>2. To discuss various time domain and frequency domain concepts of data communication. <br>3. To introduce the concepts of encoding, multiplexing and spread spectrum.","courseId":4},{"courseName":"GRAPH THEORY AND COMBINATORICS","shortD":"Course Objectives <br>To introduce the fundamental concepts in graph theory, including properties and characterization of graphs\/ trees<br> and Graphs theoretic algorithms","courseId":5},{"courseName":"Logic for Computer Science","shortD":"Course Objectives <br>1. To introduce the concepts of mathematical logic and its importance. <br>2. To discuss propositional, predicate, temporal and modal logic and their applications.","courseId":6}],"iTotalDisplayRecords":6}
[DEBUG] 2019-09-25 10:14:00.001 [pool-4-thread-1] MianServiceImpl - Debug Message Logged !!!
[DEBUG] 2019-09-25 10:15:00.000 [pool-4-thread-1] MianServiceImpl - Debug Message Logged !!!
[INFO ] 2019-09-25 10:15:00.369 [http-nio-8090-exec-6] FacultyController - CourseTableList: {"iTotalRecords":6,"aaData":[{"courseName":"THEORY OF COMPUTATION New","shortD":"Course Objectives <br>1. Introduce the concept of formal languages.<br> 2. Discuss the Chomsky classification of formal languages with discussion on grammar and automata for <br> regular, context-free, context sensitive and unrestricted languages.<br> 3. Discuss the notions of decidability and halting problem.","courseId":"NULL"},{"courseName":"SYSTEM SOFTWARE","shortD":"Course Objectives<br>1. To make students understand the design concepts of various system software <br> like Assembler, Linker, Loader and Macro pre-processor, Utility Programs such as Text Editor and Debugger.","courseId":2},{"courseName":"DATA COMMUNICATION","shortD":"Course Objectives <br>1. To introduce fundamental communication models. <br>2. To discuss various time domain and frequency domain concepts of data communication. <br>3. To introduce the concepts of encoding, multiplexing and spread spectrum.","courseId":4},{"courseName":"GRAPH THEORY AND COMBINATORICS","shortD":"Course Objectives <br>To introduce the fundamental concepts in graph theory, including properties and characterization of graphs\/ trees<br> and Graphs theoretic algorithms","courseId":5},{"courseName":"Logic for Computer Science","shortD":"Course Objectives <br>1. To introduce the concepts of mathematical logic and its importance. <br>2. To discuss propositional, predicate, temporal and modal logic and their applications.","courseId":6}],"iTotalDisplayRecords":6}
[ERROR] 2019-09-25 10:15:01.811 [pool-4-thread-1] MianServiceImpl - Inside MyTasklet.execute(): 
org.springframework.mail.MailSendException: Mail server connection failed; nested exception is javax.mail.MessagingException: Unknown SMTP host: smtp.gmail.com;
  nested exception is:
	java.net.UnknownHostException: smtp.gmail.com. Failed messages: javax.mail.MessagingException: Unknown SMTP host: smtp.gmail.com;
  nested exception is:
	java.net.UnknownHostException: smtp.gmail.com
	at org.springframework.mail.javamail.JavaMailSenderImpl.doSend(JavaMailSenderImpl.java:432) ~[spring-context-support-4.2.6.RELEASE.jar:4.2.6.RELEASE]
	at org.springframework.mail.javamail.JavaMailSenderImpl.send(JavaMailSenderImpl.java:345) ~[spring-context-support-4.2.6.RELEASE.jar:4.2.6.RELEASE]
	at org.springframework.mail.javamail.JavaMailSenderImpl.send(JavaMailSenderImpl.java:362) ~[spring-context-support-4.2.6.RELEASE.jar:4.2.6.RELEASE]
	at org.springframework.mail.javamail.JavaMailSenderImpl.send(JavaMailSenderImpl.java:350) ~[spring-context-support-4.2.6.RELEASE.jar:4.2.6.RELEASE]
	at com.interland.OnlineCourse.service.MianServiceImpl.mailShcedule(MianServiceImpl.java:98) [classes/:?]
	at java.base/jdk.internal.reflect.NativeMethodAccessorImpl.invoke0(Native Method) ~[?:?]
	at java.base/jdk.internal.reflect.NativeMethodAccessorImpl.invoke(NativeMethodAccessorImpl.java:62) ~[?:?]
	at java.base/jdk.internal.reflect.DelegatingMethodAccessorImpl.invoke(DelegatingMethodAccessorImpl.java:43) ~[?:?]
	at java.base/java.lang.reflect.Method.invoke(Method.java:566) ~[?:?]
	at org.springframework.scheduling.support.ScheduledMethodRunnable.run(ScheduledMethodRunnable.java:65) [spring-context-4.2.6.RELEASE.jar:4.2.6.RELEASE]
	at org.springframework.scheduling.support.DelegatingErrorHandlingRunnable.run(DelegatingErrorHandlingRunnable.java:54) [spring-context-4.2.6.RELEASE.jar:4.2.6.RELEASE]
	at org.springframework.scheduling.concurrent.ReschedulingRunnable.run(ReschedulingRunnable.java:81) [spring-context-4.2.6.RELEASE.jar:4.2.6.RELEASE]
	at java.base/java.util.concurrent.Executors$RunnableAdapter.call(Executors.java:515) [?:?]
	at java.base/java.util.concurrent.FutureTask.run(FutureTask.java:264) [?:?]
	at java.base/java.util.concurrent.ScheduledThreadPoolExecutor$ScheduledFutureTask.run(ScheduledThreadPoolExecutor.java:304) [?:?]
	at java.base/java.util.concurrent.ThreadPoolExecutor.runWorker(ThreadPoolExecutor.java:1128) [?:?]
	at java.base/java.util.concurrent.ThreadPoolExecutor$Worker.run(ThreadPoolExecutor.java:628) [?:?]
	at java.base/java.lang.Thread.run(Thread.java:834) [?:?]
Caused by: javax.mail.MessagingException: Unknown SMTP host: smtp.gmail.com
	at com.sun.mail.smtp.SMTPTransport.openServer(SMTPTransport.java:1280) ~[mail-1.4.jar:1.4]
	at com.sun.mail.smtp.SMTPTransport.protocolConnect(SMTPTransport.java:370) ~[mail-1.4.jar:1.4]
	at javax.mail.Service.connect(Service.java:275) ~[mail-1.4.jar:1.4]
	at org.springframework.mail.javamail.JavaMailSenderImpl.connectTransport(JavaMailSenderImpl.java:501) ~[spring-context-support-4.2.6.RELEASE.jar:4.2.6.RELEASE]
	at org.springframework.mail.javamail.JavaMailSenderImpl.doSend(JavaMailSenderImpl.java:421) ~[spring-context-support-4.2.6.RELEASE.jar:4.2.6.RELEASE]
	... 17 more
Caused by: java.net.UnknownHostException: smtp.gmail.com
	at java.base/java.net.AbstractPlainSocketImpl.connect(AbstractPlainSocketImpl.java:220) ~[?:?]
	at java.base/java.net.SocksSocketImpl.connect(SocksSocketImpl.java:403) ~[?:?]
	at java.base/java.net.Socket.connect(Socket.java:591) ~[?:?]
	at java.base/java.net.Socket.connect(Socket.java:540) ~[?:?]
	at com.sun.mail.util.SocketFetcher.createSocket(SocketFetcher.java:232) ~[mail-1.4.jar:1.4]
	at com.sun.mail.util.SocketFetcher.getSocket(SocketFetcher.java:189) ~[mail-1.4.jar:1.4]
	at com.sun.mail.smtp.SMTPTransport.openServer(SMTPTransport.java:1250) ~[mail-1.4.jar:1.4]
	at com.sun.mail.smtp.SMTPTransport.protocolConnect(SMTPTransport.java:370) ~[mail-1.4.jar:1.4]
	at javax.mail.Service.connect(Service.java:275) ~[mail-1.4.jar:1.4]
	at org.springframework.mail.javamail.JavaMailSenderImpl.connectTransport(JavaMailSenderImpl.java:501) ~[spring-context-support-4.2.6.RELEASE.jar:4.2.6.RELEASE]
	at org.springframework.mail.javamail.JavaMailSenderImpl.doSend(JavaMailSenderImpl.java:421) ~[spring-context-support-4.2.6.RELEASE.jar:4.2.6.RELEASE]
	... 17 more
[DEBUG] 2019-09-25 10:16:00.000 [pool-4-thread-1] MianServiceImpl - Debug Message Logged !!!
[ERROR] 2019-09-25 10:16:00.031 [pool-4-thread-1] MianServiceImpl - Inside MyTasklet.execute(): 
org.springframework.mail.MailSendException: Mail server connection failed; nested exception is javax.mail.MessagingException: Unknown SMTP host: smtp.gmail.com;
  nested exception is:
	java.net.UnknownHostException: smtp.gmail.com. Failed messages: javax.mail.MessagingException: Unknown SMTP host: smtp.gmail.com;
  nested exception is:
	java.net.UnknownHostException: smtp.gmail.com
	at org.springframework.mail.javamail.JavaMailSenderImpl.doSend(JavaMailSenderImpl.java:432) ~[spring-context-support-4.2.6.RELEASE.jar:4.2.6.RELEASE]
	at org.springframework.mail.javamail.JavaMailSenderImpl.send(JavaMailSenderImpl.java:345) ~[spring-context-support-4.2.6.RELEASE.jar:4.2.6.RELEASE]
	at org.springframework.mail.javamail.JavaMailSenderImpl.send(JavaMailSenderImpl.java:362) ~[spring-context-support-4.2.6.RELEASE.jar:4.2.6.RELEASE]
	at org.springframework.mail.javamail.JavaMailSenderImpl.send(JavaMailSenderImpl.java:350) ~[spring-context-support-4.2.6.RELEASE.jar:4.2.6.RELEASE]
	at com.interland.OnlineCourse.service.MianServiceImpl.mailShcedule(MianServiceImpl.java:98) [classes/:?]
	at java.base/jdk.internal.reflect.NativeMethodAccessorImpl.invoke0(Native Method) ~[?:?]
	at java.base/jdk.internal.reflect.NativeMethodAccessorImpl.invoke(NativeMethodAccessorImpl.java:62) ~[?:?]
	at java.base/jdk.internal.reflect.DelegatingMethodAccessorImpl.invoke(DelegatingMethodAccessorImpl.java:43) ~[?:?]
	at java.base/java.lang.reflect.Method.invoke(Method.java:566) ~[?:?]
	at org.springframework.scheduling.support.ScheduledMethodRunnable.run(ScheduledMethodRunnable.java:65) [spring-context-4.2.6.RELEASE.jar:4.2.6.RELEASE]
	at org.springframework.scheduling.support.DelegatingErrorHandlingRunnable.run(DelegatingErrorHandlingRunnable.java:54) [spring-context-4.2.6.RELEASE.jar:4.2.6.RELEASE]
	at org.springframework.scheduling.concurrent.ReschedulingRunnable.run(ReschedulingRunnable.java:81) [spring-context-4.2.6.RELEASE.jar:4.2.6.RELEASE]
	at java.base/java.util.concurrent.Executors$RunnableAdapter.call(Executors.java:515) [?:?]
	at java.base/java.util.concurrent.FutureTask.run(FutureTask.java:264) [?:?]
	at java.base/java.util.concurrent.ScheduledThreadPoolExecutor$ScheduledFutureTask.run(ScheduledThreadPoolExecutor.java:304) [?:?]
	at java.base/java.util.concurrent.ThreadPoolExecutor.runWorker(ThreadPoolExecutor.java:1128) [?:?]
	at java.base/java.util.concurrent.ThreadPoolExecutor$Worker.run(ThreadPoolExecutor.java:628) [?:?]
	at java.base/java.lang.Thread.run(Thread.java:834) [?:?]
Caused by: javax.mail.MessagingException: Unknown SMTP host: smtp.gmail.com
	at com.sun.mail.smtp.SMTPTransport.openServer(SMTPTransport.java:1280) ~[mail-1.4.jar:1.4]
	at com.sun.mail.smtp.SMTPTransport.protocolConnect(SMTPTransport.java:370) ~[mail-1.4.jar:1.4]
	at javax.mail.Service.connect(Service.java:275) ~[mail-1.4.jar:1.4]
	at org.springframework.mail.javamail.JavaMailSenderImpl.connectTransport(JavaMailSenderImpl.java:501) ~[spring-context-support-4.2.6.RELEASE.jar:4.2.6.RELEASE]
	at org.springframework.mail.javamail.JavaMailSenderImpl.doSend(JavaMailSenderImpl.java:421) ~[spring-context-support-4.2.6.RELEASE.jar:4.2.6.RELEASE]
	... 17 more
Caused by: java.net.UnknownHostException: smtp.gmail.com
	at java.base/java.net.AbstractPlainSocketImpl.connect(AbstractPlainSocketImpl.java:220) ~[?:?]
	at java.base/java.net.SocksSocketImpl.connect(SocksSocketImpl.java:403) ~[?:?]
	at java.base/java.net.Socket.connect(Socket.java:591) ~[?:?]
	at java.base/java.net.Socket.connect(Socket.java:540) ~[?:?]
	at com.sun.mail.util.SocketFetcher.createSocket(SocketFetcher.java:232) ~[mail-1.4.jar:1.4]
	at com.sun.mail.util.SocketFetcher.getSocket(SocketFetcher.java:189) ~[mail-1.4.jar:1.4]
	at com.sun.mail.smtp.SMTPTransport.openServer(SMTPTransport.java:1250) ~[mail-1.4.jar:1.4]
	at com.sun.mail.smtp.SMTPTransport.protocolConnect(SMTPTransport.java:370) ~[mail-1.4.jar:1.4]
	at javax.mail.Service.connect(Service.java:275) ~[mail-1.4.jar:1.4]
	at org.springframework.mail.javamail.JavaMailSenderImpl.connectTransport(JavaMailSenderImpl.java:501) ~[spring-context-support-4.2.6.RELEASE.jar:4.2.6.RELEASE]
	at org.springframework.mail.javamail.JavaMailSenderImpl.doSend(JavaMailSenderImpl.java:421) ~[spring-context-support-4.2.6.RELEASE.jar:4.2.6.RELEASE]
	... 17 more
[INFO ] 2019-09-25 10:56:17.934 [http-nio-8090-exec-9] FacultyController - CourseTableList: {"iTotalRecords":6,"aaData":[{"courseName":"THEORY OF COMPUTATION New","shortD":"Course Objectives <br>1. Introduce the concept of formal languages.<br> 2. Discuss the Chomsky classification of formal languages with discussion on grammar and automata for <br> regular, context-free, context sensitive and unrestricted languages.<br> 3. Discuss the notions of decidability and halting problem.","courseId":"NULL"},{"courseName":"SYSTEM SOFTWARE","shortD":"Course Objectives<br>1. To make students understand the design concepts of various system software <br> like Assembler, Linker, Loader and Macro pre-processor, Utility Programs such as Text Editor and Debugger.","courseId":2},{"courseName":"DATA COMMUNICATION","shortD":"Course Objectives <br>1. To introduce fundamental communication models. <br>2. To discuss various time domain and frequency domain concepts of data communication. <br>3. To introduce the concepts of encoding, multiplexing and spread spectrum.","courseId":4},{"courseName":"GRAPH THEORY AND COMBINATORICS","shortD":"Course Objectives <br>To introduce the fundamental concepts in graph theory, including properties and characterization of graphs\/ trees<br> and Graphs theoretic algorithms","courseId":5},{"courseName":"Logic for Computer Science","shortD":"Course Objectives <br>1. To introduce the concepts of mathematical logic and its importance. <br>2. To discuss propositional, predicate, temporal and modal logic and their applications.","courseId":6}],"iTotalDisplayRecords":6}
[INFO ] 2019-09-25 11:07:00.839 [http-nio-8090-exec-4] FacultyController - CourseTableList: {"iTotalRecords":6,"aaData":[{"courseName":"THEORY OF COMPUTATION New","shortD":"Course Objectives <br>1. Introduce the concept of formal languages.<br> 2. Discuss the Chomsky classification of formal languages with discussion on grammar and automata for <br> regular, context-free, context sensitive and unrestricted languages.<br> 3. Discuss the notions of decidability and halting problem.","courseId":"NULL"},{"courseName":"SYSTEM SOFTWARE","shortD":"Course Objectives<br>1. To make students understand the design concepts of various system software <br> like Assembler, Linker, Loader and Macro pre-processor, Utility Programs such as Text Editor and Debugger.","courseId":2},{"courseName":"DATA COMMUNICATION","shortD":"Course Objectives <br>1. To introduce fundamental communication models. <br>2. To discuss various time domain and frequency domain concepts of data communication. <br>3. To introduce the concepts of encoding, multiplexing and spread spectrum.","courseId":4},{"courseName":"GRAPH THEORY AND COMBINATORICS","shortD":"Course Objectives <br>To introduce the fundamental concepts in graph theory, including properties and characterization of graphs\/ trees<br> and Graphs theoretic algorithms","courseId":5},{"courseName":"Logic for Computer Science","shortD":"Course Objectives <br>1. To introduce the concepts of mathematical logic and its importance. <br>2. To discuss propositional, predicate, temporal and modal logic and their applications.","courseId":6}],"iTotalDisplayRecords":6}
[INFO ] 2019-09-25 11:13:13.271 [http-nio-8090-exec-4] FacultyController - CourseTableList: {"iTotalRecords":6,"aaData":[{"courseName":"THEORY OF COMPUTATION New","shortD":"Course Objectives <br>1. Introduce the concept of formal languages.<br> 2. Discuss the Chomsky classification of formal languages with discussion on grammar and automata for <br> regular, context-free, context sensitive and unrestricted languages.<br> 3. Discuss the notions of decidability and halting problem.","courseId":"NULL"},{"courseName":"SYSTEM SOFTWARE","shortD":"Course Objectives<br>1. To make students understand the design concepts of various system software <br> like Assembler, Linker, Loader and Macro pre-processor, Utility Programs such as Text Editor and Debugger.","courseId":2},{"courseName":"DATA COMMUNICATION","shortD":"Course Objectives <br>1. To introduce fundamental communication models. <br>2. To discuss various time domain and frequency domain concepts of data communication. <br>3. To introduce the concepts of encoding, multiplexing and spread spectrum.","courseId":4},{"courseName":"GRAPH THEORY AND COMBINATORICS","shortD":"Course Objectives <br>To introduce the fundamental concepts in graph theory, including properties and characterization of graphs\/ trees<br> and Graphs theoretic algorithms","courseId":5},{"courseName":"Logic for Computer Science","shortD":"Course Objectives <br>1. To introduce the concepts of mathematical logic and its importance. <br>2. To discuss propositional, predicate, temporal and modal logic and their applications.","courseId":6}],"iTotalDisplayRecords":6}
[INFO ] 2019-09-25 11:13:48.069 [http-nio-8090-exec-7] FacultyController - CourseTableList: {"iTotalRecords":6,"aaData":[{"courseName":"THEORY OF COMPUTATION New","shortD":"Course Objectives <br>1. Introduce the concept of formal languages.<br> 2. Discuss the Chomsky classification of formal languages with discussion on grammar and automata for <br> regular, context-free, context sensitive and unrestricted languages.<br> 3. Discuss the notions of decidability and halting problem.","courseId":"NULL"},{"courseName":"SYSTEM SOFTWARE","shortD":"Course Objectives<br>1. To make students understand the design concepts of various system software <br> like Assembler, Linker, Loader and Macro pre-processor, Utility Programs such as Text Editor and Debugger.","courseId":2},{"courseName":"DATA COMMUNICATION","shortD":"Course Objectives <br>1. To introduce fundamental communication models. <br>2. To discuss various time domain and frequency domain concepts of data communication. <br>3. To introduce the concepts of encoding, multiplexing and spread spectrum.","courseId":4},{"courseName":"GRAPH THEORY AND COMBINATORICS","shortD":"Course Objectives <br>To introduce the fundamental concepts in graph theory, including properties and characterization of graphs\/ trees<br> and Graphs theoretic algorithms","courseId":5},{"courseName":"Logic for Computer Science","shortD":"Course Objectives <br>1. To introduce the concepts of mathematical logic and its importance. <br>2. To discuss propositional, predicate, temporal and modal logic and their applications.","courseId":6}],"iTotalDisplayRecords":6}
[INFO ] 2019-09-25 11:13:53.457 [http-nio-8090-exec-9] FacultyController - CourseTableList: {"iTotalRecords":6,"aaData":[{"courseName":"THEORY OF COMPUTATION New","shortD":"Course Objectives <br>1. Introduce the concept of formal languages.<br> 2. Discuss the Chomsky classification of formal languages with discussion on grammar and automata for <br> regular, context-free, context sensitive and unrestricted languages.<br> 3. Discuss the notions of decidability and halting problem.","courseId":"NULL"},{"courseName":"SYSTEM SOFTWARE","shortD":"Course Objectives<br>1. To make students understand the design concepts of various system software <br> like Assembler, Linker, Loader and Macro pre-processor, Utility Programs such as Text Editor and Debugger.","courseId":"NULL"},{"courseName":"DATA COMMUNICATION","shortD":"Course Objectives <br>1. To introduce fundamental communication models. <br>2. To discuss various time domain and frequency domain concepts of data communication. <br>3. To introduce the concepts of encoding, multiplexing and spread spectrum.","courseId":4},{"courseName":"GRAPH THEORY AND COMBINATORICS","shortD":"Course Objectives <br>To introduce the fundamental concepts in graph theory, including properties and characterization of graphs\/ trees<br> and Graphs theoretic algorithms","courseId":5},{"courseName":"Logic for Computer Science","shortD":"Course Objectives <br>1. To introduce the concepts of mathematical logic and its importance. <br>2. To discuss propositional, predicate, temporal and modal logic and their applications.","courseId":6}],"iTotalDisplayRecords":6}
[INFO ] 2019-09-25 11:14:45.032 [http-nio-8090-exec-8] FacultyController - CourseTableList: {"iTotalRecords":6,"aaData":[{"courseName":"THEORY OF COMPUTATION New","shortD":"Course Objectives <br>1. Introduce the concept of formal languages.<br> 2. Discuss the Chomsky classification of formal languages with discussion on grammar and automata for <br> regular, context-free, context sensitive and unrestricted languages.<br> 3. Discuss the notions of decidability and halting problem.","courseId":"NULL"},{"courseName":"SYSTEM SOFTWARE","shortD":"Course Objectives<br>1. To make students understand the design concepts of various system software <br> like Assembler, Linker, Loader and Macro pre-processor, Utility Programs such as Text Editor and Debugger.","courseId":"NULL"},{"courseName":"DATA COMMUNICATION","shortD":"Course Objectives <br>1. To introduce fundamental communication models. <br>2. To discuss various time domain and frequency domain concepts of data communication. <br>3. To introduce the concepts of encoding, multiplexing and spread spectrum.","courseId":4},{"courseName":"GRAPH THEORY AND COMBINATORICS","shortD":"Course Objectives <br>To introduce the fundamental concepts in graph theory, including properties and characterization of graphs\/ trees<br> and Graphs theoretic algorithms","courseId":5},{"courseName":"Logic for Computer Science","shortD":"Course Objectives <br>1. To introduce the concepts of mathematical logic and its importance. <br>2. To discuss propositional, predicate, temporal and modal logic and their applications.","courseId":6}],"iTotalDisplayRecords":6}
